#
# A fatal error has been detected by the Java Runtime Environment:
#
#  SIGSEGV (0xb) at pc=0x00000000002903e2, pid=14502, tid=139919788861184
#
# JRE version: OpenJDK Runtime Environment (7.0_79-b14) (build 1.7.0_79-b14)
# Java VM: OpenJDK 64-Bit Server VM (24.79-b02 mixed mode linux-amd64 compressed oops)
# Derivative: IcedTea 2.5.6
# Distribution: Ubuntu 14.04 LTS, package 7u79-2.5.6-0ubuntu1.14.04.1
# Problematic frame:
# C  0x00000000002903e2
#
# Failed to write core dump. Core dumps have been disabled. To enable core dumping, try "ulimit -c unlimited" before starting Java again
#
# If you would like to submit a bug report, please include
# instructions on how to reproduce the bug and visit:
#   http://icedtea.classpath.org/bugzilla
#

---------------  T H R E A D  ---------------

Current thread (0x00007f4198023800):  GCTaskThread [stack: 0x00007f419d3fe000,0x00007f419d4ff000] [id=14509]

siginfo:si_signo=SIGSEGV: si_errno=0, si_code=1 (SEGV_MAPERR), si_addr=0x00000000002903e2

Registers:
RAX=0x00000000b2000100, RBX=0x00000000b2162de8, RCX=0x0000000000000000, RDX=0x00000000b2162c78
RSP=0x00007f419d4fdd18, RBP=0x00007f419d4fdda0, RSI=0x00007f4198073790, RDI=0x00000000b2163840
R8 =0x0000000000000000, R9 =0x0000000000000000, R10=0x0000000000000001, R11=0x00007f4198024568
R12=0x00007f41a01e35c3, R13=0x00000000b2162c78, R14=0x00007f419d8e81a1, R15=0x00007f419801d240
RIP=0x00000000002903e2, EFLAGS=0x0000000000010213, CSGSFS=0x0000000000000033, ERR=0x0000000000000014
  TRAPNO=0x000000000000000e

Top of Stack: (sp=0x00007f419d4fdd18)
0x00007f419d4fdd18:   00007f419f7bc0a4 00007f419d8e81a2
0x00007f419d4fdd28:   00000000b22343b8 00007f4198073790
0x00007f419d4fdd38:   00007f419d8e7b18 00007f419d8e7b17
0x00007f419d4fdd48:   00000000b2162bf8 00007f419d8e7b17
0x00007f419d4fdd58:   00007f419801b060 00007f419d8e7b16
0x00007f419d4fdd68:   00000000b2162e68 00007f419d4fdd90
0x00007f419d4fdd78:   00007f4198073790 00007f4198027df0
0x00007f419d4fdd88:   00007f419fdb2a60 00007f4198023800
0x00007f419d4fdd98:   00007f41a01e33ea 00007f419d4fddc0
0x00007f419d4fdda8:   00007f419fc378ef 0000000000000001
0x00007f419d4fddb8:   00007f4198027df0 00007f419d4fded0
0x00007f419d4fddc8:   00007f419f9490e2 00000000000003d8
0x00007f419d4fddd8:   00007f4198024568 00007f4198024190
0x00007f419d4fdde8:   00007f419d4fde60 00007f4198024150
0x00007f419d4fddf8:   00007f4198024180 00007f419d4fde10
0x00007f419d4fde08:   0000000000000000 0000000000000000
0x00007f419d4fde18:   00007f4198024f00 00007f4198023800
0x00007f419d4fde28:   00007f4198024570 00007f41980245b0
0x00007f419d4fde38:   00007f41980245c0 00007f4198024998
0x00007f419d4fde48:   00000000000003d8 00007f41980249a0
0x00007f419d4fde58:   00007f4198025310 00007f4198023800
0x00007f419d4fde68:   00007f4198024570 00007f41980245b0
0x00007f419d4fde78:   00007f41980245c0 00007f4198024998
0x00007f419d4fde88:   00000000000003d8 00007f419d4fde20
0x00007f419d4fde98:   00007f4198023800 00007f4198023800
0x00007f419d4fdea8:   00007f4198025310 00007f4198025220
0x00007f419d4fdeb8:   00007f4198023800 00007f419d4fe9c0
0x00007f419d4fdec8:   00007f419d4fe700 00007f419d4fdf10
0x00007f419d4fded8:   00007f419fbc8f62 0000000000000000
0x00007f419d4fdee8:   00007f419d4fe700 0000000000000000
0x00007f419d4fdef8:   0000000000000000 00007f419d4fe9c0
0x00007f419d4fdf08:   00007f419d4fe700 0000000000000000 

Instructions: (pc=0x00000000002903e2)
0x00000000002903c2:   
[error occurred during error reporting (printing registers, top of stack, instructions near pc), id 0xb]

Register to memory mapping:

RAX=0x00000000b2000100 is pointing into object: 0x00000000b20000b8
{constMethod} 
 - klass: {other class}
 - constants:       0x00000000b1ffdf08 constant pool [606] for 'com/android/build/gradle/internal/scope/VariantScopeImpl' cache=0x00000000b2006850
RBX=0x00000000b2162de8 is an oop
{method} 
 - klass: {other class}
RCX=0x0000000000000000 is an unknown value
RDX=0x00000000b2162c78 is pointing into object: 0x00000000b2162bf8
[B 
 - klass: {type array byte}
 - length: 124
RSP=0x00007f419d4fdd18 is an unknown value
RBP=0x00007f419d4fdda0 is an unknown value
RSI=0x00007f4198073790 is an unknown value
RDI=0x00000000b2163840 is pointing into object: 0x00000000b2163830
[B 
 - klass: {type array byte}
 - length: 6
R8 =0x0000000000000000 is an unknown value
R9 =0x0000000000000000 is an unknown value
R10=0x0000000000000001 is an unknown value
R11=0x00007f4198024568 is an unknown value
R12=0x00007f41a01e35c3: <offset 0xddf5c3> in /usr/lib/jvm/java-7-openjdk-amd64/jre/lib/amd64/server/libjvm.so at 0x00007f419f404000
R13=0x00000000b2162c78 is pointing into object: 0x00000000b2162bf8
[B 
 - klass: {type array byte}
 - length: 124
R14=0x00007f419d8e81a1 is an unknown value
R15=0x00007f419801d240 is an unknown value


Stack: [0x00007f419d3fe000,0x00007f419d4ff000],  sp=0x00007f419d4fdd18,  free space=1023k
Native frames: (J=compiled Java code, j=interpreted, Vv=VM code, C=native code)
C  0x00000000002903e2
V  [libjvm.so+0x8338ef]  SerialOldToYoungRootsTask::do_it(GCTaskManager*, unsigned int)+0x3f
V  [libjvm.so+0x5450e2]  GCTaskThread::run()+0x162
V  [libjvm.so+0x7c4f62]  java_start(Thread*)+0xf2


---------------  P R O C E S S  ---------------

Java Threads: ( => current thread )
  0x00007f414c4ea000 JavaThread "File lock request listener" [_thread_in_native, id=14529, stack(0x00007f418d958000,0x00007f418da59000)]
  0x00007f414c341000 JavaThread "process reaper" daemon [_thread_blocked, id=14528, stack(0x00007f418da59000,0x00007f418da92000)]
  0x00007f414c027800 JavaThread "Stdin handler" [_thread_blocked, id=14526, stack(0x00007f418dafd000,0x00007f418dbfe000)]
  0x00007f4150008000 JavaThread "Daemon worker" [_thread_blocked, id=14523, stack(0x00007f418dbfe000,0x00007f418dcff000)]
  0x00007f4150003800 JavaThread "Cancel handler" [_thread_blocked, id=14522, stack(0x00007f418dcff000,0x00007f418de00000)]
  0x00007f4150006800 JavaThread "Handler for socket connection from /127.0.0.1:39054 to /127.0.0.1:53344" [_thread_in_native, id=14521, stack(0x00007f418de00000,0x00007f418df01000)]
  0x00007f415c02f800 JavaThread "Daemon" [_thread_blocked, id=14520, stack(0x00007f418df01000,0x00007f418e002000)]
  0x00007f4198a8f800 JavaThread "Incoming local TCP Connector on port 39054" [_thread_in_native, id=14519, stack(0x00007f418e002000,0x00007f418e103000)]
  0x00007f41980ae000 JavaThread "Service Thread" daemon [_thread_blocked, id=14517, stack(0x00007f418feff000,0x00007f4190000000)]
  0x00007f41980ac000 JavaThread "C2 CompilerThread1" daemon [_thread_blocked, id=14516, stack(0x00007f4194015000,0x00007f4194116000)]
  0x00007f41980a9000 JavaThread "C2 CompilerThread0" daemon [_thread_blocked, id=14515, stack(0x00007f4194116000,0x00007f4194217000)]
  0x00007f41980a7000 JavaThread "Signal Dispatcher" daemon [_thread_blocked, id=14514, stack(0x00007f4194217000,0x00007f4194318000)]
  0x00007f419807c000 JavaThread "Finalizer" daemon [_thread_blocked, id=14513, stack(0x00007f41949fa000,0x00007f4194afb000)]
  0x00007f419807a000 JavaThread "Reference Handler" daemon [_thread_blocked, id=14512, stack(0x00007f4194afb000,0x00007f4194bfc000)]
  0x00007f419800a000 JavaThread "main" [_thread_blocked, id=14506, stack(0x00007f41a0f10000,0x00007f41a1011000)]

Other Threads:
  0x00007f4198075800 VMThread [stack: 0x00007f4194bfc000,0x00007f4194cfd000] [id=14511]
  0x00007f41980b9000 WatcherThread [stack: 0x00007f418fdfe000,0x00007f418feff000] [id=14518]

=>0x00007f4198023800 (exited) GCTaskThread [stack: 0x00007f419d3fe000,0x00007f419d4ff000] [id=14509]

VM state:at safepoint (normal execution)

VM Mutex/Monitor currently owned by a thread:  ([mutex/lock_event])
[0x00007f41980067d0] Threads_lock - owner thread: 0x00007f4198075800
[0x00007f4198006cd0] Heap_lock - owner thread: 0x00007f4150008000

Heap
 PSYoungGen      total 102912K, used 102905K [0x00000000eaa80000, 0x00000000f8580000, 0x0000000100000000)
  eden space 95232K, 100% used [0x00000000eaa80000,0x00000000f0780000,0x00000000f0780000)
  from space 7680K, 99% used [0x00000000f0780000,0x00000000f0efe5b8,0x00000000f0f00000)
  to   space 16896K, 99% used [0x00000000f7500000,0x00000000f857d3e0,0x00000000f8580000)
 ParOldGen       total 124928K, used 15166K [0x00000000c0000000, 0x00000000c7a00000, 0x00000000eaa80000)
  object space 124928K, 12% used [0x00000000c0000000,0x00000000c0ecfa78,0x00000000c7a00000)
 PSPermGen       total 35328K, used 35024K [0x00000000b0000000, 0x00000000b2280000, 0x00000000c0000000)
  object space 35328K, 99% used [0x00000000b0000000,0x00000000b22343b8,0x00000000b2280000)

Card table byte_map: [0x00007f419d8d7000,0x00007f419db58000] byte_map_base: 0x00007f419d357000

Polling page: 0x00007f41a1035000

Code Cache  [0x00007f4195000000, 0x00007f4195340000, 0x00007f4198000000)
 total_blobs=1251 nmethods=647 adapters=556 free_code_cache=45913Kb largest_free_block=46979008

Compilation events (10 events):
Event: 6.035 Thread 0x00007f41980a9000 nmethod 673 0x00007f4195316f10 code [0x00007f4195317040, 0x00007f4195317098]
Event: 6.035 Thread 0x00007f41980a9000  674             com.sun.beans.TypeResolver::getActualType (24 bytes)
Event: 6.043 Thread 0x00007f41980a9000 nmethod 674 0x00007f41953313d0 code [0x00007f4195331620, 0x00007f4195331c88]
Event: 6.043 Thread 0x00007f41980a9000  675             java.util.LinkedHashMap::get (25 bytes)
Event: 6.048 Thread 0x00007f41980a9000 nmethod 675 0x00007f41952c2450 code [0x00007f41952c25e0, 0x00007f41952c28d8]
Event: 6.048 Thread 0x00007f41980a9000  676             java.lang.reflect.Method::isBridge (16 bytes)
Event: 6.049 Thread 0x00007f41980a9000 nmethod 676 0x00007f41952c2c90 code [0x00007f41952c2dc0, 0x00007f41952c2e18]
Event: 6.049 Thread 0x00007f41980a9000  677             org.codehaus.groovy.reflection.GeneratedMetaMethod::getModifiers (2 bytes)
Event: 6.049 Thread 0x00007f41980a9000 nmethod 677 0x00007f4195316d10 code [0x00007f4195316e40, 0x00007f4195316e98]
Event: 6.049 Thread 0x00007f41980a9000  678   !         com.sun.beans.TypeResolver::resolve (274 bytes)

GC Heap History (10 events):
Event: 0.805 GC heap after
Heap after GC invocations=1 (full 0):
 PSYoungGen      total 55296K, used 5612K [0x00000000eaa80000, 0x00000000ee800000, 0x0000000100000000)
  eden space 47616K, 0% used [0x00000000eaa80000,0x00000000eaa80000,0x00000000ed900000)
  from space 7680K, 73% used [0x00000000ed900000,0x00000000ede7b000,0x00000000ee080000)
  to   space 7680K, 0% used [0x00000000ee080000,0x00000000ee080000,0x00000000ee800000)
 ParOldGen       total 124928K, used 8K [0x00000000c0000000, 0x00000000c7a00000, 0x00000000eaa80000)
  object space 124928K, 0% used [0x00000000c0000000,0x00000000c0002000,0x00000000c7a00000)
 PSPermGen       total 21504K, used 9563K [0x00000000b0000000, 0x00000000b1500000, 0x00000000c0000000)
  object space 21504K, 44% used [0x00000000b0000000,0x00000000b0956df8,0x00000000b1500000)
}
Event: 1.407 GC heap before
{Heap before GC invocations=2 (full 0):
 PSYoungGen      total 55296K, used 53228K [0x00000000eaa80000, 0x00000000ee800000, 0x0000000100000000)
  eden space 47616K, 100% used [0x00000000eaa80000,0x00000000ed900000,0x00000000ed900000)
  from space 7680K, 73% used [0x00000000ed900000,0x00000000ede7b000,0x00000000ee080000)
  to   space 7680K, 0% used [0x00000000ee080000,0x00000000ee080000,0x00000000ee800000)
 ParOldGen       total 124928K, used 8K [0x00000000c0000000, 0x00000000c7a00000, 0x00000000eaa80000)
  object space 124928K, 0% used [0x00000000c0000000,0x00000000c0002000,0x00000000c7a00000)
 PSPermGen       total 21504K, used 17183K [0x00000000b0000000, 0x00000000b1500000, 0x00000000c0000000)
  object space 21504K, 79% used [0x00000000b0000000,0x00000000b10c7db8,0x00000000b1500000)
Event: 1.420 GC heap after
Heap after GC invocations=2 (full 0):
 PSYoungGen      total 55296K, used 7671K [0x00000000eaa80000, 0x00000000f1680000, 0x0000000100000000)
  eden space 47616K, 0% used [0x00000000eaa80000,0x00000000eaa80000,0x00000000ed900000)
  from space 7680K, 99% used [0x00000000ee080000,0x00000000ee7fdd10,0x00000000ee800000)
  to   space 7680K, 0% used [0x00000000ed900000,0x00000000ed900000,0x00000000ee080000)
 ParOldGen       total 124928K, used 1457K [0x00000000c0000000, 0x00000000c7a00000, 0x00000000eaa80000)
  object space 124928K, 1% used [0x00000000c0000000,0x00000000c016c5f8,0x00000000c7a00000)
 PSPermGen       total 21504K, used 17183K [0x00000000b0000000, 0x00000000b1500000, 0x00000000c0000000)
  object space 21504K, 79% used [0x00000000b0000000,0x00000000b10c7db8,0x00000000b1500000)
}
Event: 2.039 GC heap before
{Heap before GC invocations=3 (full 0):
 PSYoungGen      total 55296K, used 55287K [0x00000000eaa80000, 0x00000000f1680000, 0x0000000100000000)
  eden space 47616K, 100% used [0x00000000eaa80000,0x00000000ed900000,0x00000000ed900000)
  from space 7680K, 99% used [0x00000000ee080000,0x00000000ee7fdd10,0x00000000ee800000)
  to   space 7680K, 0% used [0x00000000ed900000,0x00000000ed900000,0x00000000ee080000)
 ParOldGen       total 124928K, used 1457K [0x00000000c0000000, 0x00000000c7a00000, 0x00000000eaa80000)
  object space 124928K, 1% used [0x00000000c0000000,0x00000000c016c5f8,0x00000000c7a00000)
 PSPermGen       total 21504K, used 21226K [0x00000000b0000000, 0x00000000b1500000, 0x00000000c0000000)
  object space 21504K, 98% used [0x00000000b0000000,0x00000000b14baa48,0x00000000b1500000)
Event: 2.051 GC heap after
Heap after GC invocations=3 (full 0):
 PSYoungGen      total 55296K, used 7678K [0x00000000eaa80000, 0x00000000f1680000, 0x0000000100000000)
  eden space 47616K, 0% used [0x00000000eaa80000,0x00000000eaa80000,0x00000000ed900000)
  from space 7680K, 99% used [0x00000000ed900000,0x00000000ee07f8d8,0x00000000ee080000)
  to   space 7680K, 0% used [0x00000000f0f00000,0x00000000f0f00000,0x00000000f1680000)
 ParOldGen       total 124928K, used 3905K [0x00000000c0000000, 0x00000000c7a00000, 0x00000000eaa80000)
  object space 124928K, 3% used [0x00000000c0000000,0x00000000c03d04e0,0x00000000c7a00000)
 PSPermGen       total 21504K, used 21226K [0x00000000b0000000, 0x00000000b1500000, 0x00000000c0000000)
  object space 21504K, 98% used [0x00000000b0000000,0x00000000b14baa48,0x00000000b1500000)
}
Event: 2.482 GC heap before
{Heap before GC invocations=4 (full 0):
 PSYoungGen      total 55296K, used 55294K [0x00000000eaa80000, 0x00000000f1680000, 0x0000000100000000)
  eden space 47616K, 100% used [0x00000000eaa80000,0x00000000ed900000,0x00000000ed900000)
  from space 7680K, 99% used [0x00000000ed900000,0x00000000ee07f8d8,0x00000000ee080000)
  to   space 7680K, 0% used [0x00000000f0f00000,0x00000000f0f00000,0x00000000f1680000)
 ParOldGen       total 124928K, used 3905K [0x00000000c0000000, 0x00000000c7a00000, 0x00000000eaa80000)
  object space 124928K, 3% used [0x00000000c0000000,0x00000000c03d04e0,0x00000000c7a00000)
 PSPermGen       total 26624K, used 26267K [0x00000000b0000000, 0x00000000b1a00000, 0x00000000c0000000)
  object space 26624K, 98% used [0x00000000b0000000,0x00000000b19a6e08,0x00000000b1a00000)
Event: 2.497 GC heap after
Heap after GC invocations=4 (full 0):
 PSYoungGen      total 102912K, used 7648K [0x00000000eaa80000, 0x00000000f1680000, 0x0000000100000000)
  eden space 95232K, 0% used [0x00000000eaa80000,0x00000000eaa80000,0x00000000f0780000)
  from space 7680K, 99% used [0x00000000f0f00000,0x00000000f16782c8,0x00000000f1680000)
  to   space 7680K, 0% used [0x00000000f0780000,0x00000000f0780000,0x00000000f0f00000)
 ParOldGen       total 124928K, used 8064K [0x00000000c0000000, 0x00000000c7a00000, 0x00000000eaa80000)
  object space 124928K, 6% used [0x00000000c0000000,0x00000000c07e0298,0x00000000c7a00000)
 PSPermGen       total 26624K, used 26267K [0x00000000b0000000, 0x00000000b1a00000, 0x00000000c0000000)
  object space 26624K, 98% used [0x00000000b0000000,0x00000000b19a6e08,0x00000000b1a00000)
}
Event: 4.529 GC heap before
{Heap before GC invocations=5 (full 0):
 PSYoungGen      total 102912K, used 102880K [0x00000000eaa80000, 0x00000000f1680000, 0x0000000100000000)
  eden space 95232K, 100% used [0x00000000eaa80000,0x00000000f0780000,0x00000000f0780000)
  from space 7680K, 99% used [0x00000000f0f00000,0x00000000f16782c8,0x00000000f1680000)
  to   space 7680K, 0% used [0x00000000f0780000,0x00000000f0780000,0x00000000f0f00000)
 ParOldGen       total 124928K, used 8064K [0x00000000c0000000, 0x00000000c7a00000, 0x00000000eaa80000)
  object space 124928K, 6% used [0x00000000c0000000,0x00000000c07e0298,0x00000000c7a00000)
 PSPermGen       total 30720K, used 30313K [0x00000000b0000000, 0x00000000b1e00000, 0x00000000c0000000)
  object space 30720K, 98% used [0x00000000b0000000,0x00000000b1d9a618,0x00000000b1e00000)
Event: 4.549 GC heap after
Heap after GC invocations=5 (full 0):
 PSYoungGen      total 102912K, used 7673K [0x00000000eaa80000, 0x00000000f8580000, 0x0000000100000000)
  eden space 95232K, 0% used [0x00000000eaa80000,0x00000000eaa80000,0x00000000f0780000)
  from space 7680K, 99% used [0x00000000f0780000,0x00000000f0efe5b8,0x00000000f0f00000)
  to   space 16896K, 0% used [0x00000000f7500000,0x00000000f7500000,0x00000000f8580000)
 ParOldGen       total 124928K, used 14925K [0x00000000c0000000, 0x00000000c7a00000, 0x00000000eaa80000)
  object space 124928K, 11% used [0x00000000c0000000,0x00000000c0e937c0,0x00000000c7a00000)
 PSPermGen       total 30720K, used 30313K [0x00000000b0000000, 0x00000000b1e00000, 0x00000000c0000000)
  object space 30720K, 98% used [0x00000000b0000000,0x00000000b1d9a618,0x00000000b1e00000)
}
Event: 6.068 GC heap before
{Heap before GC invocations=6 (full 0):
 PSYoungGen      total 102912K, used 102905K [0x00000000eaa80000, 0x00000000f8580000, 0x0000000100000000)
  eden space 95232K, 100% used [0x00000000eaa80000,0x00000000f0780000,0x00000000f0780000)
  from space 7680K, 99% used [0x00000000f0780000,0x00000000f0efe5b8,0x00000000f0f00000)
  to   space 16896K, 0% used [0x00000000f7500000,0x00000000f7500000,0x00000000f8580000)
 ParOldGen       total 124928K, used 14925K [0x00000000c0000000, 0x00000000c7a00000, 0x00000000eaa80000)
  object space 124928K, 11% used [0x00000000c0000000,0x00000000c0e937c0,0x00000000c7a00000)
 PSPermGen       total 35328K, used 35024K [0x00000000b0000000, 0x00000000b2280000, 0x00000000c0000000)
  object space 35328K, 99% used [0x00000000b0000000,0x00000000b22343b8,0x00000000b2280000)

Deoptimization events (10 events):
Event: 5.286 Thread 0x00007f4150008000 Uncommon trap: reason=unloaded action=reinterpret pc=0x00007f41952efd40 method=groovy.lang.MetaClassImpl.checkIfStdMethod(Lgroovy/lang/MetaMethod;)V @ 171
Event: 5.326 Thread 0x00007f4150008000 Uncommon trap: reason=unloaded action=reinterpret pc=0x00007f41952e84b0 method=groovy.lang.MetaClassImpl.checkIfStdMethod(Lgroovy/lang/MetaMethod;)V @ 171
Event: 5.326 Thread 0x00007f4150008000 Uncommon trap: reason=class_check action=maybe_recompile pc=0x00007f4195233264 method=groovy.lang.MetaMethod.isStatic()Z @ 1
Event: 5.326 Thread 0x00007f4150008000 Uncommon trap: reason=class_check action=maybe_recompile pc=0x00007f4195233264 method=groovy.lang.MetaMethod.isStatic()Z @ 1
Event: 5.338 Thread 0x00007f4150008000 Uncommon trap: reason=bimorphic action=maybe_recompile pc=0x00007f41952e4d00 method=org.codehaus.groovy.util.SingleKeyHashMap.get(Ljava/lang/Object;)Ljava/lang/Object; @ 43
Event: 5.870 Thread 0x00007f4150008000 Uncommon trap: reason=null_check action=make_not_entrant pc=0x00007f419532892c method=sun.reflect.Reflection.filterMethods(Ljava/lang/Class;[Ljava/lang/reflect/Method;)[Ljava/lang/reflect/Method; @ 18
Event: 6.015 Thread 0x00007f4150008000 Uncommon trap: reason=array_check action=maybe_recompile pc=0x00007f4195317e54 method=java.util.ComparableTimSort.binarySort([Ljava/lang/Object;III)V @ 193
Event: 6.015 Thread 0x00007f4150008000 Uncommon trap: reason=array_check action=maybe_recompile pc=0x00007f4195317d90 method=java.util.ComparableTimSort.binarySort([Ljava/lang/Object;III)V @ 215
Event: 6.016 Thread 0x00007f4150008000 Uncommon trap: reason=array_check action=maybe_recompile pc=0x00007f4195317f1c method=java.util.ComparableTimSort.binarySort([Ljava/lang/Object;III)V @ 183
Event: 6.016 Thread 0x00007f4150008000 Uncommon trap: reason=array_check action=maybe_recompile pc=0x00007f4195317f1c method=java.util.ComparableTimSort.binarySort([Ljava/lang/Object;III)V @ 183

Internal exceptions (10 events):
Event: 6.040 Thread 0x00007f4150008000 Threw 0x00000000f063b658 at /build/openjdk-7-FO0dNI/openjdk-7-7u79-2.5.6/build/openjdk/hotspot/src/share/vm/prims/jvm.cpp:1284
Event: 6.041 Thread 0x00007f4150008000 Threw 0x00000000f0651588 at /build/openjdk-7-FO0dNI/openjdk-7-7u79-2.5.6/build/openjdk/hotspot/src/share/vm/prims/jvm.cpp:1284
Event: 6.042 Thread 0x00007f4150008000 Threw 0x00000000f065a1a0 at /build/openjdk-7-FO0dNI/openjdk-7-7u79-2.5.6/build/openjdk/hotspot/src/share/vm/prims/jvm.cpp:1284
Event: 6.043 Thread 0x00007f4150008000 Threw 0x00000000f0666768 at /build/openjdk-7-FO0dNI/openjdk-7-7u79-2.5.6/build/openjdk/hotspot/src/share/vm/prims/jvm.cpp:1284
Event: 6.053 Thread 0x00007f4150008000 Threw 0x00000000f06d1140 at /build/openjdk-7-FO0dNI/openjdk-7-7u79-2.5.6/build/openjdk/hotspot/src/share/vm/prims/jvm.cpp:1284
Event: 6.055 Thread 0x00007f4150008000 Threw 0x00000000f06da3c0 at /build/openjdk-7-FO0dNI/openjdk-7-7u79-2.5.6/build/openjdk/hotspot/src/share/vm/prims/jvm.cpp:1284
Event: 6.066 Thread 0x00007f4150008000 Threw 0x00000000f07679e8 at /build/openjdk-7-FO0dNI/openjdk-7-7u79-2.5.6/build/openjdk/hotspot/src/share/vm/prims/jvm.cpp:1284
Event: 6.067 Thread 0x00007f4150008000 Threw 0x00000000f076ee00 at /build/openjdk-7-FO0dNI/openjdk-7-7u79-2.5.6/build/openjdk/hotspot/src/share/vm/prims/jvm.cpp:1284
Event: 6.067 Thread 0x00007f4150008000 Threw 0x00000000f076fee0 at /build/openjdk-7-FO0dNI/openjdk-7-7u79-2.5.6/build/openjdk/hotspot/src/share/vm/prims/jvm.cpp:1284
Event: 6.067 Thread 0x00007f4150008000 Threw 0x00000000f0777b78 at /build/openjdk-7-FO0dNI/openjdk-7-7u79-2.5.6/build/openjdk/hotspot/src/share/vm/prims/jvm.cpp:1284

Events (10 events):
Event: 6.043 loading class 0x00007f414c2c9fc0 done
Event: 6.053 loading class 0x00007f414c83b950
Event: 6.053 loading class 0x00007f414c83b950 done
Event: 6.055 loading class 0x00007f414c8542b0
Event: 6.055 loading class 0x00007f414c8542b0 done
Event: 6.066 loading class 0x00007f414caa37f0
Event: 6.066 loading class 0x00007f414caa37f0 done
Event: 6.067 loading class 0x00007f414caaa980
Event: 6.067 loading class 0x00007f414caaa980 done
Event: 6.068 Executing VM operation: ParallelGCFailedAllocation


Dynamic libraries:
00400000-00401000 r-xp 00000000 08:01 16387948                           /usr/lib/jvm/java-7-openjdk-amd64/jre/bin/java
00600000-00601000 r--p 00000000 08:01 16387948                           /usr/lib/jvm/java-7-openjdk-amd64/jre/bin/java
00601000-00602000 rw-p 00001000 08:01 16387948                           /usr/lib/jvm/java-7-openjdk-amd64/jre/bin/java
01d00000-01d21000 rw-p 00000000 00:00 0                                  [heap]
b0000000-b2280000 rw-p 00000000 00:00 0 
b2280000-c0000000 rw-p 00000000 00:00 0 
c0000000-c7a00000 rw-p 00000000 00:00 0 
c7a00000-eaa80000 rw-p 00000000 00:00 0 
eaa80000-f8580000 rw-p 00000000 00:00 0 
f8580000-100000000 rw-p 00000000 00:00 0 
7f4138000000-7f4138021000 rw-p 00000000 00:00 0 
7f4138021000-7f413c000000 ---p 00000000 00:00 0 
7f4140000000-7f4140021000 rw-p 00000000 00:00 0 
7f4140021000-7f4144000000 ---p 00000000 00:00 0 
7f4144000000-7f4144021000 rw-p 00000000 00:00 0 
7f4144021000-7f4148000000 ---p 00000000 00:00 0 
7f4148000000-7f4148021000 rw-p 00000000 00:00 0 
7f4148021000-7f414c000000 ---p 00000000 00:00 0 
7f414c000000-7f414cabe000 rw-p 00000000 00:00 0 
7f414cabe000-7f4150000000 ---p 00000000 00:00 0 
7f4150000000-7f4150021000 rw-p 00000000 00:00 0 
7f4150021000-7f4154000000 ---p 00000000 00:00 0 
7f4154000000-7f4154021000 rw-p 00000000 00:00 0 
7f4154021000-7f4158000000 ---p 00000000 00:00 0 
7f4158000000-7f4158021000 rw-p 00000000 00:00 0 
7f4158021000-7f415c000000 ---p 00000000 00:00 0 
7f415c000000-7f415c06a000 rw-p 00000000 00:00 0 
7f415c06a000-7f4160000000 ---p 00000000 00:00 0 
7f4160000000-7f4160abc000 rw-p 00000000 00:00 0 
7f4160abc000-7f4164000000 ---p 00000000 00:00 0 
7f4164000000-7f4164021000 rw-p 00000000 00:00 0 
7f4164021000-7f4168000000 ---p 00000000 00:00 0 
7f4168000000-7f4168021000 rw-p 00000000 00:00 0 
7f4168021000-7f416c000000 ---p 00000000 00:00 0 
7f416c000000-7f416ce54000 rw-p 00000000 00:00 0 
7f416ce54000-7f4170000000 ---p 00000000 00:00 0 
7f4170000000-7f4170021000 rw-p 00000000 00:00 0 
7f4170021000-7f4174000000 ---p 00000000 00:00 0 
7f4174000000-7f4174021000 rw-p 00000000 00:00 0 
7f4174021000-7f4178000000 ---p 00000000 00:00 0 
7f4178000000-7f417824a000 rw-p 00000000 00:00 0 
7f417824a000-7f417c000000 ---p 00000000 00:00 0 
7f417c000000-7f417c021000 rw-p 00000000 00:00 0 
7f417c021000-7f4180000000 ---p 00000000 00:00 0 
7f4180000000-7f4180021000 rw-p 00000000 00:00 0 
7f4180021000-7f4184000000 ---p 00000000 00:00 0 
7f4185800000-7f4188000000 rw-p 00000000 00:00 0 
7f4188000000-7f4188021000 rw-p 00000000 00:00 0 
7f4188021000-7f418c000000 ---p 00000000 00:00 0 
7f418d618000-7f418d619000 rw-p 00000000 00:00 0 
7f418d619000-7f418d621000 r-xp 00000000 08:01 16386817                   /usr/lib/jvm/java-7-openjdk-amd64/jre/lib/amd64/libmanagement.so
7f418d621000-7f418d820000 ---p 00008000 08:01 16386817                   /usr/lib/jvm/java-7-openjdk-amd64/jre/lib/amd64/libmanagement.so
7f418d820000-7f418d821000 r--p 00007000 08:01 16386817                   /usr/lib/jvm/java-7-openjdk-amd64/jre/lib/amd64/libmanagement.so
7f418d821000-7f418d822000 rw-p 00008000 08:01 16386817                   /usr/lib/jvm/java-7-openjdk-amd64/jre/lib/amd64/libmanagement.so
7f418d822000-7f418d823000 r--s 00004000 08:01 16782737                   /home/vasanth/android-studio-1.5/android-studio/gradle/m2repository/com/intellij/annotations/12.0/annotations-12.0.jar
7f418d823000-7f418d825000 r--s 0000d000 08:01 16782747                   /home/vasanth/android-studio-1.5/android-studio/gradle/m2repository/commons-codec/commons-codec/1.4/commons-codec-1.4.jar
7f418d825000-7f418d827000 r--s 0000d000 08:01 16778893                   /home/vasanth/android-studio-1.5/android-studio/gradle/m2repository/commons-logging/commons-logging/1.1.1/commons-logging-1.1.1.jar
7f418d827000-7f418d82c000 r--s 00028000 08:01 16778771                   /home/vasanth/android-studio-1.5/android-studio/gradle/m2repository/org/apache/httpcomponents/httpcore/4.1/httpcore-4.1.jar
7f418d82c000-7f418d834000 r--s 000a8000 08:01 16782146                   /home/vasanth/android-studio-1.5/android-studio/gradle/m2repository/com/android/tools/external/lombok/lombok-ast/0.2.3/lombok-ast-0.2.3.jar
7f418d834000-7f418d836000 r--s 00005000 08:01 16778777                   /home/vasanth/android-studio-1.5/android-studio/gradle/m2repository/org/abego/treelayout/org.abego.treelayout.core/1.0.1/org.abego.treelayout.core-1.0.1.jar
7f418d836000-7f418d837000 r--s 0000a000 08:01 16779989                   /home/vasanth/android-studio-1.5/android-studio/gradle/m2repository/net/sf/kxml/kxml2/2.3.0/kxml2-2.3.0.jar
7f418d837000-7f418d838000 r--s 00005000 08:01 16782070                   /home/vasanth/android-studio-1.5/android-studio/gradle/m2repository/com/android/tools/dvlib/24.5.0/dvlib-24.5.0.jar
7f418d838000-7f418d83f000 r--s 00053000 08:01 16653801                   /home/vasanth/android-studio-1.5/android-studio/gradle/m2repository/org/apache/commons/commons-compress/1.8.1/commons-compress-1.8.1.jar
7f418d83f000-7f418d844000 r--s 0002a000 08:01 16780735                   /home/vasanth/android-studio-1.5/android-studio/gradle/m2repository/com/google/code/gson/gson/2.2.4/gson-2.2.4.jar
7f418d844000-7f418d847000 r--s 00013000 08:01 16782715                   /home/vasanth/android-studio-1.5/android-studio/gradle/m2repository/com/android/tools/layoutlib/layoutlib-api/24.5.0/layoutlib-api-24.5.0.jar
7f418d847000-7f418d849000 r--s 00005000 08:01 16778523                   /home/vasanth/android-studio-1.5/android-studio/gradle/m2repository/org/apache/httpcomponents/httpmime/4.1/httpmime-4.1.jar
7f418d849000-7f418d851000 r--s 0004e000 08:01 16778459                   /home/vasanth/android-studio-1.5/android-studio/gradle/m2repository/org/apache/httpcomponents/httpclient/4.1.1/httpclient-4.1.1.jar
7f418d851000-7f418d854000 r--s 0002d000 08:01 16782105                   /home/vasanth/android-studio-1.5/android-studio/gradle/m2repository/com/android/tools/lint/lint-api/24.5.0/lint-api-24.5.0.jar
7f418d854000-7f418d855000 r--s 00004000 08:01 16653730                   /home/vasanth/android-studio-1.5/android-studio/gradle/m2repository/org/ow2/asm/asm-analysis/5.0.3/asm-analysis-5.0.3.jar
7f418d855000-7f418d859000 r--s 00037000 08:01 16653758                   /home/vasanth/android-studio-1.5/android-studio/gradle/m2repository/org/antlr/ST4/4.0.8/ST4-4.0.8.jar
7f418d859000-7f418d85a000 r--s 00002000 08:01 16782051                   /home/vasanth/android-studio-1.5/android-studio/gradle/m2repository/com/tunnelvisionlabs/antlr4-annotations/4.5/antlr4-annotations-4.5.jar
7f418d85a000-7f418d861000 r--s 00062000 08:01 16780975                   /home/vasanth/android-studio-1.5/android-studio/gradle/m2repository/com/tunnelvisionlabs/antlr4-runtime/4.5/antlr4-runtime-4.5.jar
7f418d861000-7f418d86f000 r--s 00081000 08:01 16653788                   /home/vasanth/android-studio-1.5/android-studio/gradle/m2repository/org/bouncycastle/bcpkix-jdk15on/1.48/bcpkix-jdk15on-1.48.jar
7f418d86f000-7f418d871000 r--s 00005000 08:01 16782084                   /home/vasanth/android-studio-1.5/android-studio/gradle/m2repository/com/android/tools/jill/jill-api/0.9.0/jill-api-0.9.0.jar
7f418d871000-7f418d875000 r--s 00027000 08:01 16782665                   /home/vasanth/android-studio-1.5/android-studio/gradle/m2repository/com/android/tools/build/manifest-merger/24.5.0/manifest-merger-24.5.0.jar
7f418d875000-7f418d87a000 r--s 00047000 08:01 16782139                   /home/vasanth/android-studio-1.5/android-studio/gradle/m2repository/com/android/tools/ddms/ddmlib/24.5.0/ddmlib-24.5.0.jar
7f418d87a000-7f418d87c000 r--s 00006000 08:01 16782131                   /home/vasanth/android-studio-1.5/android-studio/gradle/m2repository/com/android/tools/jack/jack-api/0.9.0/jack-api-0.9.0.jar
7f418d87c000-7f418d87d000 r--s 0000c000 08:01 16653701                   /home/vasanth/android-studio-1.5/android-studio/gradle/m2repository/org/ow2/asm/asm/5.0.3/asm-5.0.3.jar
7f418d87d000-7f418d87e000 r--s 00002000 08:01 16782696                   /home/vasanth/android-studio-1.5/android-studio/gradle/m2repository/com/android/tools/build/builder-test-api/1.5.0/builder-test-api-1.5.0.jar
7f418d87e000-7f418d881000 r--s 00026000 08:01 16653752                   /home/vasanth/android-studio-1.5/android-studio/gradle/m2repository/org/antlr/antlr-runtime/3.5.2/antlr-runtime-3.5.2.jar
7f418d881000-7f418d88b000 r--s 000ab000 08:01 16782096                   /home/vasanth/android-studio-1.5/android-studio/gradle/m2repository/com/android/tools/sdklib/24.5.0/sdklib-24.5.0.jar
7f418d88b000-7f418d88d000 r--s 00002000 08:01 16782733                   /home/vasanth/android-studio-1.5/android-studio/gradle/m2repository/com/squareup/javawriter/2.5.0/javawriter-2.5.0.jar
7f418d88d000-7f418d88f000 r--s 00016000 08:01 16782501                   /home/vasanth/android-studio-1.5/android-studio/gradle/m2repository/com/android/tools/common/24.5.0/common-24.5.0.jar
7f418d88f000-7f418d891000 r--s 00006000 08:01 16653713                   /home/vasanth/android-studio-1.5/android-studio/gradle/m2repository/org/ow2/asm/asm-tree/5.0.3/asm-tree-5.0.3.jar
7f418d891000-7f418d893000 r--s 00005000 08:01 16782679                   /home/vasanth/android-studio-1.5/android-studio/gradle/m2repository/com/android/tools/build/builder-model/1.5.0/builder-model-1.5.0.jar
7f418d893000-7f418d8c6000 r--s 00203000 08:01 16653793                   /home/vasanth/android-studio-1.5/android-studio/gradle/m2repository/org/bouncycastle/bcprov-jdk15on/1.48/bcprov-jdk15on-1.48.jar
7f418d8c6000-7f418d8ce000 r--s 00079000 08:01 16782494                   /home/vasanth/android-studio-1.5/android-studio/gradle/m2repository/com/android/tools/sdk-common/24.5.0/sdk-common-24.5.0.jar
7f418d8ce000-7f418d8e0000 r--s 00223000 08:01 16653782                   /home/vasanth/android-studio-1.5/android-studio/gradle/m2repository/org/eclipse/jdt/core/compiler/ecj/4.4.2/ecj-4.4.2.jar
7f418d8e0000-7f418d8e6000 r--s 000af000 08:01 16782124                   /home/vasanth/android-studio-1.5/android-studio/gradle/m2repository/com/android/tools/lint/lint-checks/24.5.0/lint-checks-24.5.0.jar
7f418d8e6000-7f418d8f6000 r--s 000d6000 08:01 16780001                   /home/vasanth/android-studio-1.5/android-studio/gradle/m2repository/net/sf/proguard/proguard-base/5.2.1/proguard-base-5.2.1.jar
7f418d8f6000-7f418d8f7000 r--s 00002000 08:01 16782725                   /home/vasanth/android-studio-1.5/android-studio/gradle/m2repository/com/android/databinding/baseLibrary/1.0-rc5/baseLibrary-1.0-rc5.jar
7f418d8f7000-7f418d8fb000 r--s 0002a000 08:01 16653677                   /home/vasanth/android-studio-1.5/android-studio/gradle/m2repository/commons-io/commons-io/2.4/commons-io-2.4.jar
7f418d8fb000-7f418d905000 r--s 00099000 08:01 16782047                   /home/vasanth/android-studio-1.5/android-studio/gradle/m2repository/com/tunnelvisionlabs/antlr4/4.5/antlr4-4.5.jar
7f418d905000-7f418d90c000 r--s 0005e000 08:01 16653818                   /home/vasanth/android-studio-1.5/android-studio/gradle/m2repository/org/apache/commons/commons-lang3/3.3.2/commons-lang3-3.3.2.jar
7f418d90c000-7f418d90f000 r--s 00033000 08:01 16782059                   /home/vasanth/android-studio-1.5/android-studio/gradle/m2repository/com/googlecode/juniversalchardet/juniversalchardet/1.0.3/juniversalchardet-1.0.3.jar
7f418d90f000-7f418d910000 r--s 00001000 08:01 16782078                   /home/vasanth/android-studio-1.5/android-studio/gradle/m2repository/com/android/tools/annotations/24.5.0/annotations-24.5.0.jar
7f418d910000-7f418d93b000 r--s 001f9000 08:01 16780755                   /home/vasanth/android-studio-1.5/android-studio/gradle/m2repository/com/google/guava/guava/17.0/guava-17.0.jar
7f418d93b000-7f418d941000 r--s 0005a000 08:01 16782669                   /home/vasanth/android-studio-1.5/android-studio/gradle/m2repository/com/android/tools/build/builder/1.5.0/builder-1.5.0.jar
7f418d941000-7f418d958000 r--s 0012c000 08:01 16782507                   /home/vasanth/android-studio-1.5/android-studio/gradle/m2repository/com/android/tools/build/gradle-core/1.5.0/gradle-core-1.5.0.jar
7f418d958000-7f418d95b000 ---p 00000000 00:00 0 
7f418d95b000-7f418da59000 rw-p 00000000 00:00 0                          [stack:14529]
7f418da59000-7f418da5c000 ---p 00000000 00:00 0 
7f418da5c000-7f418da92000 rw-p 00000000 00:00 0                          [stack:14528]
7f418da92000-7f418dafd000 r--s 0069e000 08:01 17964166                   /usr/lib/jvm/java-7-openjdk-amd64/lib/tools.jar
7f418dafd000-7f418db00000 ---p 00000000 00:00 0 
7f418db00000-7f418dbfe000 rw-p 00000000 00:00 0                          [stack:14526]
7f418dbfe000-7f418dc01000 ---p 00000000 00:00 0 
7f418dc01000-7f418dcff000 rw-p 00000000 00:00 0                          [stack:14523]
7f418dcff000-7f418dd02000 ---p 00000000 00:00 0 
7f418dd02000-7f418de00000 rw-p 00000000 00:00 0                          [stack:14522]
7f418de00000-7f418de03000 ---p 00000000 00:00 0 
7f418de03000-7f418df01000 rw-p 00000000 00:00 0                          [stack:14521]
7f418df01000-7f418df04000 ---p 00000000 00:00 0 
7f418df04000-7f418e002000 rw-p 00000000 00:00 0                          [stack:14520]
7f418e002000-7f418e005000 ---p 00000000 00:00 0 
7f418e005000-7f418e103000 rw-p 00000000 00:00 0                          [stack:14519]
7f418e103000-7f418e113000 r--s 00088000 08:01 11141467                   /root/.gradle/wrapper/dists/gradle-2.8-all/ah86jmo43de9lfa8xg9ux3c4h/gradle-2.8/lib/plugins/joda-time-2.8.2.jar
7f418e113000-7f418e118000 r--s 00058000 08:01 16653722                   /home/vasanth/android-studio-1.5/android-studio/gradle/m2repository/org/ow2/asm/asm-debug-all/5.0.1/asm-debug-all-5.0.1.jar
7f418e118000-7f418e11a000 r--s 00022000 08:01 16782115                   /home/vasanth/android-studio-1.5/android-studio/gradle/m2repository/com/android/tools/lint/lint/24.5.0/lint-24.5.0.jar
7f418e11a000-7f418e11b000 r--s 00002000 08:01 16780629                   /home/vasanth/android-studio-1.5/android-studio/gradle/m2repository/net/sf/proguard/proguard-gradle/5.2.1/proguard-gradle-5.2.1.jar
7f418e11b000-7f418e11f000 r--s 00026000 08:01 16782720                   /home/vasanth/android-studio-1.5/android-studio/gradle/m2repository/com/android/databinding/compilerCommon/1.0-rc5/compilerCommon-1.0-rc5.jar
7f418e11f000-7f418e121000 r--s 00001000 08:01 16782706                   /home/vasanth/android-studio-1.5/android-studio/gradle/m2repository/com/android/tools/build/transform-api/1.5.0/transform-api-1.5.0.jar
7f418e121000-7f418e125000 r--s 0001e000 08:01 16653765                   /home/vasanth/android-studio-1.5/android-studio/gradle/m2repository/org/jacoco/org.jacoco.core/0.7.4.201502262128/org.jacoco.core-0.7.4.201502262128.jar
7f418e125000-7f418e127000 r--s 0000d000 08:01 16782687                   /home/vasanth/android-studio-1.5/android-studio/gradle/m2repository/com/android/tools/build/gradle/1.5.0/gradle-1.5.0.jar
7f418e127000-7f418e131000 r--s 000ae000 08:01 16386557                   /usr/lib/jvm/java-7-openjdk-amd64/jre/lib/resources.jar
7f418e131000-7f418e132000 r--p 00000000 00:00 0 
7f418e132000-7f418e139000 r--s 00000000 08:01 16147151                   /usr/lib/x86_64-linux-gnu/gconv/gconv-modules.cache
7f418e139000-7f418e13e000 r--s 0004d000 08:01 16386570                   /usr/lib/jvm/java-7-openjdk-amd64/jre/lib/jsse.jar
7f418e13e000-7f418e140000 r--s 00005000 08:01 11141435                   /root/.gradle/wrapper/dists/gradle-2.8-all/ah86jmo43de9lfa8xg9ux3c4h/gradle-2.8/lib/plugins/gradle-tooling-api-builders-2.8.jar
7f418e140000-7f418e151000 r--s 000cf000 08:01 11141466                   /root/.gradle/wrapper/dists/gradle-2.8-all/ah86jmo43de9lfa8xg9ux3c4h/gradle-2.8/lib/plugins/jackson-databind-2.3.2.jar
7f418e151000-7f418e153000 r--s 00007000 08:01 11141465                   /root/.gradle/wrapper/dists/gradle-2.8-all/ah86jmo43de9lfa8xg9ux3c4h/gradle-2.8/lib/plugins/jackson-annotations-2.3.2.jar
7f418e153000-7f418e156000 r--s 0002e000 08:01 11141464                   /root/.gradle/wrapper/dists/gradle-2.8-all/ah86jmo43de9lfa8xg9ux3c4h/gradle-2.8/lib/plugins/jackson-core-2.3.2.jar
7f418e156000-7f418e161000 r--s 0006b000 08:01 11141463                   /root/.gradle/wrapper/dists/gradle-2.8-all/ah86jmo43de9lfa8xg9ux3c4h/gradle-2.8/lib/plugins/aws-java-sdk-core-1.9.19.jar
7f418e161000-7f418e167000 r--s 00036000 08:01 11141462                   /root/.gradle/wrapper/dists/gradle-2.8-all/ah86jmo43de9lfa8xg9ux3c4h/gradle-2.8/lib/plugins/aws-java-sdk-kms-1.9.19.jar
7f418e167000-7f418e172000 r--s 00079000 08:01 11141461                   /root/.gradle/wrapper/dists/gradle-2.8-all/ah86jmo43de9lfa8xg9ux3c4h/gradle-2.8/lib/plugins/aws-java-sdk-s3-1.9.19.jar
7f418e172000-7f418e173000 r--s 00003000 08:01 11141434                   /root/.gradle/wrapper/dists/gradle-2.8-all/ah86jmo43de9lfa8xg9ux3c4h/gradle-2.8/lib/plugins/gradle-resources-s3-2.8.jar
7f418e173000-7f418e174000 r--s 00004000 08:01 11141433                   /root/.gradle/wrapper/dists/gradle-2.8-all/ah86jmo43de9lfa8xg9ux3c4h/gradle-2.8/lib/plugins/gradle-resources-sftp-2.8.jar
7f418e174000-7f418e175000 r--s 00001000 08:01 11141430                   /root/.gradle/wrapper/dists/gradle-2.8-all/ah86jmo43de9lfa8xg9ux3c4h/gradle-2.8/lib/plugins/gradle-plugin-development-2.8.jar
7f418e175000-7f418e177000 r--s 00005000 08:01 11141429                   /root/.gradle/wrapper/dists/gradle-2.8-all/ah86jmo43de9lfa8xg9ux3c4h/gradle-2.8/lib/plugins/gradle-testing-native-2.8.jar
7f418e177000-7f418e17c000 r--s 0002b000 08:01 11141428                   /root/.gradle/wrapper/dists/gradle-2.8-all/ah86jmo43de9lfa8xg9ux3c4h/gradle-2.8/lib/plugins/gradle-ide-native-2.8.jar
7f418e17c000-7f418e182000 r--s 00019000 08:01 11141427                   /root/.gradle/wrapper/dists/gradle-2.8-all/ah86jmo43de9lfa8xg9ux3c4h/gradle-2.8/lib/plugins/gradle-language-native-2.8.jar
7f418e182000-7f418e187000 r--s 00028000 08:01 11141426                   /root/.gradle/wrapper/dists/gradle-2.8-all/ah86jmo43de9lfa8xg9ux3c4h/gradle-2.8/lib/plugins/gradle-platform-play-2.8.jar
7f418e187000-7f418e194000 r--s 0004f000 08:01 11141425                   /root/.gradle/wrapper/dists/gradle-2.8-all/ah86jmo43de9lfa8xg9ux3c4h/gradle-2.8/lib/plugins/gradle-platform-native-2.8.jar
7f418e194000-7f418e197000 r--s 00008000 08:01 11141424                   /root/.gradle/wrapper/dists/gradle-2.8-all/ah86jmo43de9lfa8xg9ux3c4h/gradle-2.8/lib/plugins/gradle-language-scala-2.8.jar
7f418e197000-7f418e19a000 r--s 00009000 08:01 11141423                   /root/.gradle/wrapper/dists/gradle-2.8-all/ah86jmo43de9lfa8xg9ux3c4h/gradle-2.8/lib/plugins/gradle-language-groovy-2.8.jar
7f418e19a000-7f418e1a0000 r--s 00023000 08:01 11141422                   /root/.gradle/wrapper/dists/gradle-2.8-all/ah86jmo43de9lfa8xg9ux3c4h/gradle-2.8/lib/plugins/gradle-language-java-2.8.jar
7f418e1a0000-7f418e1a2000 r--s 00008000 08:01 11141421                   /root/.gradle/wrapper/dists/gradle-2.8-all/ah86jmo43de9lfa8xg9ux3c4h/gradle-2.8/lib/plugins/gradle-language-jvm-2.8.jar
7f418e1a2000-7f418e1a5000 r--s 0000d000 08:01 11141420                   /root/.gradle/wrapper/dists/gradle-2.8-all/ah86jmo43de9lfa8xg9ux3c4h/gradle-2.8/lib/plugins/gradle-platform-jvm-2.8.jar
7f418e1a5000-7f418e1ad000 r--s 0002c000 08:01 11141419                   /root/.gradle/wrapper/dists/gradle-2.8-all/ah86jmo43de9lfa8xg9ux3c4h/gradle-2.8/lib/plugins/gradle-platform-base-2.8.jar
7f418e1ad000-7f418e1b1000 r--s 00020000 08:01 11141418                   /root/.gradle/wrapper/dists/gradle-2.8-all/ah86jmo43de9lfa8xg9ux3c4h/gradle-2.8/lib/plugins/gradle-build-init-2.8.jar
7f418e1b1000-7f418e1b4000 r--s 00017000 08:01 11141417                   /root/.gradle/wrapper/dists/gradle-2.8-all/ah86jmo43de9lfa8xg9ux3c4h/gradle-2.8/lib/plugins/gradle-jacoco-2.8.jar
7f418e1b4000-7f418e1b7000 r--s 0000e000 08:01 11141416                   /root/.gradle/wrapper/dists/gradle-2.8-all/ah86jmo43de9lfa8xg9ux3c4h/gradle-2.8/lib/plugins/gradle-ivy-2.8.jar
7f418e1b7000-7f418e1b9000 r--s 00002000 08:01 11141415                   /root/.gradle/wrapper/dists/gradle-2.8-all/ah86jmo43de9lfa8xg9ux3c4h/gradle-2.8/lib/plugins/gradle-publish-2.8.jar
7f418e1b9000-7f418e1bb000 r--s 00005000 08:01 11141457                   /root/.gradle/wrapper/dists/gradle-2.8-all/ah86jmo43de9lfa8xg9ux3c4h/gradle-2.8/lib/plugins/jatl-0.2.2.jar
7f418e1bb000-7f418e1bd000 r--s 0000f000 08:01 11141414                   /root/.gradle/wrapper/dists/gradle-2.8-all/ah86jmo43de9lfa8xg9ux3c4h/gradle-2.8/lib/plugins/gradle-reporting-2.8.jar
7f418e1bd000-7f418e1c2000 r--s 00035000 08:01 11141413                   /root/.gradle/wrapper/dists/gradle-2.8-all/ah86jmo43de9lfa8xg9ux3c4h/gradle-2.8/lib/plugins/gradle-diagnostics-2.8.jar
7f418e1c2000-7f418e1c9000 r--s 0008f000 08:01 11141412                   /root/.gradle/wrapper/dists/gradle-2.8-all/ah86jmo43de9lfa8xg9ux3c4h/gradle-2.8/lib/plugins/gradle-build-comparison-2.8.jar
7f418e1c9000-7f418e1d0000 r--s 00035000 08:01 11141456                   /root/.gradle/wrapper/dists/gradle-2.8-all/ah86jmo43de9lfa8xg9ux3c4h/gradle-2.8/lib/plugins/simple-4.1.21.jar
7f418e1d0000-7f418e1dc000 r--s 00100000 08:01 11141454                   /root/.gradle/wrapper/dists/gradle-2.8-all/ah86jmo43de9lfa8xg9ux3c4h/gradle-2.8/lib/plugins/rhino-1.7R3.jar
7f418e1dc000-7f418e1e0000 r--s 0001c000 08:01 11141411                   /root/.gradle/wrapper/dists/gradle-2.8-all/ah86jmo43de9lfa8xg9ux3c4h/gradle-2.8/lib/plugins/gradle-javascript-2.8.jar
7f418e1e0000-7f418e1e2000 r--s 0000b000 08:01 11141410                   /root/.gradle/wrapper/dists/gradle-2.8-all/ah86jmo43de9lfa8xg9ux3c4h/gradle-2.8/lib/plugins/gradle-ear-2.8.jar
7f418e1e2000-7f418e1e9000 r--s 00038000 08:01 11141453                   /root/.gradle/wrapper/dists/gradle-2.8-all/ah86jmo43de9lfa8xg9ux3c4h/gradle-2.8/lib/plugins/bcpg-jdk15on-1.51.jar
7f418e1e9000-7f418e1eb000 r--s 00017000 08:01 11141409                   /root/.gradle/wrapper/dists/gradle-2.8-all/ah86jmo43de9lfa8xg9ux3c4h/gradle-2.8/lib/plugins/gradle-signing-2.8.jar
7f418e1eb000-7f418e1ec000 r--s 00002000 08:01 11141452                   /root/.gradle/wrapper/dists/gradle-2.8-all/ah86jmo43de9lfa8xg9ux3c4h/gradle-2.8/lib/plugins/sonar-batch-bootstrapper-2.9.jar
7f418e1ec000-7f418e1ef000 r--s 00015000 08:01 11141408                   /root/.gradle/wrapper/dists/gradle-2.8-all/ah86jmo43de9lfa8xg9ux3c4h/gradle-2.8/lib/plugins/gradle-sonar-2.8.jar
7f418e1ef000-7f418e1f2000 r--s 00010000 08:01 11141407                   /root/.gradle/wrapper/dists/gradle-2.8-all/ah86jmo43de9lfa8xg9ux3c4h/gradle-2.8/lib/plugins/gradle-scala-2.8.jar
7f418e1f2000-7f418e1f4000 r--s 0000a000 08:01 11141406                   /root/.gradle/wrapper/dists/gradle-2.8-all/ah86jmo43de9lfa8xg9ux3c4h/gradle-2.8/lib/plugins/gradle-announce-2.8.jar
7f418e1f4000-7f418e202000 r--s 0009f000 08:01 11141405                   /root/.gradle/wrapper/dists/gradle-2.8-all/ah86jmo43de9lfa8xg9ux3c4h/gradle-2.8/lib/plugins/gradle-ide-2.8.jar
7f418e202000-7f418e205000 r--s 0000c000 08:01 11141451                   /root/.gradle/wrapper/dists/gradle-2.8-all/ah86jmo43de9lfa8xg9ux3c4h/gradle-2.8/lib/plugins/pmaven-groovy-0.8-20100325.jar
7f418e205000-7f418e206000 r--s 00004000 08:01 11141450                   /root/.gradle/wrapper/dists/gradle-2.8-all/ah86jmo43de9lfa8xg9ux3c4h/gradle-2.8/lib/plugins/pmaven-common-0.8-20100325.jar
7f418e206000-7f418e20c000 r--s 00022000 08:01 11141404                   /root/.gradle/wrapper/dists/gradle-2.8-all/ah86jmo43de9lfa8xg9ux3c4h/gradle-2.8/lib/plugins/gradle-maven-2.8.jar
7f418e20c000-7f418e22d000 r--s 001c3000 08:01 11141448                   /root/.gradle/wrapper/dists/gradle-2.8-all/ah86jmo43de9lfa8xg9ux3c4h/gradle-2.8/lib/plugins/bndlib-2.4.0.jar
7f418e22d000-7f418e22f000 r--s 00004000 08:01 11141403                   /root/.gradle/wrapper/dists/gradle-2.8-all/ah86jmo43de9lfa8xg9ux3c4h/gradle-2.8/lib/plugins/gradle-osgi-2.8.jar
7f418e22f000-7f418e231000 r--s 00008000 08:01 11141402                   /root/.gradle/wrapper/dists/gradle-2.8-all/ah86jmo43de9lfa8xg9ux3c4h/gradle-2.8/lib/plugins/gradle-antlr-2.8.jar
7f418e231000-7f418e234000 r--s 0001e000 08:01 11141476                   /root/.gradle/wrapper/dists/gradle-2.8-all/ah86jmo43de9lfa8xg9ux3c4h/gradle-2.8/lib/plugins/jsp-api-2.1-6.1.14.jar
7f418e234000-7f418e257000 r--s 00344000 08:01 11141475                   /root/.gradle/wrapper/dists/gradle-2.8-all/ah86jmo43de9lfa8xg9ux3c4h/gradle-2.8/lib/plugins/core-3.1.1.jar
7f418e257000-7f418e258000 r--s 00006000 08:01 11141474                   /root/.gradle/wrapper/dists/gradle-2.8-all/ah86jmo43de9lfa8xg9ux3c4h/gradle-2.8/lib/plugins/jetty-naming-6.1.25.jar
7f418e258000-7f418e259000 r--s 00002000 08:01 11141447                   /root/.gradle/wrapper/dists/gradle-2.8-all/ah86jmo43de9lfa8xg9ux3c4h/gradle-2.8/lib/plugins/geronimo-annotation_1.0_spec-1.0.jar
7f418e259000-7f418e25b000 r--s 00002000 08:01 11141446                   /root/.gradle/wrapper/dists/gradle-2.8-all/ah86jmo43de9lfa8xg9ux3c4h/gradle-2.8/lib/plugins/jetty-annotations-6.1.25.jar
7f418e25b000-7f418e26c000 r--s 000ea000 08:01 11141445                   /root/.gradle/wrapper/dists/gradle-2.8-all/ah86jmo43de9lfa8xg9ux3c4h/gradle-2.8/lib/plugins/jsp-2.1-6.1.14.jar
7f418e26c000-7f418e26e000 r--s 0000d000 08:01 11141444                   /root/.gradle/wrapper/dists/gradle-2.8-all/ah86jmo43de9lfa8xg9ux3c4h/gradle-2.8/lib/plugins/jetty-plus-6.1.25.jar
7f418e26e000-7f418e270000 r--s 0001f000 08:01 11141443                   /root/.gradle/wrapper/dists/gradle-2.8-all/ah86jmo43de9lfa8xg9ux3c4h/gradle-2.8/lib/plugins/servlet-api-2.5-20081211.jar
7f418e270000-7f418e274000 r--s 00028000 08:01 11141442                   /root/.gradle/wrapper/dists/gradle-2.8-all/ah86jmo43de9lfa8xg9ux3c4h/gradle-2.8/lib/plugins/jetty-util-6.1.25.jar
7f418e274000-7f418e27b000 r--s 0007d000 08:01 11141441                   /root/.gradle/wrapper/dists/gradle-2.8-all/ah86jmo43de9lfa8xg9ux3c4h/gradle-2.8/lib/plugins/jetty-6.1.25.jar
7f418e27b000-7f418e27d000 r--s 00009000 08:01 11141401                   /root/.gradle/wrapper/dists/gradle-2.8-all/ah86jmo43de9lfa8xg9ux3c4h/gradle-2.8/lib/plugins/gradle-jetty-2.8.jar
7f418e27d000-7f418e283000 r--s 00036000 08:01 11141400                   /root/.gradle/wrapper/dists/gradle-2.8-all/ah86jmo43de9lfa8xg9ux3c4h/gradle-2.8/lib/plugins/gradle-code-quality-2.8.jar
7f418e283000-7f418e285000 r--s 00009000 08:01 11141506                   /root/.gradle/wrapper/dists/gradle-2.8-all/ah86jmo43de9lfa8xg9ux3c4h/gradle-2.8/lib/plugins/hamcrest-core-1.3.jar
7f418e285000-7f418e28b000 r--s 00033000 08:01 11141473                   /root/.gradle/wrapper/dists/gradle-2.8-all/ah86jmo43de9lfa8xg9ux3c4h/gradle-2.8/lib/plugins/snakeyaml-1.6.jar
7f418e28b000-7f418e28d000 r--s 00006000 08:01 11141472                   /root/.gradle/wrapper/dists/gradle-2.8-all/ah86jmo43de9lfa8xg9ux3c4h/gradle-2.8/lib/plugins/jcommander-1.12.jar
7f418e28d000-7f418e292000 r--s 00040000 08:01 11141471                   /root/.gradle/wrapper/dists/gradle-2.8-all/ah86jmo43de9lfa8xg9ux3c4h/gradle-2.8/lib/plugins/bsh-2.0b4.jar
7f418e292000-7f418e294000 r--s 00009000 08:01 11141440                   /root/.gradle/wrapper/dists/gradle-2.8-all/ah86jmo43de9lfa8xg9ux3c4h/gradle-2.8/lib/plugins/commons-cli-1.2.jar
7f418e294000-7f418e29d000 r--s 00089000 08:01 11141439                   /root/.gradle/wrapper/dists/gradle-2.8-all/ah86jmo43de9lfa8xg9ux3c4h/gradle-2.8/lib/plugins/testng-6.3.1.jar
7f418e29d000-7f418e2a5000 r--s 00045000 08:01 11141438                   /root/.gradle/wrapper/dists/gradle-2.8-all/ah86jmo43de9lfa8xg9ux3c4h/gradle-2.8/lib/plugins/junit-4.12.jar
7f418e2a5000-7f418e2b1000 r--s 00073000 08:01 11141399                   /root/.gradle/wrapper/dists/gradle-2.8-all/ah86jmo43de9lfa8xg9ux3c4h/gradle-2.8/lib/plugins/gradle-plugins-2.8.jar
7f418e2b1000-7f418e2c9000 r--s 00115000 08:01 11141504                   /root/.gradle/wrapper/dists/gradle-2.8-all/ah86jmo43de9lfa8xg9ux3c4h/gradle-2.8/lib/plugins/xercesImpl-2.9.1.jar
7f418e2c9000-7f418e2d1000 r--s 00028000 08:01 11141505                   /root/.gradle/wrapper/dists/gradle-2.8-all/ah86jmo43de9lfa8xg9ux3c4h/gradle-2.8/lib/plugins/xml-apis-1.3.04.jar
7f418e2d1000-7f418e2d7000 r--s 0005b000 08:01 11141503                   /root/.gradle/wrapper/dists/gradle-2.8-all/ah86jmo43de9lfa8xg9ux3c4h/gradle-2.8/lib/plugins/jcifs-1.3.17.jar
7f418e2d7000-7f418e2dd000 r--s 00031000 08:01 11141502                   /root/.gradle/wrapper/dists/gradle-2.8-all/ah86jmo43de9lfa8xg9ux3c4h/gradle-2.8/lib/plugins/httpcore-4.2.2.jar
7f418e2dd000-7f418e2e3000 r--s 00033000 08:01 11141501                   /root/.gradle/wrapper/dists/gradle-2.8-all/ah86jmo43de9lfa8xg9ux3c4h/gradle-2.8/lib/plugins/commons-codec-1.6.jar
7f418e2e3000-7f418e2e6000 r--s 0001c000 08:01 11141459                   /root/.gradle/wrapper/dists/gradle-2.8-all/ah86jmo43de9lfa8xg9ux3c4h/gradle-2.8/lib/plugins/nekohtml-1.9.14.jar
7f418e2e6000-7f418e2ef000 r--s 00060000 08:01 11141458                   /root/.gradle/wrapper/dists/gradle-2.8-all/ah86jmo43de9lfa8xg9ux3c4h/gradle-2.8/lib/plugins/httpclient-4.2.2.jar
7f418e2ef000-7f418e2f1000 r--s 00009000 08:01 11141432                   /root/.gradle/wrapper/dists/gradle-2.8-all/ah86jmo43de9lfa8xg9ux3c4h/gradle-2.8/lib/plugins/gradle-resources-http-2.8.jar
7f418e2f1000-7f418e2f4000 r--s 00011000 08:01 11141431                   /root/.gradle/wrapper/dists/gradle-2.8-all/ah86jmo43de9lfa8xg9ux3c4h/gradle-2.8/lib/plugins/gradle-plugin-use-2.8.jar
7f418e2f4000-7f418e2f5000 r--s 00007000 08:01 11141500                   /root/.gradle/wrapper/dists/gradle-2.8-all/ah86jmo43de9lfa8xg9ux3c4h/gradle-2.8/lib/plugins/wagon-http-shared4-2.4.jar
7f418e2f5000-7f418e2f9000 r--s 00033000 08:01 11141499                   /root/.gradle/wrapper/dists/gradle-2.8-all/ah86jmo43de9lfa8xg9ux3c4h/gradle-2.8/lib/plugins/plexus-utils-2.0.6.jar
7f418e2f9000-7f418e2fd000 r--s 00021000 08:01 11141498                   /root/.gradle/wrapper/dists/gradle-2.8-all/ah86jmo43de9lfa8xg9ux3c4h/gradle-2.8/lib/plugins/maven-model-builder-3.0.4.jar
7f418e2fd000-7f418e2fe000 r--s 00002000 08:01 11141497                   /root/.gradle/wrapper/dists/gradle-2.8-all/ah86jmo43de9lfa8xg9ux3c4h/gradle-2.8/lib/plugins/wagon-file-2.4.jar
7f418e2fe000-7f418e300000 r--s 00002000 08:01 11141496                   /root/.gradle/wrapper/dists/gradle-2.8-all/ah86jmo43de9lfa8xg9ux3c4h/gradle-2.8/lib/plugins/plexus-cipher-1.7.jar
7f418e300000-7f418e303000 r--s 00013000 08:01 11141495                   /root/.gradle/wrapper/dists/gradle-2.8-all/ah86jmo43de9lfa8xg9ux3c4h/gradle-2.8/lib/plugins/aether-api-1.13.1.jar
7f418e303000-7f418e305000 r--s 0000a000 08:01 11141494                   /root/.gradle/wrapper/dists/gradle-2.8-all/ah86jmo43de9lfa8xg9ux3c4h/gradle-2.8/lib/plugins/maven-settings-3.0.4.jar
7f418e305000-7f418e307000 r--s 0000d000 08:01 11141493                   /root/.gradle/wrapper/dists/gradle-2.8-all/ah86jmo43de9lfa8xg9ux3c4h/gradle-2.8/lib/plugins/plexus-interpolation-1.14.jar
7f418e307000-7f418e309000 r--s 0000b000 08:01 11141492                   /root/.gradle/wrapper/dists/gradle-2.8-all/ah86jmo43de9lfa8xg9ux3c4h/gradle-2.8/lib/plugins/maven-artifact-3.0.4.jar
7f418e309000-7f418e310000 r--s 0002e000 08:01 11141491                   /root/.gradle/wrapper/dists/gradle-2.8-all/ah86jmo43de9lfa8xg9ux3c4h/gradle-2.8/lib/plugins/plexus-container-default-1.5.5.jar
7f418e310000-7f418e312000 r--s 0000b000 08:01 11141490                   /root/.gradle/wrapper/dists/gradle-2.8-all/ah86jmo43de9lfa8xg9ux3c4h/gradle-2.8/lib/plugins/maven-plugin-api-3.0.4.jar
7f418e312000-7f418e314000 r--s 00000000 08:01 11141507                   /root/.gradle/wrapper/dists/gradle-2.8-all/ah86jmo43de9lfa8xg9ux3c4h/gradle-2.8/lib/plugins/plexus-component-annotations-1.5.5.jar
7f418e314000-7f418e31a000 r--s 0003f000 08:01 11141489                   /root/.gradle/wrapper/dists/gradle-2.8-all/ah86jmo43de9lfa8xg9ux3c4h/gradle-2.8/lib/plugins/maven-compat-3.0.4.jar
7f418e31a000-7f418e31d000 r--s 00008000 08:01 11141488                   /root/.gradle/wrapper/dists/gradle-2.8-all/ah86jmo43de9lfa8xg9ux3c4h/gradle-2.8/lib/plugins/maven-settings-builder-3.0.4.jar
7f418e31d000-7f418e31e000 r--s 00002000 08:01 11141487                   /root/.gradle/wrapper/dists/gradle-2.8-all/ah86jmo43de9lfa8xg9ux3c4h/gradle-2.8/lib/plugins/wagon-http-2.4.jar
7f418e31e000-7f418e320000 r--s 00026000 08:01 11141486                   /root/.gradle/wrapper/dists/gradle-2.8-all/ah86jmo43de9lfa8xg9ux3c4h/gradle-2.8/lib/plugins/maven-model-3.0.4.jar
7f418e320000-7f418e322000 r--s 00006000 08:01 11141485                   /root/.gradle/wrapper/dists/gradle-2.8-all/ah86jmo43de9lfa8xg9ux3c4h/gradle-2.8/lib/plugins/aether-connector-wagon-1.13.1.jar
7f418e322000-7f418e324000 r--s 0000a000 08:01 11141484                   /root/.gradle/wrapper/dists/gradle-2.8-all/ah86jmo43de9lfa8xg9ux3c4h/gradle-2.8/lib/plugins/plexus-classworlds-2.4.jar
7f418e324000-7f418e326000 r--s 00006000 08:01 11141483                   /root/.gradle/wrapper/dists/gradle-2.8-all/ah86jmo43de9lfa8xg9ux3c4h/gradle-2.8/lib/plugins/maven-repository-metadata-3.0.4.jar
7f418e326000-7f418e328000 r--s 0000c000 08:01 11141482                   /root/.gradle/wrapper/dists/gradle-2.8-all/ah86jmo43de9lfa8xg9ux3c4h/gradle-2.8/lib/plugins/maven-aether-provider-3.0.4.jar
7f418e328000-7f418e32a000 r--s 0000b000 08:01 11141481                   /root/.gradle/wrapper/dists/gradle-2.8-all/ah86jmo43de9lfa8xg9ux3c4h/gradle-2.8/lib/plugins/wagon-provider-api-2.4.jar
7f418e32a000-7f418e32b000 r--s 00003000 08:01 11141480                   /root/.gradle/wrapper/dists/gradle-2.8-all/ah86jmo43de9lfa8xg9ux3c4h/gradle-2.8/lib/plugins/aether-spi-1.13.1.jar
7f418e32b000-7f418e32f000 r--s 0001c000 08:01 11141479                   /root/.gradle/wrapper/dists/gradle-2.8-all/ah86jmo43de9lfa8xg9ux3c4h/gradle-2.8/lib/plugins/aether-util-1.13.1.jar
7f418e32f000-7f418e332000 r--s 0001d000 08:01 11141478                   /root/.gradle/wrapper/dists/gradle-2.8-all/ah86jmo43de9lfa8xg9ux3c4h/gradle-2.8/lib/plugins/aether-impl-1.13.1.jar
7f418e332000-7f418e333000 r--s 00006000 08:01 11141477                   /root/.gradle/wrapper/dists/gradle-2.8-all/ah86jmo43de9lfa8xg9ux3c4h/gradle-2.8/lib/plugins/plexus-sec-dispatcher-1.3.jar
7f418e333000-7f418e337000 r--s 0003d000 08:01 11141460                   /root/.gradle/wrapper/dists/gradle-2.8-all/ah86jmo43de9lfa8xg9ux3c4h/gradle-2.8/lib/plugins/jsch-0.1.51.jar
7f418e337000-7f418e377000 r--s 00277000 08:01 11141470                   /root/.gradle/wrapper/dists/gradle-2.8-all/ah86jmo43de9lfa8xg9ux3c4h/gradle-2.8/lib/plugins/bcprov-jdk15on-1.51.jar
7f418e377000-7f418e383000 r--s 0007d000 08:01 11141449                   /root/.gradle/wrapper/dists/gradle-2.8-all/ah86jmo43de9lfa8xg9ux3c4h/gradle-2.8/lib/plugins/maven-core-3.0.4.jar
7f418e383000-7f418e388000 r--s 0002a000 08:01 11141455                   /root/.gradle/wrapper/dists/gradle-2.8-all/ah86jmo43de9lfa8xg9ux3c4h/gradle-2.8/lib/plugins/gson-2.2.4.jar
7f418e388000-7f418e397000 r--s 000d9000 08:01 11141468                   /root/.gradle/wrapper/dists/gradle-2.8-all/ah86jmo43de9lfa8xg9ux3c4h/gradle-2.8/lib/plugins/ivy-2.2.0.jar
7f418e397000-7f418e39b000 r-xp 00000000 08:01 10232760                   /root/.gradle/native/19/linux-amd64/libnative-platform.so
7f418e39b000-7f418e59a000 ---p 00004000 08:01 10232760                   /root/.gradle/native/19/linux-amd64/libnative-platform.so
7f418e59a000-7f418e59b000 rw-p 00003000 08:01 10232760                   /root/.gradle/native/19/linux-amd64/libnative-platform.so
7f418e59b000-7f418e5ab000 r-xp 00000000 08:01 16386837                   /usr/lib/jvm/java-7-openjdk-amd64/jre/lib/amd64/libnio.so
7f418e5ab000-7f418e7ab000 ---p 00010000 08:01 16386837                   /usr/lib/jvm/java-7-openjdk-amd64/jre/lib/amd64/libnio.so
7f418e7ab000-7f418e7ac000 r--p 00010000 08:01 16386837                   /usr/lib/jvm/java-7-openjdk-amd64/jre/lib/amd64/libnio.so
7f418e7ac000-7f418e7ad000 rw-p 00011000 08:01 16386837                   /usr/lib/jvm/java-7-openjdk-amd64/jre/lib/amd64/libnio.so
7f418e7ad000-7f418e7de000 rw-p 00000000 00:00 0 
7f418e7de000-7f418e81b000 r-xp 00000000 08:01 4196986                    /lib/x86_64-linux-gnu/libpcre.so.3.13.1
7f418e81b000-7f418ea1a000 ---p 0003d000 08:01 4196986                    /lib/x86_64-linux-gnu/libpcre.so.3.13.1
7f418ea1a000-7f418ea1b000 r--p 0003c000 08:01 4196986                    /lib/x86_64-linux-gnu/libpcre.so.3.13.1
7f418ea1b000-7f418ea1c000 rw-p 0003d000 08:01 4196986                    /lib/x86_64-linux-gnu/libpcre.so.3.13.1
7f418ea1c000-7f418ea23000 r-xp 00000000 08:01 15736616                   /usr/lib/x86_64-linux-gnu/libffi.so.6.0.1
7f418ea23000-7f418ec22000 ---p 00007000 08:01 15736616                   /usr/lib/x86_64-linux-gnu/libffi.so.6.0.1
7f418ec22000-7f418ec23000 r--p 00006000 08:01 15736616                   /usr/lib/x86_64-linux-gnu/libffi.so.6.0.1
7f418ec23000-7f418ec24000 rw-p 00007000 08:01 15736616                   /usr/lib/x86_64-linux-gnu/libffi.so.6.0.1
7f418ec24000-7f418ec3b000 r-xp 00000000 08:01 4196930                    /lib/x86_64-linux-gnu/libresolv-2.19.so
7f418ec3b000-7f418ee3b000 ---p 00017000 08:01 4196930                    /lib/x86_64-linux-gnu/libresolv-2.19.so
7f418ee3b000-7f418ee3c000 r--p 00017000 08:01 4196930                    /lib/x86_64-linux-gnu/libresolv-2.19.so
7f418ee3c000-7f418ee3d000 rw-p 00018000 08:01 4196930                    /lib/x86_64-linux-gnu/libresolv-2.19.so
7f418ee3d000-7f418ee3f000 rw-p 00000000 00:00 0 
7f418ee3f000-7f418ee5f000 r-xp 00000000 08:01 4198941                    /lib/x86_64-linux-gnu/libselinux.so.1
7f418ee5f000-7f418f05e000 ---p 00020000 08:01 4198941                    /lib/x86_64-linux-gnu/libselinux.so.1
7f418f05e000-7f418f05f000 r--p 0001f000 08:01 4198941                    /lib/x86_64-linux-gnu/libselinux.so.1
7f418f05f000-7f418f060000 rw-p 00020000 08:01 4198941                    /lib/x86_64-linux-gnu/libselinux.so.1
7f418f060000-7f418f062000 rw-p 00000000 00:00 0 
7f418f062000-7f418f065000 r-xp 00000000 08:01 15729004                   /usr/lib/x86_64-linux-gnu/libgmodule-2.0.so.0.4002.0
7f418f065000-7f418f264000 ---p 00003000 08:01 15729004                   /usr/lib/x86_64-linux-gnu/libgmodule-2.0.so.0.4002.0
7f418f264000-7f418f265000 r--p 00002000 08:01 15729004                   /usr/lib/x86_64-linux-gnu/libgmodule-2.0.so.0.4002.0
7f418f265000-7f418f266000 rw-p 00003000 08:01 15729004                   /usr/lib/x86_64-linux-gnu/libgmodule-2.0.so.0.4002.0
7f418f266000-7f418f36c000 r-xp 00000000 08:01 4218194                    /lib/x86_64-linux-gnu/libglib-2.0.so.0.4002.0
7f418f36c000-7f418f56b000 ---p 00106000 08:01 4218194                    /lib/x86_64-linux-gnu/libglib-2.0.so.0.4002.0
7f418f56b000-7f418f56c000 r--p 00105000 08:01 4218194                    /lib/x86_64-linux-gnu/libglib-2.0.so.0.4002.0
7f418f56c000-7f418f56d000 rw-p 00106000 08:01 4218194                    /lib/x86_64-linux-gnu/libglib-2.0.so.0.4002.0
7f418f56d000-7f418f56e000 rw-p 00000000 00:00 0 
7f418f56e000-7f418f5bd000 r-xp 00000000 08:01 15729022                   /usr/lib/x86_64-linux-gnu/libgobject-2.0.so.0.4002.0
7f418f5bd000-7f418f7bd000 ---p 0004f000 08:01 15729022                   /usr/lib/x86_64-linux-gnu/libgobject-2.0.so.0.4002.0
7f418f7bd000-7f418f7be000 r--p 0004f000 08:01 15729022                   /usr/lib/x86_64-linux-gnu/libgobject-2.0.so.0.4002.0
7f418f7be000-7f418f7bf000 rw-p 00050000 08:01 15729022                   /usr/lib/x86_64-linux-gnu/libgobject-2.0.so.0.4002.0
7f418f7bf000-7f418f92b000 r-xp 00000000 08:01 15729026                   /usr/lib/x86_64-linux-gnu/libgio-2.0.so.0.4002.0
7f418f92b000-7f418fb2a000 ---p 0016c000 08:01 15729026                   /usr/lib/x86_64-linux-gnu/libgio-2.0.so.0.4002.0
7f418fb2a000-7f418fb2e000 r--p 0016b000 08:01 15729026                   /usr/lib/x86_64-linux-gnu/libgio-2.0.so.0.4002.0
7f418fb2e000-7f418fb30000 rw-p 0016f000 08:01 15729026                   /usr/lib/x86_64-linux-gnu/libgio-2.0.so.0.4002.0
7f418fb30000-7f418fb32000 rw-p 00000000 00:00 0 
7f418fb32000-7f418fb36000 r--s 0001d000 08:01 11141469                   /root/.gradle/wrapper/dists/gradle-2.8-all/ah86jmo43de9lfa8xg9ux3c4h/gradle-2.8/lib/plugins/xbean-reflect-3.4.jar
7f418fb36000-7f418fb52000 r--s 000ca000 08:01 11141436                   /root/.gradle/wrapper/dists/gradle-2.8-all/ah86jmo43de9lfa8xg9ux3c4h/gradle-2.8/lib/plugins/gradle-dependency-management-2.8.jar
7f418fb52000-7f418fb69000 r-xp 00000000 08:01 16386827                   /usr/lib/jvm/java-7-openjdk-amd64/jre/lib/amd64/libnet.so
7f418fb69000-7f418fd68000 ---p 00017000 08:01 16386827                   /usr/lib/jvm/java-7-openjdk-amd64/jre/lib/amd64/libnet.so
7f418fd68000-7f418fd69000 r--p 00016000 08:01 16386827                   /usr/lib/jvm/java-7-openjdk-amd64/jre/lib/amd64/libnet.so
7f418fd69000-7f418fd6a000 rw-p 00017000 08:01 16386827                   /usr/lib/jvm/java-7-openjdk-amd64/jre/lib/amd64/libnet.so
7f418fd6a000-7f418fd6b000 r--s 00006000 08:01 11141352                   /root/.gradle/wrapper/dists/gradle-2.8-all/ah86jmo43de9lfa8xg9ux3c4h/gradle-2.8/lib/gradle-wrapper-2.8.jar
7f418fd6b000-7f418fd76000 r--s 0003a000 08:01 11141357                   /root/.gradle/wrapper/dists/gradle-2.8-all/ah86jmo43de9lfa8xg9ux3c4h/gradle-2.8/lib/gradle-tooling-api-2.8.jar
7f418fd76000-7f418fd7c000 r--s 00032000 08:01 11141381                   /root/.gradle/wrapper/dists/gradle-2.8-all/ah86jmo43de9lfa8xg9ux3c4h/gradle-2.8/lib/jaxen-1.1.jar
7f418fd7c000-7f418fd81000 r--s 00048000 08:01 11141380                   /root/.gradle/wrapper/dists/gradle-2.8-all/ah86jmo43de9lfa8xg9ux3c4h/gradle-2.8/lib/dom4j-1.6.1.jar
7f418fd81000-7f418fd8c000 r--s 00059000 08:01 11141356                   /root/.gradle/wrapper/dists/gradle-2.8-all/ah86jmo43de9lfa8xg9ux3c4h/gradle-2.8/lib/gradle-ui-2.8.jar
7f418fd8c000-7f418fd8f000 r--s 00008000 08:01 11141375                   /root/.gradle/wrapper/dists/gradle-2.8-all/ah86jmo43de9lfa8xg9ux3c4h/gradle-2.8/lib/gradle-resources-2.8.jar
7f418fd8f000-7f418fdfe000 r--s 0063e000 08:01 11141362                   /root/.gradle/wrapper/dists/gradle-2.8-all/ah86jmo43de9lfa8xg9ux3c4h/gradle-2.8/lib/groovy-all-2.4.4.jar
7f418fdfe000-7f418fdff000 ---p 00000000 00:00 0 
7f418fdff000-7f418feff000 rw-p 00000000 00:00 0                          [stack:14518]
7f418feff000-7f418ff02000 ---p 00000000 00:00 0 
7f418ff02000-7f4190000000 rw-p 00000000 00:00 0                          [stack:14517]
7f4190000000-7f4190021000 rw-p 00000000 00:00 0 
7f4190021000-7f4194000000 ---p 00000000 00:00 0 
7f4194000000-7f4194002000 r--s 00002000 08:01 11141379                   /root/.gradle/wrapper/dists/gradle-2.8-all/ah86jmo43de9lfa8xg9ux3c4h/gradle-2.8/lib/gradle-open-api-2.8.jar
7f4194002000-7f4194004000 r--s 00007000 08:01 11141397                   /root/.gradle/wrapper/dists/gradle-2.8-all/ah86jmo43de9lfa8xg9ux3c4h/gradle-2.8/lib/objenesis-1.2.jar
7f4194004000-7f4194006000 r--s 00000000 08:01 11141396                   /root/.gradle/wrapper/dists/gradle-2.8-all/ah86jmo43de9lfa8xg9ux3c4h/gradle-2.8/lib/minlog-1.2.jar
7f4194006000-7f4194008000 r--s 0000f000 08:01 11141395                   /root/.gradle/wrapper/dists/gradle-2.8-all/ah86jmo43de9lfa8xg9ux3c4h/gradle-2.8/lib/reflectasm-1.07-shaded.jar
7f4194008000-7f419400c000 r--s 00026000 08:01 11141386                   /root/.gradle/wrapper/dists/gradle-2.8-all/ah86jmo43de9lfa8xg9ux3c4h/gradle-2.8/lib/kryo-2.20.jar
7f419400c000-7f4194015000 r--s 0003f000 08:01 11141374                   /root/.gradle/wrapper/dists/gradle-2.8-all/ah86jmo43de9lfa8xg9ux3c4h/gradle-2.8/lib/gradle-messaging-2.8.jar
7f4194015000-7f4194018000 ---p 00000000 00:00 0 
7f4194018000-7f4194116000 rw-p 00000000 00:00 0                          [stack:14516]
7f4194116000-7f4194119000 ---p 00000000 00:00 0 
7f4194119000-7f4194217000 rw-p 00000000 00:00 0                          [stack:14515]
7f4194217000-7f419421a000 ---p 00000000 00:00 0 
7f419421a000-7f4194318000 rw-p 00000000 00:00 0                          [stack:14514]
7f4194318000-7f41949fa000 r--p 00000000 08:01 15735379                   /usr/lib/locale/locale-archive
7f41949fa000-7f41949fd000 ---p 00000000 00:00 0 
7f41949fd000-7f4194afb000 rw-p 00000000 00:00 0                          [stack:14513]
7f4194afb000-7f4194afe000 ---p 00000000 00:00 0 
7f4194afe000-7f4194bfc000 rw-p 00000000 00:00 0                          [stack:14512]
7f4194bfc000-7f4194bfd000 ---p 00000000 00:00 0 
7f4194bfd000-7f4195000000 rw-p 00000000 00:00 0                          [stack:14511]
7f4195000000-7f4195340000 rwxp 00000000 00:00 0 
7f4195340000-7f4198abd000 rw-p 00000000 00:00 0 
7f4198abd000-7f419c000000 ---p 00000000 00:00 0 
7f419c000000-7f419c001000 r--s 00003000 08:01 11141394                   /root/.gradle/wrapper/dists/gradle-2.8-all/ah86jmo43de9lfa8xg9ux3c4h/gradle-2.8/lib/native-platform-freebsd-amd64-0.10.jar
7f419c001000-7f419c002000 r--s 00003000 08:01 11141393                   /root/.gradle/wrapper/dists/gradle-2.8-all/ah86jmo43de9lfa8xg9ux3c4h/gradle-2.8/lib/native-platform-freebsd-i386-0.10.jar
7f419c002000-7f419c003000 r--s 00005000 08:01 11141392                   /root/.gradle/wrapper/dists/gradle-2.8-all/ah86jmo43de9lfa8xg9ux3c4h/gradle-2.8/lib/native-platform-windows-i386-0.10.jar
7f419c003000-7f419c004000 r--s 00005000 08:01 11141391                   /root/.gradle/wrapper/dists/gradle-2.8-all/ah86jmo43de9lfa8xg9ux3c4h/gradle-2.8/lib/native-platform-windows-amd64-0.10.jar
7f419c004000-7f419c005000 r--s 00003000 08:01 11141390                   /root/.gradle/wrapper/dists/gradle-2.8-all/ah86jmo43de9lfa8xg9ux3c4h/gradle-2.8/lib/native-platform-linux-i386-0.10.jar
7f419c005000-7f419c006000 r--s 00003000 08:01 11141389                   /root/.gradle/wrapper/dists/gradle-2.8-all/ah86jmo43de9lfa8xg9ux3c4h/gradle-2.8/lib/native-platform-linux-amd64-0.10.jar
7f419c006000-7f419c007000 r--s 00002000 08:01 11141388                   /root/.gradle/wrapper/dists/gradle-2.8-all/ah86jmo43de9lfa8xg9ux3c4h/gradle-2.8/lib/native-platform-osx-amd64-0.10.jar
7f419c007000-7f419c008000 r--s 00002000 08:01 11141387                   /root/.gradle/wrapper/dists/gradle-2.8-all/ah86jmo43de9lfa8xg9ux3c4h/gradle-2.8/lib/native-platform-osx-i386-0.10.jar
7f419c008000-7f419c00a000 r--s 00008000 08:01 11141384                   /root/.gradle/wrapper/dists/gradle-2.8-all/ah86jmo43de9lfa8xg9ux3c4h/gradle-2.8/lib/jansi-1.2.1.jar
7f419c00a000-7f419c00d000 r--s 0000d000 08:01 11141383                   /root/.gradle/wrapper/dists/gradle-2.8-all/ah86jmo43de9lfa8xg9ux3c4h/gradle-2.8/lib/native-platform-0.10.jar
7f419c00d000-7f419c011000 r--s 000e4000 08:01 11141382                   /root/.gradle/wrapper/dists/gradle-2.8-all/ah86jmo43de9lfa8xg9ux3c4h/gradle-2.8/lib/jna-3.2.7.jar
7f419c011000-7f419c013000 r--s 00008000 08:01 11141358                   /root/.gradle/wrapper/dists/gradle-2.8-all/ah86jmo43de9lfa8xg9ux3c4h/gradle-2.8/lib/gradle-native-2.8.jar
7f419c013000-7f419c015000 r--s 00005000 08:01 11141355                   /root/.gradle/wrapper/dists/gradle-2.8-all/ah86jmo43de9lfa8xg9ux3c4h/gradle-2.8/lib/gradle-cli-2.8.jar
7f419c015000-7f419c016000 r--s 00007000 08:01 11141364                   /root/.gradle/wrapper/dists/gradle-2.8-all/ah86jmo43de9lfa8xg9ux3c4h/gradle-2.8/lib/gradle-model-groovy-2.8.jar
7f419c016000-7f419c017000 r--s 00006000 08:01 11141373                   /root/.gradle/wrapper/dists/gradle-2.8-all/ah86jmo43de9lfa8xg9ux3c4h/gradle-2.8/lib/gradle-base-services-groovy-2.8.jar
7f419c017000-7f419c023000 r--s 00067000 08:01 11141363                   /root/.gradle/wrapper/dists/gradle-2.8-all/ah86jmo43de9lfa8xg9ux3c4h/gradle-2.8/lib/gradle-model-core-2.8.jar
7f419c023000-7f419c024000 r--s 00000000 08:01 11141376                   /root/.gradle/wrapper/dists/gradle-2.8-all/ah86jmo43de9lfa8xg9ux3c4h/gradle-2.8/lib/gradle-docs-2.8.jar
7f419c024000-7f419c026000 r--s 00003000 08:01 11141378                   /root/.gradle/wrapper/dists/gradle-2.8-all/ah86jmo43de9lfa8xg9ux3c4h/gradle-2.8/lib/jcl-over-slf4j-1.7.10.jar
7f419c026000-7f419c027000 r--s 00005000 08:01 11141377                   /root/.gradle/wrapper/dists/gradle-2.8-all/ah86jmo43de9lfa8xg9ux3c4h/gradle-2.8/lib/log4j-over-slf4j-1.7.10.jar
7f419c027000-7f419c028000 r--s 00000000 08:01 11141372                   /root/.gradle/wrapper/dists/gradle-2.8-all/ah86jmo43de9lfa8xg9ux3c4h/gradle-2.8/lib/javax.inject-1.jar
7f419c028000-7f419c02b000 r--s 0001b000 08:01 11141371                   /root/.gradle/wrapper/dists/gradle-2.8-all/ah86jmo43de9lfa8xg9ux3c4h/gradle-2.8/lib/jarjar-1.3.jar
7f419c02b000-7f419c02d000 r--s 00000000 08:01 11141370                   /root/.gradle/wrapper/dists/gradle-2.8-all/ah86jmo43de9lfa8xg9ux3c4h/gradle-2.8/lib/jul-to-slf4j-1.7.10.jar
7f419c02d000-7f419c030000 r--s 00018000 08:01 11141368                   /root/.gradle/wrapper/dists/gradle-2.8-all/ah86jmo43de9lfa8xg9ux3c4h/gradle-2.8/lib/commons-io-1.4.jar
7f419c030000-7f419c03e000 r--s 0007f000 08:01 11141367                   /root/.gradle/wrapper/dists/gradle-2.8-all/ah86jmo43de9lfa8xg9ux3c4h/gradle-2.8/lib/commons-collections-3.2.1.jar
7f419c03e000-7f419c043000 r--s 00036000 08:01 11141365                   /root/.gradle/wrapper/dists/gradle-2.8-all/ah86jmo43de9lfa8xg9ux3c4h/gradle-2.8/lib/asm-all-5.0.3.jar
7f419c043000-7f419c06b000 r--s 001cf000 08:01 11141360                   /root/.gradle/wrapper/dists/gradle-2.8-all/ah86jmo43de9lfa8xg9ux3c4h/gradle-2.8/lib/guava-jdk5-17.0.jar
7f419c06b000-7f419c08a000 r--s 001cc000 08:01 11141366                   /root/.gradle/wrapper/dists/gradle-2.8-all/ah86jmo43de9lfa8xg9ux3c4h/gradle-2.8/lib/ant-1.9.3.jar
7f419c08a000-7f419c0c0000 r--s 001b5000 08:01 11141354                   /root/.gradle/wrapper/dists/gradle-2.8-all/ah86jmo43de9lfa8xg9ux3c4h/gradle-2.8/lib/gradle-core-2.8.jar
7f419c0c0000-7f419cdba000 rw-p 00000000 00:00 0 
7f419cdba000-7f419cf6b000 r--s 01d29000 08:01 16386548                   /usr/lib/jvm/java-7-openjdk-amd64/jre/lib/rt.jar
7f419cf6b000-7f419d2fd000 rw-p 00000000 00:00 0 
7f419d2fd000-7f419d2fe000 ---p 00000000 00:00 0 
7f419d2fe000-7f419d3fe000 rw-p 00000000 00:00 0                          [stack:14510]
7f419d3fe000-7f419d3ff000 ---p 00000000 00:00 0 
7f419d3ff000-7f419d4ff000 rw-p 00000000 00:00 0                          [stack:14509]
7f419d4ff000-7f419d500000 ---p 00000000 00:00 0 
7f419d500000-7f419d600000 rw-p 00000000 00:00 0                          [stack:14508]
7f419d600000-7f419d601000 ---p 00000000 00:00 0 
7f419d601000-7f419d713000 rw-p 00000000 00:00 0                          [stack:14507]
7f419d713000-7f419d781000 rw-p 00000000 00:00 0 
7f419d781000-7f419d7be000 rw-p 00000000 00:00 0 
7f419d7be000-7f419d8d7000 rw-p 00000000 00:00 0 
7f419d8d7000-7f419d8e9000 rw-p 00000000 00:00 0 
7f419d8e9000-7f419d957000 rw-p 00000000 00:00 0 
7f419d957000-7f419d994000 rw-p 00000000 00:00 0 
7f419d994000-7f419daac000 rw-p 00000000 00:00 0 
7f419daac000-7f419db1a000 rw-p 00000000 00:00 0 
7f419db1a000-7f419db57000 rw-p 00000000 00:00 0 
7f419db57000-7f419db58000 rw-p 00000000 00:00 0 
7f419db58000-7f419db60000 r-xp 00000000 08:01 16386700                   /usr/lib/jvm/java-7-openjdk-amd64/jre/lib/amd64/libzip.so
7f419db60000-7f419dd5f000 ---p 00008000 08:01 16386700                   /usr/lib/jvm/java-7-openjdk-amd64/jre/lib/amd64/libzip.so
7f419dd5f000-7f419dd60000 r--p 00007000 08:01 16386700                   /usr/lib/jvm/java-7-openjdk-amd64/jre/lib/amd64/libzip.so
7f419dd60000-7f419dd61000 rw-p 00008000 08:01 16386700                   /usr/lib/jvm/java-7-openjdk-amd64/jre/lib/amd64/libzip.so
7f419dd61000-7f419dd6c000 r-xp 00000000 08:01 4196934                    /lib/x86_64-linux-gnu/libnss_files-2.19.so
7f419dd6c000-7f419df6b000 ---p 0000b000 08:01 4196934                    /lib/x86_64-linux-gnu/libnss_files-2.19.so
7f419df6b000-7f419df6c000 r--p 0000a000 08:01 4196934                    /lib/x86_64-linux-gnu/libnss_files-2.19.so
7f419df6c000-7f419df6d000 rw-p 0000b000 08:01 4196934                    /lib/x86_64-linux-gnu/libnss_files-2.19.so
7f419df6d000-7f419df78000 r-xp 00000000 08:01 4196968                    /lib/x86_64-linux-gnu/libnss_nis-2.19.so
7f419df78000-7f419e177000 ---p 0000b000 08:01 4196968                    /lib/x86_64-linux-gnu/libnss_nis-2.19.so
7f419e177000-7f419e178000 r--p 0000a000 08:01 4196968                    /lib/x86_64-linux-gnu/libnss_nis-2.19.so
7f419e178000-7f419e179000 rw-p 0000b000 08:01 4196968                    /lib/x86_64-linux-gnu/libnss_nis-2.19.so
7f419e179000-7f419e190000 r-xp 00000000 08:01 4196957                    /lib/x86_64-linux-gnu/libnsl-2.19.so
7f419e190000-7f419e38f000 ---p 00017000 08:01 4196957                    /lib/x86_64-linux-gnu/libnsl-2.19.so
7f419e38f000-7f419e390000 r--p 00016000 08:01 4196957                    /lib/x86_64-linux-gnu/libnsl-2.19.so
7f419e390000-7f419e391000 rw-p 00017000 08:01 4196957                    /lib/x86_64-linux-gnu/libnsl-2.19.so
7f419e391000-7f419e393000 rw-p 00000000 00:00 0 
7f419e393000-7f419e39c000 r-xp 00000000 08:01 4196956                    /lib/x86_64-linux-gnu/libnss_compat-2.19.so
7f419e39c000-7f419e59b000 ---p 00009000 08:01 4196956                    /lib/x86_64-linux-gnu/libnss_compat-2.19.so
7f419e59b000-7f419e59c000 r--p 00008000 08:01 4196956                    /lib/x86_64-linux-gnu/libnss_compat-2.19.so
7f419e59c000-7f419e59d000 rw-p 00009000 08:01 4196956                    /lib/x86_64-linux-gnu/libnss_compat-2.19.so
7f419e59d000-7f419e5c8000 r-xp 00000000 08:01 16386847                   /usr/lib/jvm/java-7-openjdk-amd64/jre/lib/amd64/libjava.so
7f419e5c8000-7f419e7c7000 ---p 0002b000 08:01 16386847                   /usr/lib/jvm/java-7-openjdk-amd64/jre/lib/amd64/libjava.so
7f419e7c7000-7f419e7c8000 r--p 0002a000 08:01 16386847                   /usr/lib/jvm/java-7-openjdk-amd64/jre/lib/amd64/libjava.so
7f419e7c8000-7f419e7ca000 rw-p 0002b000 08:01 16386847                   /usr/lib/jvm/java-7-openjdk-amd64/jre/lib/amd64/libjava.so
7f419e7ca000-7f419e7da000 r-xp 00000000 08:01 16386807                   /usr/lib/jvm/java-7-openjdk-amd64/jre/lib/amd64/libverify.so
7f419e7da000-7f419e9d9000 ---p 00010000 08:01 16386807                   /usr/lib/jvm/java-7-openjdk-amd64/jre/lib/amd64/libverify.so
7f419e9d9000-7f419e9db000 r--p 0000f000 08:01 16386807                   /usr/lib/jvm/java-7-openjdk-amd64/jre/lib/amd64/libverify.so
7f419e9db000-7f419e9dc000 rw-p 00011000 08:01 16386807                   /usr/lib/jvm/java-7-openjdk-amd64/jre/lib/amd64/libverify.so
7f419e9dc000-7f419e9e3000 r-xp 00000000 08:01 4196965                    /lib/x86_64-linux-gnu/librt-2.19.so
7f419e9e3000-7f419ebe2000 ---p 00007000 08:01 4196965                    /lib/x86_64-linux-gnu/librt-2.19.so
7f419ebe2000-7f419ebe3000 r--p 00006000 08:01 4196965                    /lib/x86_64-linux-gnu/librt-2.19.so
7f419ebe3000-7f419ebe4000 rw-p 00007000 08:01 4196965                    /lib/x86_64-linux-gnu/librt-2.19.so
7f419ebe4000-7f419ebfa000 r-xp 00000000 08:01 4194330                    /lib/x86_64-linux-gnu/libgcc_s.so.1
7f419ebfa000-7f419edf9000 ---p 00016000 08:01 4194330                    /lib/x86_64-linux-gnu/libgcc_s.so.1
7f419edf9000-7f419edfa000 rw-p 00015000 08:01 4194330                    /lib/x86_64-linux-gnu/libgcc_s.so.1
7f419edfa000-7f419eeff000 r-xp 00000000 08:01 4196933                    /lib/x86_64-linux-gnu/libm-2.19.so
7f419eeff000-7f419f0fe000 ---p 00105000 08:01 4196933                    /lib/x86_64-linux-gnu/libm-2.19.so
7f419f0fe000-7f419f0ff000 r--p 00104000 08:01 4196933                    /lib/x86_64-linux-gnu/libm-2.19.so
7f419f0ff000-7f419f100000 rw-p 00105000 08:01 4196933                    /lib/x86_64-linux-gnu/libm-2.19.so
7f419f100000-7f419f1e6000 r-xp 00000000 08:01 15732885                   /usr/lib/x86_64-linux-gnu/libstdc++.so.6.0.19
7f419f1e6000-7f419f3e5000 ---p 000e6000 08:01 15732885                   /usr/lib/x86_64-linux-gnu/libstdc++.so.6.0.19
7f419f3e5000-7f419f3ed000 r--p 000e5000 08:01 15732885                   /usr/lib/x86_64-linux-gnu/libstdc++.so.6.0.19
7f419f3ed000-7f419f3ef000 rw-p 000ed000 08:01 15732885                   /usr/lib/x86_64-linux-gnu/libstdc++.so.6.0.19
7f419f3ef000-7f419f404000 rw-p 00000000 00:00 0 
7f419f404000-7f419ff1d000 r-xp 00000000 08:01 16517065                   /usr/lib/jvm/java-7-openjdk-amd64/jre/lib/amd64/server/libjvm.so
7f419ff1d000-7f41a011d000 ---p 00b19000 08:01 16517065                   /usr/lib/jvm/java-7-openjdk-amd64/jre/lib/amd64/server/libjvm.so
7f41a011d000-7f41a01b7000 r--p 00b19000 08:01 16517065                   /usr/lib/jvm/java-7-openjdk-amd64/jre/lib/amd64/server/libjvm.so
7f41a01b7000-7f41a01da000 rw-p 00bb3000 08:01 16517065                   /usr/lib/jvm/java-7-openjdk-amd64/jre/lib/amd64/server/libjvm.so
7f41a01da000-7f41a0208000 rw-p 00000000 00:00 0 
7f41a0208000-7f41a0220000 r-xp 00000000 08:01 4198406                    /lib/x86_64-linux-gnu/libz.so.1.2.8
7f41a0220000-7f41a041f000 ---p 00018000 08:01 4198406                    /lib/x86_64-linux-gnu/libz.so.1.2.8
7f41a041f000-7f41a0420000 r--p 00017000 08:01 4198406                    /lib/x86_64-linux-gnu/libz.so.1.2.8
7f41a0420000-7f41a0421000 rw-p 00018000 08:01 4198406                    /lib/x86_64-linux-gnu/libz.so.1.2.8
7f41a0421000-7f41a043a000 r-xp 00000000 08:01 4196963                    /lib/x86_64-linux-gnu/libpthread-2.19.so
7f41a043a000-7f41a0639000 ---p 00019000 08:01 4196963                    /lib/x86_64-linux-gnu/libpthread-2.19.so
7f41a0639000-7f41a063a000 r--p 00018000 08:01 4196963                    /lib/x86_64-linux-gnu/libpthread-2.19.so
7f41a063a000-7f41a063b000 rw-p 00019000 08:01 4196963                    /lib/x86_64-linux-gnu/libpthread-2.19.so
7f41a063b000-7f41a063f000 rw-p 00000000 00:00 0 
7f41a063f000-7f41a0642000 r-xp 00000000 08:01 4196950                    /lib/x86_64-linux-gnu/libdl-2.19.so
7f41a0642000-7f41a0841000 ---p 00003000 08:01 4196950                    /lib/x86_64-linux-gnu/libdl-2.19.so
7f41a0841000-7f41a0842000 r--p 00002000 08:01 4196950                    /lib/x86_64-linux-gnu/libdl-2.19.so
7f41a0842000-7f41a0843000 rw-p 00003000 08:01 4196950                    /lib/x86_64-linux-gnu/libdl-2.19.so
7f41a0843000-7f41a09fe000 r-xp 00000000 08:01 4196962                    /lib/x86_64-linux-gnu/libc-2.19.so
7f41a09fe000-7f41a0bfd000 ---p 001bb000 08:01 4196962                    /lib/x86_64-linux-gnu/libc-2.19.so
7f41a0bfd000-7f41a0c01000 r--p 001ba000 08:01 4196962                    /lib/x86_64-linux-gnu/libc-2.19.so
7f41a0c01000-7f41a0c03000 rw-p 001be000 08:01 4196962                    /lib/x86_64-linux-gnu/libc-2.19.so
7f41a0c03000-7f41a0c08000 rw-p 00000000 00:00 0 
7f41a0c08000-7f41a0c15000 r-xp 00000000 08:01 16515827                   /usr/lib/jvm/java-7-openjdk-amd64/jre/lib/amd64/jli/libjli.so
7f41a0c15000-7f41a0e14000 ---p 0000d000 08:01 16515827                   /usr/lib/jvm/java-7-openjdk-amd64/jre/lib/amd64/jli/libjli.so
7f41a0e14000-7f41a0e15000 r--p 0000c000 08:01 16515827                   /usr/lib/jvm/java-7-openjdk-amd64/jre/lib/amd64/jli/libjli.so
7f41a0e15000-7f41a0e16000 rw-p 0000d000 08:01 16515827                   /usr/lib/jvm/java-7-openjdk-amd64/jre/lib/amd64/jli/libjli.so
7f41a0e16000-7f41a0e39000 r-xp 00000000 08:01 4196959                    /lib/x86_64-linux-gnu/ld-2.19.so
7f41a0e39000-7f41a0e3a000 r--s 00000000 08:01 11141369                   /root/.gradle/wrapper/dists/gradle-2.8-all/ah86jmo43de9lfa8xg9ux3c4h/gradle-2.8/lib/jcip-annotations-1.0.jar
7f41a0e3a000-7f41a0e3f000 r--s 00041000 08:01 11141361                   /root/.gradle/wrapper/dists/gradle-2.8-all/ah86jmo43de9lfa8xg9ux3c4h/gradle-2.8/lib/commons-lang-2.6.jar
7f41a0e3f000-7f41a0e46000 r--s 00032000 08:01 11141353                   /root/.gradle/wrapper/dists/gradle-2.8-all/ah86jmo43de9lfa8xg9ux3c4h/gradle-2.8/lib/gradle-base-services-2.8.jar
7f41a0e46000-7f41a0e50000 r--s 0004a000 08:01 11141351                   /root/.gradle/wrapper/dists/gradle-2.8-all/ah86jmo43de9lfa8xg9ux3c4h/gradle-2.8/lib/gradle-launcher-2.8.jar
7f41a0e50000-7f41a0e5d000 rw-p 00000000 00:00 0 
7f41a0e5d000-7f41a0f10000 rw-p 00000000 00:00 0 
7f41a0f10000-7f41a0f13000 ---p 00000000 00:00 0 
7f41a0f13000-7f41a1016000 rw-p 00000000 00:00 0                          [stack:14506]
7f41a1016000-7f41a1017000 r--s 00007000 08:01 11141359                   /root/.gradle/wrapper/dists/gradle-2.8-all/ah86jmo43de9lfa8xg9ux3c4h/gradle-2.8/lib/slf4j-api-1.7.10.jar
7f41a1017000-7f41a1018000 r--s 00004000 08:01 11141385                   /root/.gradle/wrapper/dists/gradle-2.8-all/ah86jmo43de9lfa8xg9ux3c4h/gradle-2.8/lib/ant-launcher-1.9.3.jar
7f41a1018000-7f41a101a000 r--s 00006000 08:01 16127441                   /usr/share/java/java-atk-wrapper.jar
7f41a101a000-7f41a101c000 r--s 00012000 08:01 16386689                   /usr/lib/jvm/java-7-openjdk-amd64/jre/lib/ext/zipfs.jar
7f41a101c000-7f41a1020000 r--s 00034000 08:01 16386685                   /usr/lib/jvm/java-7-openjdk-amd64/jre/lib/ext/sunjce_provider.jar
7f41a1020000-7f41a1023000 r--s 0000f000 08:01 16386688                   /usr/lib/jvm/java-7-openjdk-amd64/jre/lib/ext/icedtea-sound.jar
7f41a1023000-7f41a1027000 r--s 00085000 08:01 16386683                   /usr/lib/jvm/java-7-openjdk-amd64/jre/lib/ext/localedata.jar
7f41a1027000-7f41a102b000 r--s 0003c000 08:01 16386686                   /usr/lib/jvm/java-7-openjdk-amd64/jre/lib/ext/sunpkcs11.jar
7f41a102b000-7f41a102c000 r--s 00002000 08:01 16386684                   /usr/lib/jvm/java-7-openjdk-amd64/jre/lib/ext/dnsns.jar
7f41a102c000-7f41a1034000 rw-s 00000000 08:01 21110353                   /tmp/hsperfdata_root/14502
7f41a1034000-7f41a1035000 rw-p 00000000 00:00 0 
7f41a1035000-7f41a1036000 ---p 00000000 00:00 0 
7f41a1036000-7f41a1038000 rw-p 00000000 00:00 0 
7f41a1038000-7f41a1039000 r--p 00022000 08:01 4196959                    /lib/x86_64-linux-gnu/ld-2.19.so
7f41a1039000-7f41a103a000 rw-p 00023000 08:01 4196959                    /lib/x86_64-linux-gnu/ld-2.19.so
7f41a103a000-7f41a103b000 rw-p 00000000 00:00 0 
7fffb1468000-7fffb1489000 rw-p 00000000 00:00 0                          [stack]
7fffb14f8000-7fffb14fa000 r-xp 00000000 00:00 0                          [vdso]
ffffffffff600000-ffffffffff601000 r-xp 00000000 00:00 0                  [vsyscall]

VM Arguments:
jvm_args: -XX:MaxPermSize=256m -XX:+HeapDumpOnOutOfMemoryError -Xmx1024m -Dfile.encoding=UTF-8 -Duser.country=IN -Duser.language=en -Duser.variant 
java_command: org.gradle.launcher.daemon.bootstrap.GradleDaemon 2.8
Launcher Type: SUN_STANDARD

Environment Variables:
PATH=/usr/local/sbin:/usr/local/bin:/usr/sbin:/usr/bin:/sbin:/bin
USERNAME=root
LD_LIBRARY_PATH=bin:
SHELL=/bin/bash
DISPLAY=:0

Signal Handlers:
SIGSEGV: [libjvm.so+0x94bab0], sa_mask[0]=0x7ffbfeff, sa_flags=0x10000004
SIGBUS: [libjvm.so+0x94bab0], sa_mask[0]=0x7ffbfeff, sa_flags=0x10000004
SIGFPE: [libjvm.so+0x7c38b0], sa_mask[0]=0x7ffbfeff, sa_flags=0x10000004
SIGPIPE: [libjvm.so+0x7c38b0], sa_mask[0]=0x7ffbfeff, sa_flags=0x10000004
SIGXFSZ: [libjvm.so+0x7c38b0], sa_mask[0]=0x7ffbfeff, sa_flags=0x10000004
SIGILL: [libjvm.so+0x7c38b0], sa_mask[0]=0x7ffbfeff, sa_flags=0x10000004
SIGUSR1: SIG_DFL, sa_mask[0]=0x00000000, sa_flags=0x00000000
SIGUSR2: [libjvm.so+0x7c3750], sa_mask[0]=0x00000004, sa_flags=0x10000004
SIGHUP: [libjvm.so+0x7c3930], sa_mask[0]=0x7ffbfeff, sa_flags=0x10000004
SIGINT: [libjvm.so+0x7c3930], sa_mask[0]=0x7ffbfeff, sa_flags=0x10000004
SIGTERM: [libjvm.so+0x7c3930], sa_mask[0]=0x7ffbfeff, sa_flags=0x10000004
SIGQUIT: [libjvm.so+0x7c3930], sa_mask[0]=0x7ffbfeff, sa_flags=0x10000004
SIGTRAP: SIG_DFL, sa_mask[0]=0x00000000, sa_flags=0x00000000


---------------  S Y S T E M  ---------------

OS:Ubuntu 14.04 (trusty)
uname:Linux 3.13.9 #2 SMP Tue May 20 09:57:03 CDT 2014 x86_64
libc:glibc 2.19 NPTL 2.19 
rlimit: STACK 8192k, CORE 0k, NPROC 93768, NOFILE 4096, AS infinity
load average:0.48 0.47 0.41

/proc/meminfo:
MemTotal:       12023732 kB
MemFree:          217172 kB
Buffers:          677872 kB
Cached:          6798064 kB
SwapCached:            0 kB
Active:          4415676 kB
Inactive:        6577284 kB
Active(anon):    2896772 kB
Inactive(anon):  1346468 kB
Active(file):    1518904 kB
Inactive(file):  5230816 kB
Unevictable:          80 kB
Mlocked:              80 kB
SwapTotal:       8100860 kB
SwapFree:        8100860 kB
Dirty:             15036 kB
Writeback:             0 kB
AnonPages:       3517212 kB
Mapped:           452136 kB
Shmem:            726180 kB
Slab:             629464 kB
SReclaimable:     575844 kB
SUnreclaim:        53620 kB
KernelStack:        6272 kB
PageTables:        51772 kB
NFS_Unstable:          0 kB
Bounce:                0 kB
WritebackTmp:          0 kB
CommitLimit:    14112724 kB
Committed_AS:   10055676 kB
VmallocTotal:   34359738367 kB
VmallocUsed:      370664 kB
VmallocChunk:   34359357628 kB
HardwareCorrupted:     0 kB
AnonHugePages:   1818624 kB
HugePages_Total:       0
HugePages_Free:        0
HugePages_Rsvd:        0
HugePages_Surp:        0
Hugepagesize:       2048 kB
DirectMap4k:       72804 kB
DirectMap2M:     5933056 kB
DirectMap1G:     6291456 kB


CPU:total 4 (2 cores per cpu, 2 threads per core) family 6 model 60 stepping 3, cmov, cx8, fxsr, mmx, sse, sse2, sse3, ssse3, sse4.1, sse4.2, popcnt, avx, avx2, aes, erms, ht, tsc, tscinvbit

/proc/cpuinfo:
processor	: 0
vendor_id	: GenuineIntel
cpu family	: 6
model		: 60
model name	: Intel(R) Core(TM) i5-4200M CPU @ 2.50GHz
stepping	: 3
microcode	: 0x17
cpu MHz		: 2501.000
cache size	: 3072 KB
physical id	: 0
siblings	: 4
core id		: 0
cpu cores	: 2
apicid		: 0
initial apicid	: 0
fpu		: yes
fpu_exception	: yes
cpuid level	: 13
wp		: yes
flags		: fpu vme de pse tsc msr pae mce cx8 apic sep mtrr pge mca cmov pat pse36 clflush dts acpi mmx fxsr sse sse2 ss ht tm pbe syscall nx pdpe1gb rdtscp lm constant_tsc arch_perfmon pebs bts rep_good nopl xtopology nonstop_tsc aperfmperf eagerfpu pni pclmulqdq dtes64 monitor ds_cpl vmx est tm2 ssse3 fma cx16 xtpr pdcm pcid sse4_1 sse4_2 movbe popcnt tsc_deadline_timer aes xsave avx f16c rdrand lahf_lm abm ida arat epb xsaveopt pln pts dtherm tpr_shadow vnmi flexpriority ept vpid fsgsbase tsc_adjust bmi1 avx2 smep bmi2 erms invpcid
bogomips	: 4988.73
clflush size	: 64
cache_alignment	: 64
address sizes	: 39 bits physical, 48 bits virtual
power management:

processor	: 1
vendor_id	: GenuineIntel
cpu family	: 6
model		: 60
model name	: Intel(R) Core(TM) i5-4200M CPU @ 2.50GHz
stepping	: 3
microcode	: 0x17
cpu MHz		: 2501.000
cache size	: 3072 KB
physical id	: 0
siblings	: 4
core id		: 0
cpu cores	: 2
apicid		: 1
initial apicid	: 1
fpu		: yes
fpu_exception	: yes
cpuid level	: 13
wp		: yes
flags		: fpu vme de pse tsc msr pae mce cx8 apic sep mtrr pge mca cmov pat pse36 clflush dts acpi mmx fxsr sse sse2 ss ht tm pbe syscall nx pdpe1gb rdtscp lm constant_tsc arch_perfmon pebs bts rep_good nopl xtopology nonstop_tsc aperfmperf eagerfpu pni pclmulqdq dtes64 monitor ds_cpl vmx est tm2 ssse3 fma cx16 xtpr pdcm pcid sse4_1 sse4_2 movbe popcnt tsc_deadline_timer aes xsave avx f16c rdrand lahf_lm abm ida arat epb xsaveopt pln pts dtherm tpr_shadow vnmi flexpriority ept vpid fsgsbase tsc_adjust bmi1 avx2 smep bmi2 erms invpcid
bogomips	: 4988.73
clflush size	: 64
cache_alignment	: 64
address sizes	: 39 bits physical, 48 bits virtual
power management:

processor	: 2
vendor_id	: GenuineIntel
cpu family	: 6
model		: 60
model name	: Intel(R) Core(TM) i5-4200M CPU @ 2.50GHz
stepping	: 3
microcode	: 0x17
cpu MHz		: 2501.000
cache size	: 3072 KB
physical id	: 0
siblings	: 4
core id		: 1
cpu cores	: 2
apicid		: 2
initial apicid	: 2
fpu		: yes
fpu_exception	: yes
cpuid level	: 13
wp		: yes
flags		: fpu vme de pse tsc msr pae mce cx8 apic sep mtrr pge mca cmov pat pse36 clflush dts acpi mmx fxsr sse sse2 ss ht tm pbe syscall nx pdpe1gb rdtscp lm constant_tsc arch_perfmon pebs bts rep_good nopl xtopology nonstop_tsc aperfmperf eagerfpu pni pclmulqdq dtes64 monitor ds_cpl vmx est tm2 ssse3 fma cx16 xtpr pdcm pcid sse4_1 sse4_2 movbe popcnt tsc_deadline_timer aes xsave avx f16c rdrand lahf_lm abm ida arat epb xsaveopt pln pts dtherm tpr_shadow vnmi flexpriority ept vpid fsgsbase tsc_adjust bmi1 avx2 smep bmi2 erms invpcid
bogomips	: 4988.73
clflush size	: 64
cache_alignment	: 64
address sizes	: 39 bits physical, 48 bits virtual
power management:

processor	: 3
vendor_id	: GenuineIntel
cpu family	: 6
model		: 60
model name	: Intel(R) Core(TM) i5-4200M CPU @ 2.50GHz
stepping	: 3
microcode	: 0x17
cpu MHz		: 2501.000
cache size	: 3072 KB
physical id	: 0
siblings	: 4
core id		: 1
cpu cores	: 2
apicid		: 3
initial apicid	: 3
fpu		: yes
fpu_exception	: yes
cpuid level	: 13
wp		: yes
flags		: fpu vme de pse tsc msr pae mce cx8 apic sep mtrr pge mca cmov pat pse36 clflush dts acpi mmx fxsr sse sse2 ss ht tm pbe syscall nx pdpe1gb rdtscp lm constant_tsc arch_perfmon pebs bts rep_good nopl xtopology nonstop_tsc aperfmperf eagerfpu pni pclmulqdq dtes64 monitor ds_cpl vmx est tm2 ssse3 fma cx16 xtpr pdcm pcid sse4_1 sse4_2 movbe popcnt tsc_deadline_timer aes xsave avx f16c rdrand lahf_lm abm ida arat epb xsaveopt pln pts dtherm tpr_shadow vnmi flexpriority ept vpid fsgsbase tsc_adjust bmi1 avx2 smep bmi2 erms invpcid
bogomips	: 4988.73
clflush size	: 64
cache_alignment	: 64
address sizes	: 39 bits physical, 48 bits virtual
power management:



Memory: 4k page, physical 12023732k(217172k free), swap 8100860k(8100860k free)

vm_info: OpenJDK 64-Bit Server VM (24.79-b02) for linux-amd64 JRE (1.7.0_79-b14), built on Jul 24 2015 08:15:54 by "buildd" with gcc 4.8.2

time: Fri Mar 11 15:13:57 2016
elapsed time: 6 seconds

