#
# A fatal error has been detected by the Java Runtime Environment:
#
#  SIGSEGV (0xb) at pc=0x00007f3fb9846ac3, pid=13295, tid=139911447144192
#
# JRE version: OpenJDK Runtime Environment (7.0_79-b14) (build 1.7.0_79-b14)
# Java VM: OpenJDK 64-Bit Server VM (24.79-b02 mixed mode linux-amd64 compressed oops)
# Derivative: IcedTea 2.5.6
# Distribution: Ubuntu 14.04 LTS, package 7u79-2.5.6-0ubuntu1.14.04.1
# Problematic frame:
# V  [libjvm.so+0x830ac3]  oopDesc* PSPromotionManager::copy_to_survivor_space<false>(oopDesc*)+0x253
#
# Failed to write core dump. Core dumps have been disabled. To enable core dumping, try "ulimit -c unlimited" before starting Java again
#
# If you would like to submit a bug report, please include
# instructions on how to reproduce the bug and visit:
#   http://icedtea.classpath.org/bugzilla
#

---------------  T H R E A D  ---------------

Current thread (0x00007f3fb4075800):  VMThread [stack: 0x00007f3fac0b6000,0x00007f3fac1b7000] [id=13304]

siginfo:si_signo=SIGSEGV: si_errno=0, si_code=1 (SEGV_MAPERR), si_addr=0x0000000000001a08

Registers:
RAX=0x0000000000000001, RBX=0x00000000f6fe0023, RCX=0x0000000000000000, RDX=0x00000000000019f0
RSP=0x00007f3fac1b5440, RBP=0x00007f3fac1b54a0, RSI=0x00007f3fb9dd9420, RDI=0x00007f3fb4073af0
R8 =0x00007f3fb4073b90, R9 =0x00000000eaa80000, R10=0x00000000f6fe19b0, R11=0x0000000000000000
R12=0x00000000c0b2e9c4, R13=0x849c6800000000f0, R14=0x00007f3fb4073af0, R15=0x00007f3fb9dd9420
RIP=0x00007f3fb9846ac3, EFLAGS=0x0000000000010206, CSGSFS=0x0000000000000033, ERR=0x0000000000000004
  TRAPNO=0x000000000000000e

Top of Stack: (sp=0x00007f3fac1b5440)
0x00007f3fac1b5440:   0000000000000370 00007f3fb401b310
0x00007f3fac1b5450:   0000000000001230 00000000c0b7eae0
0x00007f3fac1b5460:   00000000c0b7cbe8 0000000000000400
0x00007f3fac1b5470:   00007f3fb99a3089 00007f3fb4073af0
0x00007f3fac1b5480:   00000000c0b2e9c4 0000000000000001
0x00007f3fac1b5490:   00007f3fb4073b60 00007f3fb9dd9420
0x00007f3fac1b54a0:   00007f3fac1b5510 00007f3fb9846258
0x00007f3fac1b54b0:   0000000000000038 00007f3fb4073b90
0x00007f3fac1b54c0:   0000000000000038 00000000c0b31278
0x00007f3fac1b54d0:   00000000c0b309b0 0000000000000400
0x00007f3fac1b54e0:   0000000000000001 00007f3fac1b5860
0x00007f3fac1b54f0:   0000000000000000 00000000f71bcf38
0x00007f3fac1b5500:   00000000f71bcf50 00007f3fac1b58d0
0x00007f3fac1b5510:   00007f3fac1b5530 00007f3fb984939a
0x00007f3fac1b5520:   00007f3fb9df55c3 00007f3fb9df55c3
0x00007f3fac1b5530:   00007f3fac1b55b0 00007f3fb984f8ac
0x00007f3fac1b5540:   00000000f7189204 00000000000083b0
0x00007f3fac1b5550:   00007f3fac1b5860 00007f3f78603128
0x00007f3fac1b5560:   00007f3f785fb480 00007f3fb4074dd0
0x00007f3fac1b5570:   00007f3f785fb140 00000000f71bcf38
0x00007f3fac1b5580:   00007f3fac1b55f0 00000000000009ef
0x00007f3fac1b5590:   00007f3fb405a430 0000000000000001
0x00007f3fac1b55a0:   00007f3fac1b58d0 00007f3fb405a2f0
0x00007f3fac1b55b0:   00007f3fac1b5630 00007f3fb98505a5
0x00007f3fac1b55c0:   00007f3fac1b55e0 0000000000000000
0x00007f3fac1b55d0:   00007f3fac1b5860 00007f3fb9dff1c0
0x00007f3fac1b55e0:   00007f3fb99c4ffe 00007f3fac1b56a8
0x00007f3fac1b55f0:   00007f3fb405a2f0 00007f3fb9dff1c0
0x00007f3fac1b5600:   00007f3fac1b5630 00007f3fac1b5690
0x00007f3fac1b5610:   0000000000000000 00007f3fac1b5860
0x00007f3fac1b5620:   00007f3fb405a2f0 00007f3fb9dff1c0
0x00007f3fac1b5630:   00007f3fac1b56e0 00007f3fb9850b22 

Instructions: (pc=0x00007f3fb9846ac3)
0x00007f3fb9846aa3:   48 c1 ea 03 83 e2 0f e9 3d fe ff ff 90 8b 56 08
0x00007f3fb9846ab3:   48 8d 35 66 29 59 00 8b 4e 08 48 d3 e2 48 03 16
0x00007f3fb9846ac3:   8b 4a 18 48 8d 7a 10 83 f9 00 0f 8f ed fd ff ff
0x00007f3fb9846ad3:   0f 85 cf 02 00 00 0f 1f 80 00 00 00 00 48 8b 42 

Register to memory mapping:

RAX=0x0000000000000001 is an unknown value
RBX=0x00000000f6fe0023 is an unknown value
RCX=0x0000000000000000 is an unknown value
RDX=0x00000000000019f0 is an unknown value
RSP=0x00007f3fac1b5440 is an unknown value
RBP=0x00007f3fac1b54a0 is an unknown value
RSI=0x00007f3fb9dd9420: <offset 0xdc3420> in /usr/lib/jvm/java-7-openjdk-amd64/jre/lib/amd64/server/libjvm.so at 0x00007f3fb9016000
RDI=0x00007f3fb4073af0 is an unknown value
R8 =0x00007f3fb4073b90 is an unknown value
R9 =0x00000000eaa80000 is an oop
[B 
 - klass: {type array byte}
 - length: 159
R10=0x00000000f6fe19b0 is an oop
java.util.concurrent.atomic.AtomicInteger 
 - klass: 'java/util/concurrent/atomic/AtomicInteger'
R11=0x0000000000000000 is an unknown value
R12=
[error occurred during error reporting (printing register info), id 0xb]

Stack: [0x00007f3fac0b6000,0x00007f3fac1b7000],  sp=0x00007f3fac1b5440,  free space=1021k
Native frames: (J=compiled Java code, j=interpreted, Vv=VM code, C=native code)
V  [libjvm.so+0x830ac3]  oopDesc* PSPromotionManager::copy_to_survivor_space<false>(oopDesc*)+0x253
V  [libjvm.so+0x830258]  PSPromotionManager::drain_stacks_depth(bool)+0x6a8
V  [libjvm.so+0x83339a]  PSEvacuateFollowersClosure::do_void()+0x1a
V  [libjvm.so+0x8398ac]  ReferenceProcessor::process_phase3(DiscoveredList&, bool, BoolObjectClosure*, OopClosure*, VoidClosure*)+0xac
V  [libjvm.so+0x83a5a5]  ReferenceProcessor::process_discovered_reflist(DiscoveredList*, ReferencePolicy*, bool, BoolObjectClosure*, OopClosure*, VoidClosure*, AbstractRefProcTaskExecutor*) [clone .constprop.116]+0x135
V  [libjvm.so+0x83ab22]  ReferenceProcessor::process_discovered_references(BoolObjectClosure*, OopClosure*, VoidClosure*, AbstractRefProcTaskExecutor*, GCTimer*)+0x162
V  [libjvm.so+0x832415]  PSScavenge::invoke_no_policy()+0x995
V  [libjvm.so+0x833038]  PSScavenge::invoke()+0x38
V  [libjvm.so+0x7e9723]  ParallelScavengeHeap::failed_mem_allocate(unsigned long)+0x63
V  [libjvm.so+0x94c9d4]  VM_ParallelGCFailedAllocation::doit()+0x84
V  [libjvm.so+0x950ed7]  VM_Operation::evaluate()+0x47
V  [libjvm.so+0x94f848]  VMThread::evaluate_operation(VM_Operation*)+0x318
V  [libjvm.so+0x94fca9]  VMThread::loop()+0x219
V  [libjvm.so+0x9500f2]  VMThread::run()+0x72
V  [libjvm.so+0x7c4f62]  java_start(Thread*)+0xf2

VM_Operation (0x00007f3fa510eeb0): ParallelGCFailedAllocation, mode: safepoint, requested by thread 0x00007f3f6800b800


---------------  P R O C E S S  ---------------

Java Threads: ( => current thread )
  0x00007f3f6459b800 JavaThread "File lock request listener" [_thread_in_native, id=13323, stack(0x00007f3fa4d6d000,0x00007f3fa4e6e000)]
  0x00007f3f64422800 JavaThread "process reaper" daemon [_thread_blocked, id=13322, stack(0x00007f3fa4e6e000,0x00007f3fa4ea7000)]
  0x00007f3f64027800 JavaThread "Stdin handler" [_thread_blocked, id=13319, stack(0x00007f3fa4f12000,0x00007f3fa5013000)]
  0x00007f3f6800b800 JavaThread "Daemon worker" [_thread_blocked, id=13316, stack(0x00007f3fa5013000,0x00007f3fa5114000)]
  0x00007f3f6800a800 JavaThread "Cancel handler" [_thread_blocked, id=13315, stack(0x00007f3fa5114000,0x00007f3fa5215000)]
  0x00007f3f68003800 JavaThread "Handler for socket connection from /127.0.0.1:56324 to /127.0.0.1:45428" [_thread_in_native, id=13314, stack(0x00007f3fa5215000,0x00007f3fa5316000)]
  0x00007f3f74033000 JavaThread "Daemon" [_thread_blocked, id=13313, stack(0x00007f3fa5316000,0x00007f3fa5417000)]
  0x00007f3fb4b26800 JavaThread "Incoming local TCP Connector on port 56324" [_thread_in_native, id=13312, stack(0x00007f3fa5417000,0x00007f3fa5518000)]
  0x00007f3fb40ae000 JavaThread "Service Thread" daemon [_thread_blocked, id=13310, stack(0x00007f3fa7318000,0x00007f3fa7419000)]
  0x00007f3fb40ac000 JavaThread "C2 CompilerThread1" daemon [_thread_blocked, id=13309, stack(0x00007f3fa7419000,0x00007f3fa751a000)]
  0x00007f3fb40a9000 JavaThread "C2 CompilerThread0" daemon [_thread_blocked, id=13308, stack(0x00007f3fa751a000,0x00007f3fa761b000)]
  0x00007f3fb40a7000 JavaThread "Signal Dispatcher" daemon [_thread_blocked, id=13307, stack(0x00007f3fa761b000,0x00007f3fa771c000)]
  0x00007f3fb407c000 JavaThread "Finalizer" daemon [_thread_blocked, id=13306, stack(0x00007f3fa7dfe000,0x00007f3fa7eff000)]
  0x00007f3fb407a000 JavaThread "Reference Handler" daemon [_thread_blocked, id=13305, stack(0x00007f3fa7eff000,0x00007f3fa8000000)]
  0x00007f3fb400a000 JavaThread "main" [_thread_blocked, id=13299, stack(0x00007f3fbab22000,0x00007f3fbac23000)]

Other Threads:
=>0x00007f3fb4075800 VMThread [stack: 0x00007f3fac0b6000,0x00007f3fac1b7000] [id=13304]
  0x00007f3fb40b9000 WatcherThread [stack: 0x00007f3fa7217000,0x00007f3fa7318000] [id=13311]

VM state:at safepoint (normal execution)

VM Mutex/Monitor currently owned by a thread:  ([mutex/lock_event])
[0x00007f3fb40067d0] Threads_lock - owner thread: 0x00007f3fb4075800
[0x00007f3fb4006cd0] Heap_lock - owner thread: 0x00007f3f6800b800

Heap
 PSYoungGen      total 102912K, used 102880K [0x00000000eaa80000, 0x00000000f7380000, 0x0000000100000000)
  eden space 95232K, 100% used [0x00000000eaa80000,0x00000000f0780000,0x00000000f0780000)
  from space 7680K, 99% used [0x00000000f0780000,0x00000000f0ef8308,0x00000000f0f00000)
  to   space 7680K, 99% used [0x00000000f6c00000,0x00000000f7379040,0x00000000f7380000)
 ParOldGen       total 124928K, used 11775K [0x00000000c0000000, 0x00000000c7a00000, 0x00000000eaa80000)
  object space 124928K, 9% used [0x00000000c0000000,0x00000000c0b7fe18,0x00000000c7a00000)
 PSPermGen       total 30208K, used 30059K [0x00000000b0000000, 0x00000000b1d80000, 0x00000000c0000000)
  object space 30208K, 99% used [0x00000000b0000000,0x00000000b1d5ad80,0x00000000b1d80000)

Card table byte_map: [0x00007f3fb033a000,0x00007f3fb05bb000] byte_map_base: 0x00007f3fafdba000

Polling page: 0x00007f3fbac47000

Code Cache  [0x00007f3fb05bb000, 0x00007f3fb089b000, 0x00007f3fb35bb000)
 total_blobs=1086 nmethods=505 adapters=534 free_code_cache=46259Kb largest_free_block=47317504

Compilation events (10 events):
Event: 3.781 Thread 0x00007f3fb40ac000 nmethod 517 0x00007f3fb0892350 code [0x00007f3fb08925a0, 0x00007f3fb0893150]
Event: 3.781 Thread 0x00007f3fb40ac000  522             org.codehaus.groovy.util.SingleKeyHashMap::getOrPut (137 bytes)
Event: 3.782 Thread 0x00007f3fb40a9000 nmethod 521 0x00007f3fb0891f50 code [0x00007f3fb08920a0, 0x00007f3fb0892228]
Event: 3.782 Thread 0x00007f3fb40a9000  523             java.lang.Short::shortValue (5 bytes)
Event: 3.782 Thread 0x00007f3fb40a9000 nmethod 523 0x00007f3fb0890410 code [0x00007f3fb0890540, 0x00007f3fb0890598]
Event: 3.782 Thread 0x00007f3fb40a9000  524             java.io.DataOutputStream::writeShort (35 bytes)
Event: 3.787 Thread 0x00007f3fb40ac000 nmethod 522 0x00007f3fb0893dd0 code [0x00007f3fb0893f40, 0x00007f3fb08942c8]
Event: 3.790 Thread 0x00007f3fb40a9000 nmethod 524 0x00007f3fb0898d90 code [0x00007f3fb0898f80, 0x00007f3fb089a5d0]
Event: 3.793 Thread 0x00007f3fb40ac000  525             java.util.LinkedList$ListItr::checkForComodification (23 bytes)
Event: 3.793 Thread 0x00007f3fb40ac000 nmethod 525 0x00007f3fb0891cd0 code [0x00007f3fb0891e20, 0x00007f3fb0891e98]

GC Heap History (7 events):
Event: 0.719 GC heap before
{Heap before GC invocations=1 (full 0):
 PSYoungGen      total 55296K, used 47616K [0x00000000eaa80000, 0x00000000ee800000, 0x0000000100000000)
  eden space 47616K, 100% used [0x00000000eaa80000,0x00000000ed900000,0x00000000ed900000)
  from space 7680K, 0% used [0x00000000ee080000,0x00000000ee080000,0x00000000ee800000)
  to   space 7680K, 0% used [0x00000000ed900000,0x00000000ed900000,0x00000000ee080000)
 ParOldGen       total 124928K, used 0K [0x00000000c0000000, 0x00000000c7a00000, 0x00000000eaa80000)
  object space 124928K, 0% used [0x00000000c0000000,0x00000000c0000000,0x00000000c7a00000)
 PSPermGen       total 21504K, used 9557K [0x00000000b0000000, 0x00000000b1500000, 0x00000000c0000000)
  object space 21504K, 44% used [0x00000000b0000000,0x00000000b0955710,0x00000000b1500000)
Event: 0.728 GC heap after
Heap after GC invocations=1 (full 0):
 PSYoungGen      total 55296K, used 5595K [0x00000000eaa80000, 0x00000000f1680000, 0x0000000100000000)
  eden space 47616K, 0% used [0x00000000eaa80000,0x00000000eaa80000,0x00000000ed900000)
  from space 7680K, 72% used [0x00000000ed900000,0x00000000ede76ff0,0x00000000ee080000)
  to   space 7680K, 0% used [0x00000000f0f00000,0x00000000f0f00000,0x00000000f1680000)
 ParOldGen       total 124928K, used 8K [0x00000000c0000000, 0x00000000c7a00000, 0x00000000eaa80000)
  object space 124928K, 0% used [0x00000000c0000000,0x00000000c0002000,0x00000000c7a00000)
 PSPermGen       total 21504K, used 9557K [0x00000000b0000000, 0x00000000b1500000, 0x00000000c0000000)
  object space 21504K, 44% used [0x00000000b0000000,0x00000000b0955710,0x00000000b1500000)
}
Event: 1.312 GC heap before
{Heap before GC invocations=2 (full 0):
 PSYoungGen      total 55296K, used 53211K [0x00000000eaa80000, 0x00000000f1680000, 0x0000000100000000)
  eden space 47616K, 100% used [0x00000000eaa80000,0x00000000ed900000,0x00000000ed900000)
  from space 7680K, 72% used [0x00000000ed900000,0x00000000ede76ff0,0x00000000ee080000)
  to   space 7680K, 0% used [0x00000000f0f00000,0x00000000f0f00000,0x00000000f1680000)
 ParOldGen       total 124928K, used 8K [0x00000000c0000000, 0x00000000c7a00000, 0x00000000eaa80000)
  object space 124928K, 0% used [0x00000000c0000000,0x00000000c0002000,0x00000000c7a00000)
 PSPermGen       total 21504K, used 17167K [0x00000000b0000000, 0x00000000b1500000, 0x00000000c0000000)
  object space 21504K, 79% used [0x00000000b0000000,0x00000000b10c3ef0,0x00000000b1500000)
Event: 1.323 GC heap after
Heap after GC invocations=2 (full 0):
 PSYoungGen      total 102912K, used 7671K [0x00000000eaa80000, 0x00000000f1680000, 0x0000000100000000)
  eden space 95232K, 0% used [0x00000000eaa80000,0x00000000eaa80000,0x00000000f0780000)
  from space 7680K, 99% used [0x00000000f0f00000,0x00000000f167dfb8,0x00000000f1680000)
  to   space 7680K, 0% used [0x00000000f0780000,0x00000000f0780000,0x00000000f0f00000)
 ParOldGen       total 124928K, used 1451K [0x00000000c0000000, 0x00000000c7a00000, 0x00000000eaa80000)
  object space 124928K, 1% used [0x00000000c0000000,0x00000000c016aed0,0x00000000c7a00000)
 PSPermGen       total 21504K, used 17167K [0x00000000b0000000, 0x00000000b1500000, 0x00000000c0000000)
  object space 21504K, 79% used [0x00000000b0000000,0x00000000b10c3ef0,0x00000000b1500000)
}
Event: 2.303 GC heap before
{Heap before GC invocations=3 (full 0):
 PSYoungGen      total 102912K, used 102903K [0x00000000eaa80000, 0x00000000f1680000, 0x0000000100000000)
  eden space 95232K, 100% used [0x00000000eaa80000,0x00000000f0780000,0x00000000f0780000)
  from space 7680K, 99% used [0x00000000f0f00000,0x00000000f167dfb8,0x00000000f1680000)
  to   space 7680K, 0% used [0x00000000f0780000,0x00000000f0780000,0x00000000f0f00000)
 ParOldGen       total 124928K, used 1451K [0x00000000c0000000, 0x00000000c7a00000, 0x00000000eaa80000)
  object space 124928K, 1% used [0x00000000c0000000,0x00000000c016aed0,0x00000000c7a00000)
 PSPermGen       total 26624K, used 26201K [0x00000000b0000000, 0x00000000b1a00000, 0x00000000c0000000)
  object space 26624K, 98% used [0x00000000b0000000,0x00000000b1996608,0x00000000b1a00000)
Event: 2.319 GC heap after
Heap after GC invocations=3 (full 0):
 PSYoungGen      total 102912K, used 7648K [0x00000000eaa80000, 0x00000000f7380000, 0x0000000100000000)
  eden space 95232K, 0% used [0x00000000eaa80000,0x00000000eaa80000,0x00000000f0780000)
  from space 7680K, 99% used [0x00000000f0780000,0x00000000f0ef8308,0x00000000f0f00000)
  to   space 7680K, 0% used [0x00000000f6c00000,0x00000000f6c00000,0x00000000f7380000)
 ParOldGen       total 124928K, used 8400K [0x00000000c0000000, 0x00000000c7a00000, 0x00000000eaa80000)
  object space 124928K, 6% used [0x00000000c0000000,0x00000000c0834228,0x00000000c7a00000)
 PSPermGen       total 26624K, used 26201K [0x00000000b0000000, 0x00000000b1a00000, 0x00000000c0000000)
  object space 26624K, 98% used [0x00000000b0000000,0x00000000b1996608,0x00000000b1a00000)
}
Event: 3.797 GC heap before
{Heap before GC invocations=4 (full 0):
 PSYoungGen      total 102912K, used 102880K [0x00000000eaa80000, 0x00000000f7380000, 0x0000000100000000)
  eden space 95232K, 100% used [0x00000000eaa80000,0x00000000f0780000,0x00000000f0780000)
  from space 7680K, 99% used [0x00000000f0780000,0x00000000f0ef8308,0x00000000f0f00000)
  to   space 7680K, 0% used [0x00000000f6c00000,0x00000000f6c00000,0x00000000f7380000)
 ParOldGen       total 124928K, used 8400K [0x00000000c0000000, 0x00000000c7a00000, 0x00000000eaa80000)
  object space 124928K, 6% used [0x00000000c0000000,0x00000000c0834228,0x00000000c7a00000)
 PSPermGen       total 30208K, used 30059K [0x00000000b0000000, 0x00000000b1d80000, 0x00000000c0000000)
  object space 30208K, 99% used [0x00000000b0000000,0x00000000b1d5ad80,0x00000000b1d80000)

Deoptimization events (10 events):
Event: 3.516 Thread 0x00007f3f6800b800 Uncommon trap: reason=null_check action=make_not_entrant pc=0x00007f3fb087ee54 method=groovy.lang.MetaClassImpl.getPropName(Ljava/lang/String;)Ljava/lang/String; @ 9
Event: 3.573 Thread 0x00007f3f6800b800 Uncommon trap: reason=class_check action=maybe_recompile pc=0x00007f3fb083de68 method=java.util.Hashtable.get(Ljava/lang/Object;)Ljava/lang/Object; @ 46
Event: 3.573 Thread 0x00007f3f6800b800 Uncommon trap: reason=class_check action=maybe_recompile pc=0x00007f3fb08067f0 method=java.util.Hashtable.put(Ljava/lang/Object;Ljava/lang/Object;)Ljava/lang/Object; @ 61
Event: 3.573 Thread 0x00007f3f6800b800 Uncommon trap: reason=class_check action=maybe_recompile pc=0x00007f3fb083de68 method=java.util.Hashtable.get(Ljava/lang/Object;)Ljava/lang/Object; @ 46
Event: 3.573 Thread 0x00007f3f6800b800 Uncommon trap: reason=class_check action=maybe_recompile pc=0x00007f3fb08067f0 method=java.util.Hashtable.put(Ljava/lang/Object;Ljava/lang/Object;)Ljava/lang/Object; @ 61
Event: 3.581 Thread 0x00007f3f6800b800 Uncommon trap: reason=class_check action=maybe_recompile pc=0x00007f3fb083de68 method=java.util.Hashtable.get(Ljava/lang/Object;)Ljava/lang/Object; @ 46
Event: 3.581 Thread 0x00007f3f6800b800 Uncommon trap: reason=class_check action=maybe_recompile pc=0x00007f3fb083de68 method=java.util.Hashtable.get(Ljava/lang/Object;)Ljava/lang/Object; @ 46
Event: 3.587 Thread 0x00007f3f6800b800 Uncommon trap: reason=bimorphic action=maybe_recompile pc=0x00007f3fb07a2664 method=org.codehaus.groovy.runtime.metaclass.MetaMethodIndex.addMethodToList(Ljava/lang/Object;Lgroovy/lang/MetaMethod;)Ljava/lang/Object; @ 91
Event: 3.588 Thread 0x00007f3f6800b800 Uncommon trap: reason=unreached action=reinterpret pc=0x00007f3fb07bab10 method=groovy.lang.MetaClassImpl$1MOPIter.methodNameAction(Ljava/lang/Class;Lorg/codehaus/groovy/runtime/metaclass/MetaMethodIndex$Entry;)V @ 259
Event: 3.659 Thread 0x00007f3f6800b800 Uncommon trap: reason=unreached action=reinterpret pc=0x00007f3fb0628c80 method=java.util.Properties$LineReader.readLine()I @ 97

Internal exceptions (10 events):
Event: 3.794 Thread 0x00007f3f6800b800 Threw 0x00000000f0722e38 at /build/openjdk-7-FO0dNI/openjdk-7-7u79-2.5.6/build/openjdk/hotspot/src/share/vm/prims/jvm.cpp:1284
Event: 3.794 Thread 0x00007f3f6800b800 Threw 0x00000000f0723d18 at /build/openjdk-7-FO0dNI/openjdk-7-7u79-2.5.6/build/openjdk/hotspot/src/share/vm/prims/jvm.cpp:1284
Event: 3.794 Thread 0x00007f3f6800b800 Threw 0x00000000f07295b0 at /build/openjdk-7-FO0dNI/openjdk-7-7u79-2.5.6/build/openjdk/hotspot/src/share/vm/prims/jvm.cpp:1284
Event: 3.794 Thread 0x00007f3f6800b800 Threw 0x00000000f072b188 at /build/openjdk-7-FO0dNI/openjdk-7-7u79-2.5.6/build/openjdk/hotspot/src/share/vm/prims/jvm.cpp:1284
Event: 3.794 Thread 0x00007f3f6800b800 Threw 0x00000000f072cd90 at /build/openjdk-7-FO0dNI/openjdk-7-7u79-2.5.6/build/openjdk/hotspot/src/share/vm/prims/jvm.cpp:1284
Event: 3.794 Thread 0x00007f3f6800b800 Threw 0x00000000f072dc70 at /build/openjdk-7-FO0dNI/openjdk-7-7u79-2.5.6/build/openjdk/hotspot/src/share/vm/prims/jvm.cpp:1284
Event: 3.794 Thread 0x00007f3f6800b800 Threw 0x00000000f0733508 at /build/openjdk-7-FO0dNI/openjdk-7-7u79-2.5.6/build/openjdk/hotspot/src/share/vm/prims/jvm.cpp:1284
Event: 3.794 Thread 0x00007f3f6800b800 Threw 0x00000000f0740208 at /build/openjdk-7-FO0dNI/openjdk-7-7u79-2.5.6/build/openjdk/hotspot/src/share/vm/prims/jvm.cpp:1284
Event: 3.794 Thread 0x00007f3f6800b800 Threw 0x00000000f0746cb8 at /build/openjdk-7-FO0dNI/openjdk-7-7u79-2.5.6/build/openjdk/hotspot/src/share/vm/prims/jvm.cpp:1284
Event: 3.794 Thread 0x00007f3f6800b800 Threw 0x00000000f0747278 at /build/openjdk-7-FO0dNI/openjdk-7-7u79-2.5.6/build/openjdk/hotspot/src/share/vm/classfile/systemDictionary.cpp:185

Events (10 events):
Event: 3.794 loading class 0x00007f3f649b0cf0 done
Event: 3.794 loading class 0x00007f3f649b0290
Event: 3.794 loading class 0x00007f3f649b0290 done
Event: 3.794 loading class 0x00007f3f649b0290
Event: 3.794 loading class 0x00007f3f649b0290 done
Event: 3.794 loading class 0x00007f3f649b0290
Event: 3.794 loading class 0x00007f3f649b0290 done
Event: 3.794 loading class 0x00007f3f649b0290
Event: 3.794 loading class 0x00007f3f649b0290 done
Event: 3.797 Executing VM operation: ParallelGCFailedAllocation


Dynamic libraries:
00400000-00401000 r-xp 00000000 08:01 16387948                           /usr/lib/jvm/java-7-openjdk-amd64/jre/bin/java
00600000-00601000 r--p 00000000 08:01 16387948                           /usr/lib/jvm/java-7-openjdk-amd64/jre/bin/java
00601000-00602000 rw-p 00001000 08:01 16387948                           /usr/lib/jvm/java-7-openjdk-amd64/jre/bin/java
015a6000-015c7000 rw-p 00000000 00:00 0                                  [heap]
b0000000-b1d80000 rw-p 00000000 00:00 0 
b1d80000-c0000000 rw-p 00000000 00:00 0 
c0000000-c7a00000 rw-p 00000000 00:00 0 
c7a00000-eaa80000 rw-p 00000000 00:00 0 
eaa80000-f7380000 rw-p 00000000 00:00 0 
f7380000-100000000 rw-p 00000000 00:00 0 
7f3f50000000-7f3f50021000 rw-p 00000000 00:00 0 
7f3f50021000-7f3f54000000 ---p 00000000 00:00 0 
7f3f58000000-7f3f58021000 rw-p 00000000 00:00 0 
7f3f58021000-7f3f5c000000 ---p 00000000 00:00 0 
7f3f5c000000-7f3f5c021000 rw-p 00000000 00:00 0 
7f3f5c021000-7f3f60000000 ---p 00000000 00:00 0 
7f3f60000000-7f3f60021000 rw-p 00000000 00:00 0 
7f3f60021000-7f3f64000000 ---p 00000000 00:00 0 
7f3f64000000-7f3f649b5000 rw-p 00000000 00:00 0 
7f3f649b5000-7f3f68000000 ---p 00000000 00:00 0 
7f3f68000000-7f3f68021000 rw-p 00000000 00:00 0 
7f3f68021000-7f3f6c000000 ---p 00000000 00:00 0 
7f3f6c000000-7f3f6c021000 rw-p 00000000 00:00 0 
7f3f6c021000-7f3f70000000 ---p 00000000 00:00 0 
7f3f70000000-7f3f70021000 rw-p 00000000 00:00 0 
7f3f70021000-7f3f74000000 ---p 00000000 00:00 0 
7f3f74000000-7f3f7406a000 rw-p 00000000 00:00 0 
7f3f7406a000-7f3f78000000 ---p 00000000 00:00 0 
7f3f78000000-7f3f78768000 rw-p 00000000 00:00 0 
7f3f78768000-7f3f7c000000 ---p 00000000 00:00 0 
7f3f7c000000-7f3f7c021000 rw-p 00000000 00:00 0 
7f3f7c021000-7f3f80000000 ---p 00000000 00:00 0 
7f3f80000000-7f3f80021000 rw-p 00000000 00:00 0 
7f3f80021000-7f3f84000000 ---p 00000000 00:00 0 
7f3f84000000-7f3f84a43000 rw-p 00000000 00:00 0 
7f3f84a43000-7f3f88000000 ---p 00000000 00:00 0 
7f3f88000000-7f3f88021000 rw-p 00000000 00:00 0 
7f3f88021000-7f3f8c000000 ---p 00000000 00:00 0 
7f3f8c000000-7f3f8c021000 rw-p 00000000 00:00 0 
7f3f8c021000-7f3f90000000 ---p 00000000 00:00 0 
7f3f90000000-7f3f90021000 rw-p 00000000 00:00 0 
7f3f90021000-7f3f94000000 ---p 00000000 00:00 0 
7f3f94000000-7f3f94240000 rw-p 00000000 00:00 0 
7f3f94240000-7f3f98000000 ---p 00000000 00:00 0 
7f3f98000000-7f3f98021000 rw-p 00000000 00:00 0 
7f3f98021000-7f3f9c000000 ---p 00000000 00:00 0 
7f3fa0000000-7f3fa0026000 rw-p 00000000 00:00 0 
7f3fa0026000-7f3fa4000000 ---p 00000000 00:00 0 
7f3fa4a2a000-7f3fa4a2b000 rw-p 00000000 00:00 0 
7f3fa4a2b000-7f3fa4a33000 r-xp 00000000 08:01 16386817                   /usr/lib/jvm/java-7-openjdk-amd64/jre/lib/amd64/libmanagement.so
7f3fa4a33000-7f3fa4c32000 ---p 00008000 08:01 16386817                   /usr/lib/jvm/java-7-openjdk-amd64/jre/lib/amd64/libmanagement.so
7f3fa4c32000-7f3fa4c33000 r--p 00007000 08:01 16386817                   /usr/lib/jvm/java-7-openjdk-amd64/jre/lib/amd64/libmanagement.so
7f3fa4c33000-7f3fa4c34000 rw-p 00008000 08:01 16386817                   /usr/lib/jvm/java-7-openjdk-amd64/jre/lib/amd64/libmanagement.so
7f3fa4c34000-7f3fa4c35000 r--s 00004000 08:01 16782737                   /home/vasanth/android-studio-1.5/android-studio/gradle/m2repository/com/intellij/annotations/12.0/annotations-12.0.jar
7f3fa4c35000-7f3fa4c37000 r--s 0000d000 08:01 16782747                   /home/vasanth/android-studio-1.5/android-studio/gradle/m2repository/commons-codec/commons-codec/1.4/commons-codec-1.4.jar
7f3fa4c37000-7f3fa4c39000 r--s 0000d000 08:01 16778893                   /home/vasanth/android-studio-1.5/android-studio/gradle/m2repository/commons-logging/commons-logging/1.1.1/commons-logging-1.1.1.jar
7f3fa4c39000-7f3fa4c3e000 r--s 00028000 08:01 16778771                   /home/vasanth/android-studio-1.5/android-studio/gradle/m2repository/org/apache/httpcomponents/httpcore/4.1/httpcore-4.1.jar
7f3fa4c3e000-7f3fa4c46000 r--s 000a8000 08:01 16782146                   /home/vasanth/android-studio-1.5/android-studio/gradle/m2repository/com/android/tools/external/lombok/lombok-ast/0.2.3/lombok-ast-0.2.3.jar
7f3fa4c46000-7f3fa4c48000 r--s 00005000 08:01 16778777                   /home/vasanth/android-studio-1.5/android-studio/gradle/m2repository/org/abego/treelayout/org.abego.treelayout.core/1.0.1/org.abego.treelayout.core-1.0.1.jar
7f3fa4c48000-7f3fa4c49000 r--s 0000a000 08:01 16779989                   /home/vasanth/android-studio-1.5/android-studio/gradle/m2repository/net/sf/kxml/kxml2/2.3.0/kxml2-2.3.0.jar
7f3fa4c49000-7f3fa4c4a000 r--s 00005000 08:01 16782070                   /home/vasanth/android-studio-1.5/android-studio/gradle/m2repository/com/android/tools/dvlib/24.5.0/dvlib-24.5.0.jar
7f3fa4c4a000-7f3fa4c51000 r--s 00053000 08:01 16653801                   /home/vasanth/android-studio-1.5/android-studio/gradle/m2repository/org/apache/commons/commons-compress/1.8.1/commons-compress-1.8.1.jar
7f3fa4c51000-7f3fa4c56000 r--s 0002a000 08:01 16780735                   /home/vasanth/android-studio-1.5/android-studio/gradle/m2repository/com/google/code/gson/gson/2.2.4/gson-2.2.4.jar
7f3fa4c56000-7f3fa4c59000 r--s 00013000 08:01 16782715                   /home/vasanth/android-studio-1.5/android-studio/gradle/m2repository/com/android/tools/layoutlib/layoutlib-api/24.5.0/layoutlib-api-24.5.0.jar
7f3fa4c59000-7f3fa4c5b000 r--s 00005000 08:01 16778523                   /home/vasanth/android-studio-1.5/android-studio/gradle/m2repository/org/apache/httpcomponents/httpmime/4.1/httpmime-4.1.jar
7f3fa4c5b000-7f3fa4c63000 r--s 0004e000 08:01 16778459                   /home/vasanth/android-studio-1.5/android-studio/gradle/m2repository/org/apache/httpcomponents/httpclient/4.1.1/httpclient-4.1.1.jar
7f3fa4c63000-7f3fa4c66000 r--s 0002d000 08:01 16782105                   /home/vasanth/android-studio-1.5/android-studio/gradle/m2repository/com/android/tools/lint/lint-api/24.5.0/lint-api-24.5.0.jar
7f3fa4c66000-7f3fa4c67000 r--s 00004000 08:01 16653730                   /home/vasanth/android-studio-1.5/android-studio/gradle/m2repository/org/ow2/asm/asm-analysis/5.0.3/asm-analysis-5.0.3.jar
7f3fa4c67000-7f3fa4c6b000 r--s 00037000 08:01 16653758                   /home/vasanth/android-studio-1.5/android-studio/gradle/m2repository/org/antlr/ST4/4.0.8/ST4-4.0.8.jar
7f3fa4c6b000-7f3fa4c6c000 r--s 00002000 08:01 16782051                   /home/vasanth/android-studio-1.5/android-studio/gradle/m2repository/com/tunnelvisionlabs/antlr4-annotations/4.5/antlr4-annotations-4.5.jar
7f3fa4c6c000-7f3fa4c73000 r--s 00062000 08:01 16780975                   /home/vasanth/android-studio-1.5/android-studio/gradle/m2repository/com/tunnelvisionlabs/antlr4-runtime/4.5/antlr4-runtime-4.5.jar
7f3fa4c73000-7f3fa4c81000 r--s 00081000 08:01 16653788                   /home/vasanth/android-studio-1.5/android-studio/gradle/m2repository/org/bouncycastle/bcpkix-jdk15on/1.48/bcpkix-jdk15on-1.48.jar
7f3fa4c81000-7f3fa4c83000 r--s 00005000 08:01 16782084                   /home/vasanth/android-studio-1.5/android-studio/gradle/m2repository/com/android/tools/jill/jill-api/0.9.0/jill-api-0.9.0.jar
7f3fa4c83000-7f3fa4c87000 r--s 00027000 08:01 16782665                   /home/vasanth/android-studio-1.5/android-studio/gradle/m2repository/com/android/tools/build/manifest-merger/24.5.0/manifest-merger-24.5.0.jar
7f3fa4c87000-7f3fa4c8c000 r--s 00047000 08:01 16782139                   /home/vasanth/android-studio-1.5/android-studio/gradle/m2repository/com/android/tools/ddms/ddmlib/24.5.0/ddmlib-24.5.0.jar
7f3fa4c8c000-7f3fa4c8e000 r--s 00006000 08:01 16782131                   /home/vasanth/android-studio-1.5/android-studio/gradle/m2repository/com/android/tools/jack/jack-api/0.9.0/jack-api-0.9.0.jar
7f3fa4c8e000-7f3fa4c8f000 r--s 0000c000 08:01 16653701                   /home/vasanth/android-studio-1.5/android-studio/gradle/m2repository/org/ow2/asm/asm/5.0.3/asm-5.0.3.jar
7f3fa4c8f000-7f3fa4c90000 r--s 00002000 08:01 16782696                   /home/vasanth/android-studio-1.5/android-studio/gradle/m2repository/com/android/tools/build/builder-test-api/1.5.0/builder-test-api-1.5.0.jar
7f3fa4c90000-7f3fa4c93000 r--s 00026000 08:01 16653752                   /home/vasanth/android-studio-1.5/android-studio/gradle/m2repository/org/antlr/antlr-runtime/3.5.2/antlr-runtime-3.5.2.jar
7f3fa4c93000-7f3fa4c9d000 r--s 000ab000 08:01 16782096                   /home/vasanth/android-studio-1.5/android-studio/gradle/m2repository/com/android/tools/sdklib/24.5.0/sdklib-24.5.0.jar
7f3fa4c9d000-7f3fa4c9f000 r--s 00002000 08:01 16782733                   /home/vasanth/android-studio-1.5/android-studio/gradle/m2repository/com/squareup/javawriter/2.5.0/javawriter-2.5.0.jar
7f3fa4c9f000-7f3fa4ca1000 r--s 00016000 08:01 16782501                   /home/vasanth/android-studio-1.5/android-studio/gradle/m2repository/com/android/tools/common/24.5.0/common-24.5.0.jar
7f3fa4ca1000-7f3fa4ca3000 r--s 00006000 08:01 16653713                   /home/vasanth/android-studio-1.5/android-studio/gradle/m2repository/org/ow2/asm/asm-tree/5.0.3/asm-tree-5.0.3.jar
7f3fa4ca3000-7f3fa4ca5000 r--s 00005000 08:01 16782679                   /home/vasanth/android-studio-1.5/android-studio/gradle/m2repository/com/android/tools/build/builder-model/1.5.0/builder-model-1.5.0.jar
7f3fa4ca5000-7f3fa4cd8000 r--s 00203000 08:01 16653793                   /home/vasanth/android-studio-1.5/android-studio/gradle/m2repository/org/bouncycastle/bcprov-jdk15on/1.48/bcprov-jdk15on-1.48.jar
7f3fa4cd8000-7f3fa4ce0000 r--s 00079000 08:01 16782494                   /home/vasanth/android-studio-1.5/android-studio/gradle/m2repository/com/android/tools/sdk-common/24.5.0/sdk-common-24.5.0.jar
7f3fa4ce0000-7f3fa4cf2000 r--s 00223000 08:01 16653782                   /home/vasanth/android-studio-1.5/android-studio/gradle/m2repository/org/eclipse/jdt/core/compiler/ecj/4.4.2/ecj-4.4.2.jar
7f3fa4cf2000-7f3fa4cf8000 r--s 000af000 08:01 16782124                   /home/vasanth/android-studio-1.5/android-studio/gradle/m2repository/com/android/tools/lint/lint-checks/24.5.0/lint-checks-24.5.0.jar
7f3fa4cf8000-7f3fa4d08000 r--s 000d6000 08:01 16780001                   /home/vasanth/android-studio-1.5/android-studio/gradle/m2repository/net/sf/proguard/proguard-base/5.2.1/proguard-base-5.2.1.jar
7f3fa4d08000-7f3fa4d0c000 r--s 0002a000 08:01 16653677                   /home/vasanth/android-studio-1.5/android-studio/gradle/m2repository/commons-io/commons-io/2.4/commons-io-2.4.jar
7f3fa4d0c000-7f3fa4d16000 r--s 00099000 08:01 16782047                   /home/vasanth/android-studio-1.5/android-studio/gradle/m2repository/com/tunnelvisionlabs/antlr4/4.5/antlr4-4.5.jar
7f3fa4d16000-7f3fa4d1d000 r--s 0005e000 08:01 16653818                   /home/vasanth/android-studio-1.5/android-studio/gradle/m2repository/org/apache/commons/commons-lang3/3.3.2/commons-lang3-3.3.2.jar
7f3fa4d1d000-7f3fa4d20000 r--s 00033000 08:01 16782059                   /home/vasanth/android-studio-1.5/android-studio/gradle/m2repository/com/googlecode/juniversalchardet/juniversalchardet/1.0.3/juniversalchardet-1.0.3.jar
7f3fa4d20000-7f3fa4d4b000 r--s 001f9000 08:01 16780755                   /home/vasanth/android-studio-1.5/android-studio/gradle/m2repository/com/google/guava/guava/17.0/guava-17.0.jar
7f3fa4d4b000-7f3fa4d50000 r--s 00058000 08:01 16653722                   /home/vasanth/android-studio-1.5/android-studio/gradle/m2repository/org/ow2/asm/asm-debug-all/5.0.1/asm-debug-all-5.0.1.jar
7f3fa4d50000-7f3fa4d56000 r--s 0005a000 08:01 16782669                   /home/vasanth/android-studio-1.5/android-studio/gradle/m2repository/com/android/tools/build/builder/1.5.0/builder-1.5.0.jar
7f3fa4d56000-7f3fa4d6d000 r--s 0012c000 08:01 16782507                   /home/vasanth/android-studio-1.5/android-studio/gradle/m2repository/com/android/tools/build/gradle-core/1.5.0/gradle-core-1.5.0.jar
7f3fa4d6d000-7f3fa4d70000 ---p 00000000 00:00 0 
7f3fa4d70000-7f3fa4e6e000 rw-p 00000000 00:00 0                          [stack:13323]
7f3fa4e6e000-7f3fa4e71000 ---p 00000000 00:00 0 
7f3fa4e71000-7f3fa4ea7000 rw-p 00000000 00:00 0                          [stack:13322]
7f3fa4ea7000-7f3fa4f12000 r--s 0069e000 08:01 17964166                   /usr/lib/jvm/java-7-openjdk-amd64/lib/tools.jar
7f3fa4f12000-7f3fa4f15000 ---p 00000000 00:00 0 
7f3fa4f15000-7f3fa5013000 rw-p 00000000 00:00 0                          [stack:13319]
7f3fa5013000-7f3fa5016000 ---p 00000000 00:00 0 
7f3fa5016000-7f3fa5114000 rw-p 00000000 00:00 0                          [stack:13316]
7f3fa5114000-7f3fa5117000 ---p 00000000 00:00 0 
7f3fa5117000-7f3fa5215000 rw-p 00000000 00:00 0                          [stack:13315]
7f3fa5215000-7f3fa5218000 ---p 00000000 00:00 0 
7f3fa5218000-7f3fa5316000 rw-p 00000000 00:00 0                          [stack:13314]
7f3fa5316000-7f3fa5319000 ---p 00000000 00:00 0 
7f3fa5319000-7f3fa5417000 rw-p 00000000 00:00 0                          [stack:13313]
7f3fa5417000-7f3fa541a000 ---p 00000000 00:00 0 
7f3fa541a000-7f3fa5518000 rw-p 00000000 00:00 0                          [stack:13312]
7f3fa5518000-7f3fa551a000 r--s 00005000 08:01 11141435                   /root/.gradle/wrapper/dists/gradle-2.8-all/ah86jmo43de9lfa8xg9ux3c4h/gradle-2.8/lib/plugins/gradle-tooling-api-builders-2.8.jar
7f3fa551a000-7f3fa552a000 r--s 00088000 08:01 11141467                   /root/.gradle/wrapper/dists/gradle-2.8-all/ah86jmo43de9lfa8xg9ux3c4h/gradle-2.8/lib/plugins/joda-time-2.8.2.jar
7f3fa552a000-7f3fa553b000 r--s 000cf000 08:01 11141466                   /root/.gradle/wrapper/dists/gradle-2.8-all/ah86jmo43de9lfa8xg9ux3c4h/gradle-2.8/lib/plugins/jackson-databind-2.3.2.jar
7f3fa553b000-7f3fa553d000 r--s 00007000 08:01 11141465                   /root/.gradle/wrapper/dists/gradle-2.8-all/ah86jmo43de9lfa8xg9ux3c4h/gradle-2.8/lib/plugins/jackson-annotations-2.3.2.jar
7f3fa553d000-7f3fa5540000 r--s 0002e000 08:01 11141464                   /root/.gradle/wrapper/dists/gradle-2.8-all/ah86jmo43de9lfa8xg9ux3c4h/gradle-2.8/lib/plugins/jackson-core-2.3.2.jar
7f3fa5540000-7f3fa554b000 r--s 0006b000 08:01 11141463                   /root/.gradle/wrapper/dists/gradle-2.8-all/ah86jmo43de9lfa8xg9ux3c4h/gradle-2.8/lib/plugins/aws-java-sdk-core-1.9.19.jar
7f3fa554b000-7f3fa5551000 r--s 00036000 08:01 11141462                   /root/.gradle/wrapper/dists/gradle-2.8-all/ah86jmo43de9lfa8xg9ux3c4h/gradle-2.8/lib/plugins/aws-java-sdk-kms-1.9.19.jar
7f3fa5551000-7f3fa555c000 r--s 00079000 08:01 11141461                   /root/.gradle/wrapper/dists/gradle-2.8-all/ah86jmo43de9lfa8xg9ux3c4h/gradle-2.8/lib/plugins/aws-java-sdk-s3-1.9.19.jar
7f3fa555c000-7f3fa555d000 r--s 00002000 08:01 16782725                   /home/vasanth/android-studio-1.5/android-studio/gradle/m2repository/com/android/databinding/baseLibrary/1.0-rc5/baseLibrary-1.0-rc5.jar
7f3fa555d000-7f3fa555e000 r--s 00001000 08:01 16782078                   /home/vasanth/android-studio-1.5/android-studio/gradle/m2repository/com/android/tools/annotations/24.5.0/annotations-24.5.0.jar
7f3fa555e000-7f3fa5560000 r--s 00022000 08:01 16782115                   /home/vasanth/android-studio-1.5/android-studio/gradle/m2repository/com/android/tools/lint/lint/24.5.0/lint-24.5.0.jar
7f3fa5560000-7f3fa5561000 r--s 00002000 08:01 16780629                   /home/vasanth/android-studio-1.5/android-studio/gradle/m2repository/net/sf/proguard/proguard-gradle/5.2.1/proguard-gradle-5.2.1.jar
7f3fa5561000-7f3fa5565000 r--s 00026000 08:01 16782720                   /home/vasanth/android-studio-1.5/android-studio/gradle/m2repository/com/android/databinding/compilerCommon/1.0-rc5/compilerCommon-1.0-rc5.jar
7f3fa5565000-7f3fa5567000 r--s 00001000 08:01 16782706                   /home/vasanth/android-studio-1.5/android-studio/gradle/m2repository/com/android/tools/build/transform-api/1.5.0/transform-api-1.5.0.jar
7f3fa5567000-7f3fa556b000 r--s 0001e000 08:01 16653765                   /home/vasanth/android-studio-1.5/android-studio/gradle/m2repository/org/jacoco/org.jacoco.core/0.7.4.201502262128/org.jacoco.core-0.7.4.201502262128.jar
7f3fa556b000-7f3fa556d000 r--s 0000d000 08:01 16782687                   /home/vasanth/android-studio-1.5/android-studio/gradle/m2repository/com/android/tools/build/gradle/1.5.0/gradle-1.5.0.jar
7f3fa556d000-7f3fa5577000 r--s 000ae000 08:01 16386557                   /usr/lib/jvm/java-7-openjdk-amd64/jre/lib/resources.jar
7f3fa5577000-7f3fa5578000 r--p 00000000 00:00 0 
7f3fa5578000-7f3fa557f000 r--s 00000000 08:01 16147151                   /usr/lib/x86_64-linux-gnu/gconv/gconv-modules.cache
7f3fa557f000-7f3fa5584000 r--s 0004d000 08:01 16386570                   /usr/lib/jvm/java-7-openjdk-amd64/jre/lib/jsse.jar
7f3fa5584000-7f3fa5585000 r--s 00003000 08:01 11141434                   /root/.gradle/wrapper/dists/gradle-2.8-all/ah86jmo43de9lfa8xg9ux3c4h/gradle-2.8/lib/plugins/gradle-resources-s3-2.8.jar
7f3fa5585000-7f3fa5586000 r--s 00004000 08:01 11141433                   /root/.gradle/wrapper/dists/gradle-2.8-all/ah86jmo43de9lfa8xg9ux3c4h/gradle-2.8/lib/plugins/gradle-resources-sftp-2.8.jar
7f3fa5586000-7f3fa5587000 r--s 00001000 08:01 11141430                   /root/.gradle/wrapper/dists/gradle-2.8-all/ah86jmo43de9lfa8xg9ux3c4h/gradle-2.8/lib/plugins/gradle-plugin-development-2.8.jar
7f3fa5587000-7f3fa5589000 r--s 00005000 08:01 11141429                   /root/.gradle/wrapper/dists/gradle-2.8-all/ah86jmo43de9lfa8xg9ux3c4h/gradle-2.8/lib/plugins/gradle-testing-native-2.8.jar
7f3fa5589000-7f3fa558e000 r--s 0002b000 08:01 11141428                   /root/.gradle/wrapper/dists/gradle-2.8-all/ah86jmo43de9lfa8xg9ux3c4h/gradle-2.8/lib/plugins/gradle-ide-native-2.8.jar
7f3fa558e000-7f3fa5594000 r--s 00019000 08:01 11141427                   /root/.gradle/wrapper/dists/gradle-2.8-all/ah86jmo43de9lfa8xg9ux3c4h/gradle-2.8/lib/plugins/gradle-language-native-2.8.jar
7f3fa5594000-7f3fa5599000 r--s 00028000 08:01 11141426                   /root/.gradle/wrapper/dists/gradle-2.8-all/ah86jmo43de9lfa8xg9ux3c4h/gradle-2.8/lib/plugins/gradle-platform-play-2.8.jar
7f3fa5599000-7f3fa55a6000 r--s 0004f000 08:01 11141425                   /root/.gradle/wrapper/dists/gradle-2.8-all/ah86jmo43de9lfa8xg9ux3c4h/gradle-2.8/lib/plugins/gradle-platform-native-2.8.jar
7f3fa55a6000-7f3fa55a9000 r--s 00008000 08:01 11141424                   /root/.gradle/wrapper/dists/gradle-2.8-all/ah86jmo43de9lfa8xg9ux3c4h/gradle-2.8/lib/plugins/gradle-language-scala-2.8.jar
7f3fa55a9000-7f3fa55ac000 r--s 00009000 08:01 11141423                   /root/.gradle/wrapper/dists/gradle-2.8-all/ah86jmo43de9lfa8xg9ux3c4h/gradle-2.8/lib/plugins/gradle-language-groovy-2.8.jar
7f3fa55ac000-7f3fa55b2000 r--s 00023000 08:01 11141422                   /root/.gradle/wrapper/dists/gradle-2.8-all/ah86jmo43de9lfa8xg9ux3c4h/gradle-2.8/lib/plugins/gradle-language-java-2.8.jar
7f3fa55b2000-7f3fa55b4000 r--s 00008000 08:01 11141421                   /root/.gradle/wrapper/dists/gradle-2.8-all/ah86jmo43de9lfa8xg9ux3c4h/gradle-2.8/lib/plugins/gradle-language-jvm-2.8.jar
7f3fa55b4000-7f3fa55b7000 r--s 0000d000 08:01 11141420                   /root/.gradle/wrapper/dists/gradle-2.8-all/ah86jmo43de9lfa8xg9ux3c4h/gradle-2.8/lib/plugins/gradle-platform-jvm-2.8.jar
7f3fa55b7000-7f3fa55bf000 r--s 0002c000 08:01 11141419                   /root/.gradle/wrapper/dists/gradle-2.8-all/ah86jmo43de9lfa8xg9ux3c4h/gradle-2.8/lib/plugins/gradle-platform-base-2.8.jar
7f3fa55bf000-7f3fa55c3000 r--s 00020000 08:01 11141418                   /root/.gradle/wrapper/dists/gradle-2.8-all/ah86jmo43de9lfa8xg9ux3c4h/gradle-2.8/lib/plugins/gradle-build-init-2.8.jar
7f3fa55c3000-7f3fa55c6000 r--s 00017000 08:01 11141417                   /root/.gradle/wrapper/dists/gradle-2.8-all/ah86jmo43de9lfa8xg9ux3c4h/gradle-2.8/lib/plugins/gradle-jacoco-2.8.jar
7f3fa55c6000-7f3fa55c9000 r--s 0000e000 08:01 11141416                   /root/.gradle/wrapper/dists/gradle-2.8-all/ah86jmo43de9lfa8xg9ux3c4h/gradle-2.8/lib/plugins/gradle-ivy-2.8.jar
7f3fa55c9000-7f3fa55cb000 r--s 00002000 08:01 11141415                   /root/.gradle/wrapper/dists/gradle-2.8-all/ah86jmo43de9lfa8xg9ux3c4h/gradle-2.8/lib/plugins/gradle-publish-2.8.jar
7f3fa55cb000-7f3fa55cd000 r--s 00005000 08:01 11141457                   /root/.gradle/wrapper/dists/gradle-2.8-all/ah86jmo43de9lfa8xg9ux3c4h/gradle-2.8/lib/plugins/jatl-0.2.2.jar
7f3fa55cd000-7f3fa55cf000 r--s 0000f000 08:01 11141414                   /root/.gradle/wrapper/dists/gradle-2.8-all/ah86jmo43de9lfa8xg9ux3c4h/gradle-2.8/lib/plugins/gradle-reporting-2.8.jar
7f3fa55cf000-7f3fa55d4000 r--s 00035000 08:01 11141413                   /root/.gradle/wrapper/dists/gradle-2.8-all/ah86jmo43de9lfa8xg9ux3c4h/gradle-2.8/lib/plugins/gradle-diagnostics-2.8.jar
7f3fa55d4000-7f3fa55db000 r--s 0008f000 08:01 11141412                   /root/.gradle/wrapper/dists/gradle-2.8-all/ah86jmo43de9lfa8xg9ux3c4h/gradle-2.8/lib/plugins/gradle-build-comparison-2.8.jar
7f3fa55db000-7f3fa55e2000 r--s 00035000 08:01 11141456                   /root/.gradle/wrapper/dists/gradle-2.8-all/ah86jmo43de9lfa8xg9ux3c4h/gradle-2.8/lib/plugins/simple-4.1.21.jar
7f3fa55e2000-7f3fa55ee000 r--s 00100000 08:01 11141454                   /root/.gradle/wrapper/dists/gradle-2.8-all/ah86jmo43de9lfa8xg9ux3c4h/gradle-2.8/lib/plugins/rhino-1.7R3.jar
7f3fa55ee000-7f3fa55f2000 r--s 0001c000 08:01 11141411                   /root/.gradle/wrapper/dists/gradle-2.8-all/ah86jmo43de9lfa8xg9ux3c4h/gradle-2.8/lib/plugins/gradle-javascript-2.8.jar
7f3fa55f2000-7f3fa55f4000 r--s 0000b000 08:01 11141410                   /root/.gradle/wrapper/dists/gradle-2.8-all/ah86jmo43de9lfa8xg9ux3c4h/gradle-2.8/lib/plugins/gradle-ear-2.8.jar
7f3fa55f4000-7f3fa55fb000 r--s 00038000 08:01 11141453                   /root/.gradle/wrapper/dists/gradle-2.8-all/ah86jmo43de9lfa8xg9ux3c4h/gradle-2.8/lib/plugins/bcpg-jdk15on-1.51.jar
7f3fa55fb000-7f3fa55fd000 r--s 00017000 08:01 11141409                   /root/.gradle/wrapper/dists/gradle-2.8-all/ah86jmo43de9lfa8xg9ux3c4h/gradle-2.8/lib/plugins/gradle-signing-2.8.jar
7f3fa55fd000-7f3fa55fe000 r--s 00002000 08:01 11141452                   /root/.gradle/wrapper/dists/gradle-2.8-all/ah86jmo43de9lfa8xg9ux3c4h/gradle-2.8/lib/plugins/sonar-batch-bootstrapper-2.9.jar
7f3fa55fe000-7f3fa5601000 r--s 00015000 08:01 11141408                   /root/.gradle/wrapper/dists/gradle-2.8-all/ah86jmo43de9lfa8xg9ux3c4h/gradle-2.8/lib/plugins/gradle-sonar-2.8.jar
7f3fa5601000-7f3fa5604000 r--s 00010000 08:01 11141407                   /root/.gradle/wrapper/dists/gradle-2.8-all/ah86jmo43de9lfa8xg9ux3c4h/gradle-2.8/lib/plugins/gradle-scala-2.8.jar
7f3fa5604000-7f3fa5606000 r--s 0000a000 08:01 11141406                   /root/.gradle/wrapper/dists/gradle-2.8-all/ah86jmo43de9lfa8xg9ux3c4h/gradle-2.8/lib/plugins/gradle-announce-2.8.jar
7f3fa5606000-7f3fa5614000 r--s 0009f000 08:01 11141405                   /root/.gradle/wrapper/dists/gradle-2.8-all/ah86jmo43de9lfa8xg9ux3c4h/gradle-2.8/lib/plugins/gradle-ide-2.8.jar
7f3fa5614000-7f3fa5617000 r--s 0000c000 08:01 11141451                   /root/.gradle/wrapper/dists/gradle-2.8-all/ah86jmo43de9lfa8xg9ux3c4h/gradle-2.8/lib/plugins/pmaven-groovy-0.8-20100325.jar
7f3fa5617000-7f3fa5618000 r--s 00004000 08:01 11141450                   /root/.gradle/wrapper/dists/gradle-2.8-all/ah86jmo43de9lfa8xg9ux3c4h/gradle-2.8/lib/plugins/pmaven-common-0.8-20100325.jar
7f3fa5618000-7f3fa561e000 r--s 00022000 08:01 11141404                   /root/.gradle/wrapper/dists/gradle-2.8-all/ah86jmo43de9lfa8xg9ux3c4h/gradle-2.8/lib/plugins/gradle-maven-2.8.jar
7f3fa561e000-7f3fa563f000 r--s 001c3000 08:01 11141448                   /root/.gradle/wrapper/dists/gradle-2.8-all/ah86jmo43de9lfa8xg9ux3c4h/gradle-2.8/lib/plugins/bndlib-2.4.0.jar
7f3fa563f000-7f3fa5641000 r--s 00004000 08:01 11141403                   /root/.gradle/wrapper/dists/gradle-2.8-all/ah86jmo43de9lfa8xg9ux3c4h/gradle-2.8/lib/plugins/gradle-osgi-2.8.jar
7f3fa5641000-7f3fa5643000 r--s 00008000 08:01 11141402                   /root/.gradle/wrapper/dists/gradle-2.8-all/ah86jmo43de9lfa8xg9ux3c4h/gradle-2.8/lib/plugins/gradle-antlr-2.8.jar
7f3fa5643000-7f3fa5646000 r--s 0001e000 08:01 11141476                   /root/.gradle/wrapper/dists/gradle-2.8-all/ah86jmo43de9lfa8xg9ux3c4h/gradle-2.8/lib/plugins/jsp-api-2.1-6.1.14.jar
7f3fa5646000-7f3fa5669000 r--s 00344000 08:01 11141475                   /root/.gradle/wrapper/dists/gradle-2.8-all/ah86jmo43de9lfa8xg9ux3c4h/gradle-2.8/lib/plugins/core-3.1.1.jar
7f3fa5669000-7f3fa566a000 r--s 00006000 08:01 11141474                   /root/.gradle/wrapper/dists/gradle-2.8-all/ah86jmo43de9lfa8xg9ux3c4h/gradle-2.8/lib/plugins/jetty-naming-6.1.25.jar
7f3fa566a000-7f3fa566b000 r--s 00002000 08:01 11141447                   /root/.gradle/wrapper/dists/gradle-2.8-all/ah86jmo43de9lfa8xg9ux3c4h/gradle-2.8/lib/plugins/geronimo-annotation_1.0_spec-1.0.jar
7f3fa566b000-7f3fa566d000 r--s 00002000 08:01 11141446                   /root/.gradle/wrapper/dists/gradle-2.8-all/ah86jmo43de9lfa8xg9ux3c4h/gradle-2.8/lib/plugins/jetty-annotations-6.1.25.jar
7f3fa566d000-7f3fa567e000 r--s 000ea000 08:01 11141445                   /root/.gradle/wrapper/dists/gradle-2.8-all/ah86jmo43de9lfa8xg9ux3c4h/gradle-2.8/lib/plugins/jsp-2.1-6.1.14.jar
7f3fa567e000-7f3fa5680000 r--s 0000d000 08:01 11141444                   /root/.gradle/wrapper/dists/gradle-2.8-all/ah86jmo43de9lfa8xg9ux3c4h/gradle-2.8/lib/plugins/jetty-plus-6.1.25.jar
7f3fa5680000-7f3fa5682000 r--s 0001f000 08:01 11141443                   /root/.gradle/wrapper/dists/gradle-2.8-all/ah86jmo43de9lfa8xg9ux3c4h/gradle-2.8/lib/plugins/servlet-api-2.5-20081211.jar
7f3fa5682000-7f3fa5686000 r--s 00028000 08:01 11141442                   /root/.gradle/wrapper/dists/gradle-2.8-all/ah86jmo43de9lfa8xg9ux3c4h/gradle-2.8/lib/plugins/jetty-util-6.1.25.jar
7f3fa5686000-7f3fa568d000 r--s 0007d000 08:01 11141441                   /root/.gradle/wrapper/dists/gradle-2.8-all/ah86jmo43de9lfa8xg9ux3c4h/gradle-2.8/lib/plugins/jetty-6.1.25.jar
7f3fa568d000-7f3fa568f000 r--s 00009000 08:01 11141401                   /root/.gradle/wrapper/dists/gradle-2.8-all/ah86jmo43de9lfa8xg9ux3c4h/gradle-2.8/lib/plugins/gradle-jetty-2.8.jar
7f3fa568f000-7f3fa5695000 r--s 00036000 08:01 11141400                   /root/.gradle/wrapper/dists/gradle-2.8-all/ah86jmo43de9lfa8xg9ux3c4h/gradle-2.8/lib/plugins/gradle-code-quality-2.8.jar
7f3fa5695000-7f3fa5697000 r--s 00009000 08:01 11141506                   /root/.gradle/wrapper/dists/gradle-2.8-all/ah86jmo43de9lfa8xg9ux3c4h/gradle-2.8/lib/plugins/hamcrest-core-1.3.jar
7f3fa5697000-7f3fa569d000 r--s 00033000 08:01 11141473                   /root/.gradle/wrapper/dists/gradle-2.8-all/ah86jmo43de9lfa8xg9ux3c4h/gradle-2.8/lib/plugins/snakeyaml-1.6.jar
7f3fa569d000-7f3fa569f000 r--s 00006000 08:01 11141472                   /root/.gradle/wrapper/dists/gradle-2.8-all/ah86jmo43de9lfa8xg9ux3c4h/gradle-2.8/lib/plugins/jcommander-1.12.jar
7f3fa569f000-7f3fa56a4000 r--s 00040000 08:01 11141471                   /root/.gradle/wrapper/dists/gradle-2.8-all/ah86jmo43de9lfa8xg9ux3c4h/gradle-2.8/lib/plugins/bsh-2.0b4.jar
7f3fa56a4000-7f3fa56a6000 r--s 00009000 08:01 11141440                   /root/.gradle/wrapper/dists/gradle-2.8-all/ah86jmo43de9lfa8xg9ux3c4h/gradle-2.8/lib/plugins/commons-cli-1.2.jar
7f3fa56a6000-7f3fa56af000 r--s 00089000 08:01 11141439                   /root/.gradle/wrapper/dists/gradle-2.8-all/ah86jmo43de9lfa8xg9ux3c4h/gradle-2.8/lib/plugins/testng-6.3.1.jar
7f3fa56af000-7f3fa56b7000 r--s 00045000 08:01 11141438                   /root/.gradle/wrapper/dists/gradle-2.8-all/ah86jmo43de9lfa8xg9ux3c4h/gradle-2.8/lib/plugins/junit-4.12.jar
7f3fa56b7000-7f3fa56c3000 r--s 00073000 08:01 11141399                   /root/.gradle/wrapper/dists/gradle-2.8-all/ah86jmo43de9lfa8xg9ux3c4h/gradle-2.8/lib/plugins/gradle-plugins-2.8.jar
7f3fa56c3000-7f3fa56db000 r--s 00115000 08:01 11141504                   /root/.gradle/wrapper/dists/gradle-2.8-all/ah86jmo43de9lfa8xg9ux3c4h/gradle-2.8/lib/plugins/xercesImpl-2.9.1.jar
7f3fa56db000-7f3fa56e3000 r--s 00028000 08:01 11141505                   /root/.gradle/wrapper/dists/gradle-2.8-all/ah86jmo43de9lfa8xg9ux3c4h/gradle-2.8/lib/plugins/xml-apis-1.3.04.jar
7f3fa56e3000-7f3fa56e9000 r--s 0005b000 08:01 11141503                   /root/.gradle/wrapper/dists/gradle-2.8-all/ah86jmo43de9lfa8xg9ux3c4h/gradle-2.8/lib/plugins/jcifs-1.3.17.jar
7f3fa56e9000-7f3fa56ef000 r--s 00031000 08:01 11141502                   /root/.gradle/wrapper/dists/gradle-2.8-all/ah86jmo43de9lfa8xg9ux3c4h/gradle-2.8/lib/plugins/httpcore-4.2.2.jar
7f3fa56ef000-7f3fa56f5000 r--s 00033000 08:01 11141501                   /root/.gradle/wrapper/dists/gradle-2.8-all/ah86jmo43de9lfa8xg9ux3c4h/gradle-2.8/lib/plugins/commons-codec-1.6.jar
7f3fa56f5000-7f3fa56f8000 r--s 0001c000 08:01 11141459                   /root/.gradle/wrapper/dists/gradle-2.8-all/ah86jmo43de9lfa8xg9ux3c4h/gradle-2.8/lib/plugins/nekohtml-1.9.14.jar
7f3fa56f8000-7f3fa5701000 r--s 00060000 08:01 11141458                   /root/.gradle/wrapper/dists/gradle-2.8-all/ah86jmo43de9lfa8xg9ux3c4h/gradle-2.8/lib/plugins/httpclient-4.2.2.jar
7f3fa5701000-7f3fa5703000 r--s 00009000 08:01 11141432                   /root/.gradle/wrapper/dists/gradle-2.8-all/ah86jmo43de9lfa8xg9ux3c4h/gradle-2.8/lib/plugins/gradle-resources-http-2.8.jar
7f3fa5703000-7f3fa5706000 r--s 00011000 08:01 11141431                   /root/.gradle/wrapper/dists/gradle-2.8-all/ah86jmo43de9lfa8xg9ux3c4h/gradle-2.8/lib/plugins/gradle-plugin-use-2.8.jar
7f3fa5706000-7f3fa5707000 r--s 00007000 08:01 11141500                   /root/.gradle/wrapper/dists/gradle-2.8-all/ah86jmo43de9lfa8xg9ux3c4h/gradle-2.8/lib/plugins/wagon-http-shared4-2.4.jar
7f3fa5707000-7f3fa570b000 r--s 00033000 08:01 11141499                   /root/.gradle/wrapper/dists/gradle-2.8-all/ah86jmo43de9lfa8xg9ux3c4h/gradle-2.8/lib/plugins/plexus-utils-2.0.6.jar
7f3fa570b000-7f3fa570f000 r--s 00021000 08:01 11141498                   /root/.gradle/wrapper/dists/gradle-2.8-all/ah86jmo43de9lfa8xg9ux3c4h/gradle-2.8/lib/plugins/maven-model-builder-3.0.4.jar
7f3fa570f000-7f3fa5710000 r--s 00002000 08:01 11141497                   /root/.gradle/wrapper/dists/gradle-2.8-all/ah86jmo43de9lfa8xg9ux3c4h/gradle-2.8/lib/plugins/wagon-file-2.4.jar
7f3fa5710000-7f3fa5712000 r--s 00002000 08:01 11141496                   /root/.gradle/wrapper/dists/gradle-2.8-all/ah86jmo43de9lfa8xg9ux3c4h/gradle-2.8/lib/plugins/plexus-cipher-1.7.jar
7f3fa5712000-7f3fa5715000 r--s 00013000 08:01 11141495                   /root/.gradle/wrapper/dists/gradle-2.8-all/ah86jmo43de9lfa8xg9ux3c4h/gradle-2.8/lib/plugins/aether-api-1.13.1.jar
7f3fa5715000-7f3fa5717000 r--s 0000a000 08:01 11141494                   /root/.gradle/wrapper/dists/gradle-2.8-all/ah86jmo43de9lfa8xg9ux3c4h/gradle-2.8/lib/plugins/maven-settings-3.0.4.jar
7f3fa5717000-7f3fa5719000 r--s 0000d000 08:01 11141493                   /root/.gradle/wrapper/dists/gradle-2.8-all/ah86jmo43de9lfa8xg9ux3c4h/gradle-2.8/lib/plugins/plexus-interpolation-1.14.jar
7f3fa5719000-7f3fa571b000 r--s 0000b000 08:01 11141492                   /root/.gradle/wrapper/dists/gradle-2.8-all/ah86jmo43de9lfa8xg9ux3c4h/gradle-2.8/lib/plugins/maven-artifact-3.0.4.jar
7f3fa571b000-7f3fa5722000 r--s 0002e000 08:01 11141491                   /root/.gradle/wrapper/dists/gradle-2.8-all/ah86jmo43de9lfa8xg9ux3c4h/gradle-2.8/lib/plugins/plexus-container-default-1.5.5.jar
7f3fa5722000-7f3fa5724000 r--s 0000b000 08:01 11141490                   /root/.gradle/wrapper/dists/gradle-2.8-all/ah86jmo43de9lfa8xg9ux3c4h/gradle-2.8/lib/plugins/maven-plugin-api-3.0.4.jar
7f3fa5724000-7f3fa5726000 r--s 00000000 08:01 11141507                   /root/.gradle/wrapper/dists/gradle-2.8-all/ah86jmo43de9lfa8xg9ux3c4h/gradle-2.8/lib/plugins/plexus-component-annotations-1.5.5.jar
7f3fa5726000-7f3fa572c000 r--s 0003f000 08:01 11141489                   /root/.gradle/wrapper/dists/gradle-2.8-all/ah86jmo43de9lfa8xg9ux3c4h/gradle-2.8/lib/plugins/maven-compat-3.0.4.jar
7f3fa572c000-7f3fa572f000 r--s 00008000 08:01 11141488                   /root/.gradle/wrapper/dists/gradle-2.8-all/ah86jmo43de9lfa8xg9ux3c4h/gradle-2.8/lib/plugins/maven-settings-builder-3.0.4.jar
7f3fa572f000-7f3fa5730000 r--s 00002000 08:01 11141487                   /root/.gradle/wrapper/dists/gradle-2.8-all/ah86jmo43de9lfa8xg9ux3c4h/gradle-2.8/lib/plugins/wagon-http-2.4.jar
7f3fa5730000-7f3fa5732000 r--s 00026000 08:01 11141486                   /root/.gradle/wrapper/dists/gradle-2.8-all/ah86jmo43de9lfa8xg9ux3c4h/gradle-2.8/lib/plugins/maven-model-3.0.4.jar
7f3fa5732000-7f3fa5734000 r--s 00006000 08:01 11141485                   /root/.gradle/wrapper/dists/gradle-2.8-all/ah86jmo43de9lfa8xg9ux3c4h/gradle-2.8/lib/plugins/aether-connector-wagon-1.13.1.jar
7f3fa5734000-7f3fa5736000 r--s 0000a000 08:01 11141484                   /root/.gradle/wrapper/dists/gradle-2.8-all/ah86jmo43de9lfa8xg9ux3c4h/gradle-2.8/lib/plugins/plexus-classworlds-2.4.jar
7f3fa5736000-7f3fa5738000 r--s 00006000 08:01 11141483                   /root/.gradle/wrapper/dists/gradle-2.8-all/ah86jmo43de9lfa8xg9ux3c4h/gradle-2.8/lib/plugins/maven-repository-metadata-3.0.4.jar
7f3fa5738000-7f3fa573a000 r--s 0000c000 08:01 11141482                   /root/.gradle/wrapper/dists/gradle-2.8-all/ah86jmo43de9lfa8xg9ux3c4h/gradle-2.8/lib/plugins/maven-aether-provider-3.0.4.jar
7f3fa573a000-7f3fa573c000 r--s 0000b000 08:01 11141481                   /root/.gradle/wrapper/dists/gradle-2.8-all/ah86jmo43de9lfa8xg9ux3c4h/gradle-2.8/lib/plugins/wagon-provider-api-2.4.jar
7f3fa573c000-7f3fa573d000 r--s 00003000 08:01 11141480                   /root/.gradle/wrapper/dists/gradle-2.8-all/ah86jmo43de9lfa8xg9ux3c4h/gradle-2.8/lib/plugins/aether-spi-1.13.1.jar
7f3fa573d000-7f3fa5741000 r--s 0001c000 08:01 11141479                   /root/.gradle/wrapper/dists/gradle-2.8-all/ah86jmo43de9lfa8xg9ux3c4h/gradle-2.8/lib/plugins/aether-util-1.13.1.jar
7f3fa5741000-7f3fa5744000 r--s 0001d000 08:01 11141478                   /root/.gradle/wrapper/dists/gradle-2.8-all/ah86jmo43de9lfa8xg9ux3c4h/gradle-2.8/lib/plugins/aether-impl-1.13.1.jar
7f3fa5744000-7f3fa5745000 r--s 00006000 08:01 11141477                   /root/.gradle/wrapper/dists/gradle-2.8-all/ah86jmo43de9lfa8xg9ux3c4h/gradle-2.8/lib/plugins/plexus-sec-dispatcher-1.3.jar
7f3fa5745000-7f3fa5749000 r--s 0003d000 08:01 11141460                   /root/.gradle/wrapper/dists/gradle-2.8-all/ah86jmo43de9lfa8xg9ux3c4h/gradle-2.8/lib/plugins/jsch-0.1.51.jar
7f3fa5749000-7f3fa5789000 r--s 00277000 08:01 11141470                   /root/.gradle/wrapper/dists/gradle-2.8-all/ah86jmo43de9lfa8xg9ux3c4h/gradle-2.8/lib/plugins/bcprov-jdk15on-1.51.jar
7f3fa5789000-7f3fa5795000 r--s 0007d000 08:01 11141449                   /root/.gradle/wrapper/dists/gradle-2.8-all/ah86jmo43de9lfa8xg9ux3c4h/gradle-2.8/lib/plugins/maven-core-3.0.4.jar
7f3fa5795000-7f3fa579a000 r--s 0002a000 08:01 11141455                   /root/.gradle/wrapper/dists/gradle-2.8-all/ah86jmo43de9lfa8xg9ux3c4h/gradle-2.8/lib/plugins/gson-2.2.4.jar
7f3fa579a000-7f3fa57a9000 r--s 000d9000 08:01 11141468                   /root/.gradle/wrapper/dists/gradle-2.8-all/ah86jmo43de9lfa8xg9ux3c4h/gradle-2.8/lib/plugins/ivy-2.2.0.jar
7f3fa57a9000-7f3fa57ad000 r-xp 00000000 08:01 10232760                   /root/.gradle/native/19/linux-amd64/libnative-platform.so
7f3fa57ad000-7f3fa59ac000 ---p 00004000 08:01 10232760                   /root/.gradle/native/19/linux-amd64/libnative-platform.so
7f3fa59ac000-7f3fa59ad000 rw-p 00003000 08:01 10232760                   /root/.gradle/native/19/linux-amd64/libnative-platform.so
7f3fa59ad000-7f3fa59bd000 r-xp 00000000 08:01 16386837                   /usr/lib/jvm/java-7-openjdk-amd64/jre/lib/amd64/libnio.so
7f3fa59bd000-7f3fa5bbd000 ---p 00010000 08:01 16386837                   /usr/lib/jvm/java-7-openjdk-amd64/jre/lib/amd64/libnio.so
7f3fa5bbd000-7f3fa5bbe000 r--p 00010000 08:01 16386837                   /usr/lib/jvm/java-7-openjdk-amd64/jre/lib/amd64/libnio.so
7f3fa5bbe000-7f3fa5bbf000 rw-p 00011000 08:01 16386837                   /usr/lib/jvm/java-7-openjdk-amd64/jre/lib/amd64/libnio.so
7f3fa5bbf000-7f3fa5bf0000 rw-p 00000000 00:00 0 
7f3fa5bf0000-7f3fa5c2d000 r-xp 00000000 08:01 4196986                    /lib/x86_64-linux-gnu/libpcre.so.3.13.1
7f3fa5c2d000-7f3fa5e2c000 ---p 0003d000 08:01 4196986                    /lib/x86_64-linux-gnu/libpcre.so.3.13.1
7f3fa5e2c000-7f3fa5e2d000 r--p 0003c000 08:01 4196986                    /lib/x86_64-linux-gnu/libpcre.so.3.13.1
7f3fa5e2d000-7f3fa5e2e000 rw-p 0003d000 08:01 4196986                    /lib/x86_64-linux-gnu/libpcre.so.3.13.1
7f3fa5e2e000-7f3fa5e35000 r-xp 00000000 08:01 15736616                   /usr/lib/x86_64-linux-gnu/libffi.so.6.0.1
7f3fa5e35000-7f3fa6034000 ---p 00007000 08:01 15736616                   /usr/lib/x86_64-linux-gnu/libffi.so.6.0.1
7f3fa6034000-7f3fa6035000 r--p 00006000 08:01 15736616                   /usr/lib/x86_64-linux-gnu/libffi.so.6.0.1
7f3fa6035000-7f3fa6036000 rw-p 00007000 08:01 15736616                   /usr/lib/x86_64-linux-gnu/libffi.so.6.0.1
7f3fa6036000-7f3fa604d000 r-xp 00000000 08:01 4196930                    /lib/x86_64-linux-gnu/libresolv-2.19.so
7f3fa604d000-7f3fa624d000 ---p 00017000 08:01 4196930                    /lib/x86_64-linux-gnu/libresolv-2.19.so
7f3fa624d000-7f3fa624e000 r--p 00017000 08:01 4196930                    /lib/x86_64-linux-gnu/libresolv-2.19.so
7f3fa624e000-7f3fa624f000 rw-p 00018000 08:01 4196930                    /lib/x86_64-linux-gnu/libresolv-2.19.so
7f3fa624f000-7f3fa6251000 rw-p 00000000 00:00 0 
7f3fa6251000-7f3fa6271000 r-xp 00000000 08:01 4198941                    /lib/x86_64-linux-gnu/libselinux.so.1
7f3fa6271000-7f3fa6470000 ---p 00020000 08:01 4198941                    /lib/x86_64-linux-gnu/libselinux.so.1
7f3fa6470000-7f3fa6471000 r--p 0001f000 08:01 4198941                    /lib/x86_64-linux-gnu/libselinux.so.1
7f3fa6471000-7f3fa6472000 rw-p 00020000 08:01 4198941                    /lib/x86_64-linux-gnu/libselinux.so.1
7f3fa6472000-7f3fa6474000 rw-p 00000000 00:00 0 
7f3fa6474000-7f3fa6477000 r-xp 00000000 08:01 15729004                   /usr/lib/x86_64-linux-gnu/libgmodule-2.0.so.0.4002.0
7f3fa6477000-7f3fa6676000 ---p 00003000 08:01 15729004                   /usr/lib/x86_64-linux-gnu/libgmodule-2.0.so.0.4002.0
7f3fa6676000-7f3fa6677000 r--p 00002000 08:01 15729004                   /usr/lib/x86_64-linux-gnu/libgmodule-2.0.so.0.4002.0
7f3fa6677000-7f3fa6678000 rw-p 00003000 08:01 15729004                   /usr/lib/x86_64-linux-gnu/libgmodule-2.0.so.0.4002.0
7f3fa6678000-7f3fa677e000 r-xp 00000000 08:01 4218194                    /lib/x86_64-linux-gnu/libglib-2.0.so.0.4002.0
7f3fa677e000-7f3fa697d000 ---p 00106000 08:01 4218194                    /lib/x86_64-linux-gnu/libglib-2.0.so.0.4002.0
7f3fa697d000-7f3fa697e000 r--p 00105000 08:01 4218194                    /lib/x86_64-linux-gnu/libglib-2.0.so.0.4002.0
7f3fa697e000-7f3fa697f000 rw-p 00106000 08:01 4218194                    /lib/x86_64-linux-gnu/libglib-2.0.so.0.4002.0
7f3fa697f000-7f3fa6980000 rw-p 00000000 00:00 0 
7f3fa6980000-7f3fa69cf000 r-xp 00000000 08:01 15729022                   /usr/lib/x86_64-linux-gnu/libgobject-2.0.so.0.4002.0
7f3fa69cf000-7f3fa6bcf000 ---p 0004f000 08:01 15729022                   /usr/lib/x86_64-linux-gnu/libgobject-2.0.so.0.4002.0
7f3fa6bcf000-7f3fa6bd0000 r--p 0004f000 08:01 15729022                   /usr/lib/x86_64-linux-gnu/libgobject-2.0.so.0.4002.0
7f3fa6bd0000-7f3fa6bd1000 rw-p 00050000 08:01 15729022                   /usr/lib/x86_64-linux-gnu/libgobject-2.0.so.0.4002.0
7f3fa6bd1000-7f3fa6d3d000 r-xp 00000000 08:01 15729026                   /usr/lib/x86_64-linux-gnu/libgio-2.0.so.0.4002.0
7f3fa6d3d000-7f3fa6f3c000 ---p 0016c000 08:01 15729026                   /usr/lib/x86_64-linux-gnu/libgio-2.0.so.0.4002.0
7f3fa6f3c000-7f3fa6f40000 r--p 0016b000 08:01 15729026                   /usr/lib/x86_64-linux-gnu/libgio-2.0.so.0.4002.0
7f3fa6f40000-7f3fa6f42000 rw-p 0016f000 08:01 15729026                   /usr/lib/x86_64-linux-gnu/libgio-2.0.so.0.4002.0
7f3fa6f42000-7f3fa6f44000 rw-p 00000000 00:00 0 
7f3fa6f44000-7f3fa6f48000 r--s 0001d000 08:01 11141469                   /root/.gradle/wrapper/dists/gradle-2.8-all/ah86jmo43de9lfa8xg9ux3c4h/gradle-2.8/lib/plugins/xbean-reflect-3.4.jar
7f3fa6f48000-7f3fa6f64000 r--s 000ca000 08:01 11141436                   /root/.gradle/wrapper/dists/gradle-2.8-all/ah86jmo43de9lfa8xg9ux3c4h/gradle-2.8/lib/plugins/gradle-dependency-management-2.8.jar
7f3fa6f64000-7f3fa6f7b000 r-xp 00000000 08:01 16386827                   /usr/lib/jvm/java-7-openjdk-amd64/jre/lib/amd64/libnet.so
7f3fa6f7b000-7f3fa717a000 ---p 00017000 08:01 16386827                   /usr/lib/jvm/java-7-openjdk-amd64/jre/lib/amd64/libnet.so
7f3fa717a000-7f3fa717b000 r--p 00016000 08:01 16386827                   /usr/lib/jvm/java-7-openjdk-amd64/jre/lib/amd64/libnet.so
7f3fa717b000-7f3fa717c000 rw-p 00017000 08:01 16386827                   /usr/lib/jvm/java-7-openjdk-amd64/jre/lib/amd64/libnet.so
7f3fa717c000-7f3fa7187000 r--s 0003a000 08:01 11141357                   /root/.gradle/wrapper/dists/gradle-2.8-all/ah86jmo43de9lfa8xg9ux3c4h/gradle-2.8/lib/gradle-tooling-api-2.8.jar
7f3fa7187000-7f3fa7189000 r--s 00002000 08:01 11141379                   /root/.gradle/wrapper/dists/gradle-2.8-all/ah86jmo43de9lfa8xg9ux3c4h/gradle-2.8/lib/gradle-open-api-2.8.jar
7f3fa7189000-7f3fa718f000 r--s 00032000 08:01 11141381                   /root/.gradle/wrapper/dists/gradle-2.8-all/ah86jmo43de9lfa8xg9ux3c4h/gradle-2.8/lib/jaxen-1.1.jar
7f3fa718f000-7f3fa7194000 r--s 00048000 08:01 11141380                   /root/.gradle/wrapper/dists/gradle-2.8-all/ah86jmo43de9lfa8xg9ux3c4h/gradle-2.8/lib/dom4j-1.6.1.jar
7f3fa7194000-7f3fa719f000 r--s 00059000 08:01 11141356                   /root/.gradle/wrapper/dists/gradle-2.8-all/ah86jmo43de9lfa8xg9ux3c4h/gradle-2.8/lib/gradle-ui-2.8.jar
7f3fa719f000-7f3fa71a2000 r--s 00008000 08:01 11141375                   /root/.gradle/wrapper/dists/gradle-2.8-all/ah86jmo43de9lfa8xg9ux3c4h/gradle-2.8/lib/gradle-resources-2.8.jar
7f3fa71a2000-7f3fa71a4000 r--s 00007000 08:01 11141397                   /root/.gradle/wrapper/dists/gradle-2.8-all/ah86jmo43de9lfa8xg9ux3c4h/gradle-2.8/lib/objenesis-1.2.jar
7f3fa71a4000-7f3fa71a6000 r--s 00000000 08:01 11141396                   /root/.gradle/wrapper/dists/gradle-2.8-all/ah86jmo43de9lfa8xg9ux3c4h/gradle-2.8/lib/minlog-1.2.jar
7f3fa71a6000-7f3fa71a8000 r--s 0000f000 08:01 11141395                   /root/.gradle/wrapper/dists/gradle-2.8-all/ah86jmo43de9lfa8xg9ux3c4h/gradle-2.8/lib/reflectasm-1.07-shaded.jar
7f3fa71a8000-7f3fa7217000 r--s 0063e000 08:01 11141362                   /root/.gradle/wrapper/dists/gradle-2.8-all/ah86jmo43de9lfa8xg9ux3c4h/gradle-2.8/lib/groovy-all-2.4.4.jar
7f3fa7217000-7f3fa7218000 ---p 00000000 00:00 0 
7f3fa7218000-7f3fa7318000 rw-p 00000000 00:00 0                          [stack:13311]
7f3fa7318000-7f3fa731b000 ---p 00000000 00:00 0 
7f3fa731b000-7f3fa7419000 rw-p 00000000 00:00 0                          [stack:13310]
7f3fa7419000-7f3fa741c000 ---p 00000000 00:00 0 
7f3fa741c000-7f3fa751a000 rw-p 00000000 00:00 0                          [stack:13309]
7f3fa751a000-7f3fa751d000 ---p 00000000 00:00 0 
7f3fa751d000-7f3fa761b000 rw-p 00000000 00:00 0                          [stack:13308]
7f3fa761b000-7f3fa761e000 ---p 00000000 00:00 0 
7f3fa761e000-7f3fa771c000 rw-p 00000000 00:00 0                          [stack:13307]
7f3fa771c000-7f3fa7dfe000 r--p 00000000 08:01 15735379                   /usr/lib/locale/locale-archive
7f3fa7dfe000-7f3fa7e01000 ---p 00000000 00:00 0 
7f3fa7e01000-7f3fa7eff000 rw-p 00000000 00:00 0                          [stack:13306]
7f3fa7eff000-7f3fa7f02000 ---p 00000000 00:00 0 
7f3fa7f02000-7f3fa8000000 rw-p 00000000 00:00 0                          [stack:13305]
7f3fa8000000-7f3fa8021000 rw-p 00000000 00:00 0 
7f3fa8021000-7f3fac000000 ---p 00000000 00:00 0 
7f3fac000000-7f3fac001000 r--s 00006000 08:01 11141352                   /root/.gradle/wrapper/dists/gradle-2.8-all/ah86jmo43de9lfa8xg9ux3c4h/gradle-2.8/lib/gradle-wrapper-2.8.jar
7f3fac001000-7f3fac005000 r--s 00026000 08:01 11141386                   /root/.gradle/wrapper/dists/gradle-2.8-all/ah86jmo43de9lfa8xg9ux3c4h/gradle-2.8/lib/kryo-2.20.jar
7f3fac005000-7f3fac00e000 r--s 0003f000 08:01 11141374                   /root/.gradle/wrapper/dists/gradle-2.8-all/ah86jmo43de9lfa8xg9ux3c4h/gradle-2.8/lib/gradle-messaging-2.8.jar
7f3fac00e000-7f3fac00f000 r--s 00003000 08:01 11141394                   /root/.gradle/wrapper/dists/gradle-2.8-all/ah86jmo43de9lfa8xg9ux3c4h/gradle-2.8/lib/native-platform-freebsd-amd64-0.10.jar
7f3fac00f000-7f3fac010000 r--s 00003000 08:01 11141393                   /root/.gradle/wrapper/dists/gradle-2.8-all/ah86jmo43de9lfa8xg9ux3c4h/gradle-2.8/lib/native-platform-freebsd-i386-0.10.jar
7f3fac010000-7f3fac011000 r--s 00005000 08:01 11141392                   /root/.gradle/wrapper/dists/gradle-2.8-all/ah86jmo43de9lfa8xg9ux3c4h/gradle-2.8/lib/native-platform-windows-i386-0.10.jar
7f3fac011000-7f3fac012000 r--s 00005000 08:01 11141391                   /root/.gradle/wrapper/dists/gradle-2.8-all/ah86jmo43de9lfa8xg9ux3c4h/gradle-2.8/lib/native-platform-windows-amd64-0.10.jar
7f3fac012000-7f3fac013000 r--s 00003000 08:01 11141390                   /root/.gradle/wrapper/dists/gradle-2.8-all/ah86jmo43de9lfa8xg9ux3c4h/gradle-2.8/lib/native-platform-linux-i386-0.10.jar
7f3fac013000-7f3fac014000 r--s 00003000 08:01 11141389                   /root/.gradle/wrapper/dists/gradle-2.8-all/ah86jmo43de9lfa8xg9ux3c4h/gradle-2.8/lib/native-platform-linux-amd64-0.10.jar
7f3fac014000-7f3fac015000 r--s 00002000 08:01 11141388                   /root/.gradle/wrapper/dists/gradle-2.8-all/ah86jmo43de9lfa8xg9ux3c4h/gradle-2.8/lib/native-platform-osx-amd64-0.10.jar
7f3fac015000-7f3fac016000 r--s 00002000 08:01 11141387                   /root/.gradle/wrapper/dists/gradle-2.8-all/ah86jmo43de9lfa8xg9ux3c4h/gradle-2.8/lib/native-platform-osx-i386-0.10.jar
7f3fac016000-7f3fac018000 r--s 00008000 08:01 11141384                   /root/.gradle/wrapper/dists/gradle-2.8-all/ah86jmo43de9lfa8xg9ux3c4h/gradle-2.8/lib/jansi-1.2.1.jar
7f3fac018000-7f3fac01b000 r--s 0000d000 08:01 11141383                   /root/.gradle/wrapper/dists/gradle-2.8-all/ah86jmo43de9lfa8xg9ux3c4h/gradle-2.8/lib/native-platform-0.10.jar
7f3fac01b000-7f3fac01f000 r--s 000e4000 08:01 11141382                   /root/.gradle/wrapper/dists/gradle-2.8-all/ah86jmo43de9lfa8xg9ux3c4h/gradle-2.8/lib/jna-3.2.7.jar
7f3fac01f000-7f3fac021000 r--s 00008000 08:01 11141358                   /root/.gradle/wrapper/dists/gradle-2.8-all/ah86jmo43de9lfa8xg9ux3c4h/gradle-2.8/lib/gradle-native-2.8.jar
7f3fac021000-7f3fac023000 r--s 00005000 08:01 11141355                   /root/.gradle/wrapper/dists/gradle-2.8-all/ah86jmo43de9lfa8xg9ux3c4h/gradle-2.8/lib/gradle-cli-2.8.jar
7f3fac023000-7f3fac024000 r--s 00007000 08:01 11141364                   /root/.gradle/wrapper/dists/gradle-2.8-all/ah86jmo43de9lfa8xg9ux3c4h/gradle-2.8/lib/gradle-model-groovy-2.8.jar
7f3fac024000-7f3fac025000 r--s 00006000 08:01 11141373                   /root/.gradle/wrapper/dists/gradle-2.8-all/ah86jmo43de9lfa8xg9ux3c4h/gradle-2.8/lib/gradle-base-services-groovy-2.8.jar
7f3fac025000-7f3fac031000 r--s 00067000 08:01 11141363                   /root/.gradle/wrapper/dists/gradle-2.8-all/ah86jmo43de9lfa8xg9ux3c4h/gradle-2.8/lib/gradle-model-core-2.8.jar
7f3fac031000-7f3fac032000 r--s 00000000 08:01 11141376                   /root/.gradle/wrapper/dists/gradle-2.8-all/ah86jmo43de9lfa8xg9ux3c4h/gradle-2.8/lib/gradle-docs-2.8.jar
7f3fac032000-7f3fac034000 r--s 00003000 08:01 11141378                   /root/.gradle/wrapper/dists/gradle-2.8-all/ah86jmo43de9lfa8xg9ux3c4h/gradle-2.8/lib/jcl-over-slf4j-1.7.10.jar
7f3fac034000-7f3fac035000 r--s 00005000 08:01 11141377                   /root/.gradle/wrapper/dists/gradle-2.8-all/ah86jmo43de9lfa8xg9ux3c4h/gradle-2.8/lib/log4j-over-slf4j-1.7.10.jar
7f3fac035000-7f3fac036000 r--s 00000000 08:01 11141372                   /root/.gradle/wrapper/dists/gradle-2.8-all/ah86jmo43de9lfa8xg9ux3c4h/gradle-2.8/lib/javax.inject-1.jar
7f3fac036000-7f3fac039000 r--s 0001b000 08:01 11141371                   /root/.gradle/wrapper/dists/gradle-2.8-all/ah86jmo43de9lfa8xg9ux3c4h/gradle-2.8/lib/jarjar-1.3.jar
7f3fac039000-7f3fac061000 r--s 001cf000 08:01 11141360                   /root/.gradle/wrapper/dists/gradle-2.8-all/ah86jmo43de9lfa8xg9ux3c4h/gradle-2.8/lib/guava-jdk5-17.0.jar
7f3fac061000-7f3fac080000 r--s 001cc000 08:01 11141366                   /root/.gradle/wrapper/dists/gradle-2.8-all/ah86jmo43de9lfa8xg9ux3c4h/gradle-2.8/lib/ant-1.9.3.jar
7f3fac080000-7f3fac0b6000 r--s 001b5000 08:01 11141354                   /root/.gradle/wrapper/dists/gradle-2.8-all/ah86jmo43de9lfa8xg9ux3c4h/gradle-2.8/lib/gradle-core-2.8.jar
7f3fac0b6000-7f3fac0b7000 ---p 00000000 00:00 0 
7f3fac0b7000-7f3fad1b4000 rw-p 00000000 00:00 0                          [stack:13304]
7f3fad1b4000-7f3fad365000 r--s 01d29000 08:01 16386548                   /usr/lib/jvm/java-7-openjdk-amd64/jre/lib/rt.jar
7f3fad365000-7f3fafeb6000 rw-p 00000000 00:00 0 
7f3fafeb6000-7f3fafeb7000 ---p 00000000 00:00 0 
7f3fafeb7000-7f3faffb7000 rw-p 00000000 00:00 0                          [stack:13303]
7f3faffb7000-7f3faffb8000 ---p 00000000 00:00 0 
7f3faffb8000-7f3fb00b8000 rw-p 00000000 00:00 0                          [stack:13302]
7f3fb00b8000-7f3fb00b9000 ---p 00000000 00:00 0 
7f3fb00b9000-7f3fb01b9000 rw-p 00000000 00:00 0                          [stack:13301]
7f3fb01b9000-7f3fb01ba000 ---p 00000000 00:00 0 
7f3fb01ba000-7f3fb02c9000 rw-p 00000000 00:00 0                          [stack:13300]
7f3fb02c9000-7f3fb033a000 rw-p 00000000 00:00 0 
7f3fb033a000-7f3fb0349000 rw-p 00000000 00:00 0 
7f3fb0349000-7f3fb03ba000 rw-p 00000000 00:00 0 
7f3fb03ba000-7f3fb03f7000 rw-p 00000000 00:00 0 
7f3fb03f7000-7f3fb050f000 rw-p 00000000 00:00 0 
7f3fb050f000-7f3fb0574000 rw-p 00000000 00:00 0 
7f3fb0574000-7f3fb05ba000 rw-p 00000000 00:00 0 
7f3fb05ba000-7f3fb05bb000 rw-p 00000000 00:00 0 
7f3fb05bb000-7f3fb089b000 rwxp 00000000 00:00 0 
7f3fb089b000-7f3fb35bb000 rw-p 00000000 00:00 0 
7f3fb35bb000-7f3fb35c3000 r-xp 00000000 08:01 16386700                   /usr/lib/jvm/java-7-openjdk-amd64/jre/lib/amd64/libzip.so
7f3fb35c3000-7f3fb37c2000 ---p 00008000 08:01 16386700                   /usr/lib/jvm/java-7-openjdk-amd64/jre/lib/amd64/libzip.so
7f3fb37c2000-7f3fb37c3000 r--p 00007000 08:01 16386700                   /usr/lib/jvm/java-7-openjdk-amd64/jre/lib/amd64/libzip.so
7f3fb37c3000-7f3fb37c4000 rw-p 00008000 08:01 16386700                   /usr/lib/jvm/java-7-openjdk-amd64/jre/lib/amd64/libzip.so
7f3fb37c4000-7f3fb37cf000 r-xp 00000000 08:01 4196934                    /lib/x86_64-linux-gnu/libnss_files-2.19.so
7f3fb37cf000-7f3fb39ce000 ---p 0000b000 08:01 4196934                    /lib/x86_64-linux-gnu/libnss_files-2.19.so
7f3fb39ce000-7f3fb39cf000 r--p 0000a000 08:01 4196934                    /lib/x86_64-linux-gnu/libnss_files-2.19.so
7f3fb39cf000-7f3fb39d0000 rw-p 0000b000 08:01 4196934                    /lib/x86_64-linux-gnu/libnss_files-2.19.so
7f3fb39d0000-7f3fb39db000 r-xp 00000000 08:01 4196968                    /lib/x86_64-linux-gnu/libnss_nis-2.19.so
7f3fb39db000-7f3fb3bda000 ---p 0000b000 08:01 4196968                    /lib/x86_64-linux-gnu/libnss_nis-2.19.so
7f3fb3bda000-7f3fb3bdb000 r--p 0000a000 08:01 4196968                    /lib/x86_64-linux-gnu/libnss_nis-2.19.so
7f3fb3bdb000-7f3fb3bdc000 rw-p 0000b000 08:01 4196968                    /lib/x86_64-linux-gnu/libnss_nis-2.19.so
7f3fb3bdc000-7f3fb3bf3000 r-xp 00000000 08:01 4196957                    /lib/x86_64-linux-gnu/libnsl-2.19.so
7f3fb3bf3000-7f3fb3df2000 ---p 00017000 08:01 4196957                    /lib/x86_64-linux-gnu/libnsl-2.19.so
7f3fb3df2000-7f3fb3df3000 r--p 00016000 08:01 4196957                    /lib/x86_64-linux-gnu/libnsl-2.19.so
7f3fb3df3000-7f3fb3df4000 rw-p 00017000 08:01 4196957                    /lib/x86_64-linux-gnu/libnsl-2.19.so
7f3fb3df4000-7f3fb3df6000 rw-p 00000000 00:00 0 
7f3fb3df6000-7f3fb3dff000 r-xp 00000000 08:01 4196956                    /lib/x86_64-linux-gnu/libnss_compat-2.19.so
7f3fb3dff000-7f3fb3ffe000 ---p 00009000 08:01 4196956                    /lib/x86_64-linux-gnu/libnss_compat-2.19.so
7f3fb3ffe000-7f3fb3fff000 r--p 00008000 08:01 4196956                    /lib/x86_64-linux-gnu/libnss_compat-2.19.so
7f3fb3fff000-7f3fb4000000 rw-p 00009000 08:01 4196956                    /lib/x86_64-linux-gnu/libnss_compat-2.19.so
7f3fb4000000-7f3fb4b58000 rw-p 00000000 00:00 0 
7f3fb4b58000-7f3fb8000000 ---p 00000000 00:00 0 
7f3fb8000000-7f3fb8002000 r--s 00000000 08:01 11141370                   /root/.gradle/wrapper/dists/gradle-2.8-all/ah86jmo43de9lfa8xg9ux3c4h/gradle-2.8/lib/jul-to-slf4j-1.7.10.jar
7f3fb8002000-7f3fb8005000 r--s 00018000 08:01 11141368                   /root/.gradle/wrapper/dists/gradle-2.8-all/ah86jmo43de9lfa8xg9ux3c4h/gradle-2.8/lib/commons-io-1.4.jar
7f3fb8005000-7f3fb8013000 r--s 0007f000 08:01 11141367                   /root/.gradle/wrapper/dists/gradle-2.8-all/ah86jmo43de9lfa8xg9ux3c4h/gradle-2.8/lib/commons-collections-3.2.1.jar
7f3fb8013000-7f3fb8018000 r--s 00036000 08:01 11141365                   /root/.gradle/wrapper/dists/gradle-2.8-all/ah86jmo43de9lfa8xg9ux3c4h/gradle-2.8/lib/asm-all-5.0.3.jar
7f3fb8018000-7f3fb8096000 rw-p 00000000 00:00 0 
7f3fb8096000-7f3fb81af000 rw-p 00000000 00:00 0 
7f3fb81af000-7f3fb81da000 r-xp 00000000 08:01 16386847                   /usr/lib/jvm/java-7-openjdk-amd64/jre/lib/amd64/libjava.so
7f3fb81da000-7f3fb83d9000 ---p 0002b000 08:01 16386847                   /usr/lib/jvm/java-7-openjdk-amd64/jre/lib/amd64/libjava.so
7f3fb83d9000-7f3fb83da000 r--p 0002a000 08:01 16386847                   /usr/lib/jvm/java-7-openjdk-amd64/jre/lib/amd64/libjava.so
7f3fb83da000-7f3fb83dc000 rw-p 0002b000 08:01 16386847                   /usr/lib/jvm/java-7-openjdk-amd64/jre/lib/amd64/libjava.so
7f3fb83dc000-7f3fb83ec000 r-xp 00000000 08:01 16386807                   /usr/lib/jvm/java-7-openjdk-amd64/jre/lib/amd64/libverify.so
7f3fb83ec000-7f3fb85eb000 ---p 00010000 08:01 16386807                   /usr/lib/jvm/java-7-openjdk-amd64/jre/lib/amd64/libverify.so
7f3fb85eb000-7f3fb85ed000 r--p 0000f000 08:01 16386807                   /usr/lib/jvm/java-7-openjdk-amd64/jre/lib/amd64/libverify.so
7f3fb85ed000-7f3fb85ee000 rw-p 00011000 08:01 16386807                   /usr/lib/jvm/java-7-openjdk-amd64/jre/lib/amd64/libverify.so
7f3fb85ee000-7f3fb85f5000 r-xp 00000000 08:01 4196965                    /lib/x86_64-linux-gnu/librt-2.19.so
7f3fb85f5000-7f3fb87f4000 ---p 00007000 08:01 4196965                    /lib/x86_64-linux-gnu/librt-2.19.so
7f3fb87f4000-7f3fb87f5000 r--p 00006000 08:01 4196965                    /lib/x86_64-linux-gnu/librt-2.19.so
7f3fb87f5000-7f3fb87f6000 rw-p 00007000 08:01 4196965                    /lib/x86_64-linux-gnu/librt-2.19.so
7f3fb87f6000-7f3fb880c000 r-xp 00000000 08:01 4194330                    /lib/x86_64-linux-gnu/libgcc_s.so.1
7f3fb880c000-7f3fb8a0b000 ---p 00016000 08:01 4194330                    /lib/x86_64-linux-gnu/libgcc_s.so.1
7f3fb8a0b000-7f3fb8a0c000 rw-p 00015000 08:01 4194330                    /lib/x86_64-linux-gnu/libgcc_s.so.1
7f3fb8a0c000-7f3fb8b11000 r-xp 00000000 08:01 4196933                    /lib/x86_64-linux-gnu/libm-2.19.so
7f3fb8b11000-7f3fb8d10000 ---p 00105000 08:01 4196933                    /lib/x86_64-linux-gnu/libm-2.19.so
7f3fb8d10000-7f3fb8d11000 r--p 00104000 08:01 4196933                    /lib/x86_64-linux-gnu/libm-2.19.so
7f3fb8d11000-7f3fb8d12000 rw-p 00105000 08:01 4196933                    /lib/x86_64-linux-gnu/libm-2.19.so
7f3fb8d12000-7f3fb8df8000 r-xp 00000000 08:01 15732885                   /usr/lib/x86_64-linux-gnu/libstdc++.so.6.0.19
7f3fb8df8000-7f3fb8ff7000 ---p 000e6000 08:01 15732885                   /usr/lib/x86_64-linux-gnu/libstdc++.so.6.0.19
7f3fb8ff7000-7f3fb8fff000 r--p 000e5000 08:01 15732885                   /usr/lib/x86_64-linux-gnu/libstdc++.so.6.0.19
7f3fb8fff000-7f3fb9001000 rw-p 000ed000 08:01 15732885                   /usr/lib/x86_64-linux-gnu/libstdc++.so.6.0.19
7f3fb9001000-7f3fb9016000 rw-p 00000000 00:00 0 
7f3fb9016000-7f3fb9b2f000 r-xp 00000000 08:01 16517065                   /usr/lib/jvm/java-7-openjdk-amd64/jre/lib/amd64/server/libjvm.so
7f3fb9b2f000-7f3fb9d2f000 ---p 00b19000 08:01 16517065                   /usr/lib/jvm/java-7-openjdk-amd64/jre/lib/amd64/server/libjvm.so
7f3fb9d2f000-7f3fb9dc9000 r--p 00b19000 08:01 16517065                   /usr/lib/jvm/java-7-openjdk-amd64/jre/lib/amd64/server/libjvm.so
7f3fb9dc9000-7f3fb9dec000 rw-p 00bb3000 08:01 16517065                   /usr/lib/jvm/java-7-openjdk-amd64/jre/lib/amd64/server/libjvm.so
7f3fb9dec000-7f3fb9e1a000 rw-p 00000000 00:00 0 
7f3fb9e1a000-7f3fb9e32000 r-xp 00000000 08:01 4198406                    /lib/x86_64-linux-gnu/libz.so.1.2.8
7f3fb9e32000-7f3fba031000 ---p 00018000 08:01 4198406                    /lib/x86_64-linux-gnu/libz.so.1.2.8
7f3fba031000-7f3fba032000 r--p 00017000 08:01 4198406                    /lib/x86_64-linux-gnu/libz.so.1.2.8
7f3fba032000-7f3fba033000 rw-p 00018000 08:01 4198406                    /lib/x86_64-linux-gnu/libz.so.1.2.8
7f3fba033000-7f3fba04c000 r-xp 00000000 08:01 4196963                    /lib/x86_64-linux-gnu/libpthread-2.19.so
7f3fba04c000-7f3fba24b000 ---p 00019000 08:01 4196963                    /lib/x86_64-linux-gnu/libpthread-2.19.so
7f3fba24b000-7f3fba24c000 r--p 00018000 08:01 4196963                    /lib/x86_64-linux-gnu/libpthread-2.19.so
7f3fba24c000-7f3fba24d000 rw-p 00019000 08:01 4196963                    /lib/x86_64-linux-gnu/libpthread-2.19.so
7f3fba24d000-7f3fba251000 rw-p 00000000 00:00 0 
7f3fba251000-7f3fba254000 r-xp 00000000 08:01 4196950                    /lib/x86_64-linux-gnu/libdl-2.19.so
7f3fba254000-7f3fba453000 ---p 00003000 08:01 4196950                    /lib/x86_64-linux-gnu/libdl-2.19.so
7f3fba453000-7f3fba454000 r--p 00002000 08:01 4196950                    /lib/x86_64-linux-gnu/libdl-2.19.so
7f3fba454000-7f3fba455000 rw-p 00003000 08:01 4196950                    /lib/x86_64-linux-gnu/libdl-2.19.so
7f3fba455000-7f3fba610000 r-xp 00000000 08:01 4196962                    /lib/x86_64-linux-gnu/libc-2.19.so
7f3fba610000-7f3fba80f000 ---p 001bb000 08:01 4196962                    /lib/x86_64-linux-gnu/libc-2.19.so
7f3fba80f000-7f3fba813000 r--p 001ba000 08:01 4196962                    /lib/x86_64-linux-gnu/libc-2.19.so
7f3fba813000-7f3fba815000 rw-p 001be000 08:01 4196962                    /lib/x86_64-linux-gnu/libc-2.19.so
7f3fba815000-7f3fba81a000 rw-p 00000000 00:00 0 
7f3fba81a000-7f3fba827000 r-xp 00000000 08:01 16515827                   /usr/lib/jvm/java-7-openjdk-amd64/jre/lib/amd64/jli/libjli.so
7f3fba827000-7f3fbaa26000 ---p 0000d000 08:01 16515827                   /usr/lib/jvm/java-7-openjdk-amd64/jre/lib/amd64/jli/libjli.so
7f3fbaa26000-7f3fbaa27000 r--p 0000c000 08:01 16515827                   /usr/lib/jvm/java-7-openjdk-amd64/jre/lib/amd64/jli/libjli.so
7f3fbaa27000-7f3fbaa28000 rw-p 0000d000 08:01 16515827                   /usr/lib/jvm/java-7-openjdk-amd64/jre/lib/amd64/jli/libjli.so
7f3fbaa28000-7f3fbaa4b000 r-xp 00000000 08:01 4196959                    /lib/x86_64-linux-gnu/ld-2.19.so
7f3fbaa4b000-7f3fbaa4c000 r--s 00000000 08:01 11141369                   /root/.gradle/wrapper/dists/gradle-2.8-all/ah86jmo43de9lfa8xg9ux3c4h/gradle-2.8/lib/jcip-annotations-1.0.jar
7f3fbaa4c000-7f3fbaa51000 r--s 00041000 08:01 11141361                   /root/.gradle/wrapper/dists/gradle-2.8-all/ah86jmo43de9lfa8xg9ux3c4h/gradle-2.8/lib/commons-lang-2.6.jar
7f3fbaa51000-7f3fbaa58000 r--s 00032000 08:01 11141353                   /root/.gradle/wrapper/dists/gradle-2.8-all/ah86jmo43de9lfa8xg9ux3c4h/gradle-2.8/lib/gradle-base-services-2.8.jar
7f3fbaa58000-7f3fbaa62000 r--s 0004a000 08:01 11141351                   /root/.gradle/wrapper/dists/gradle-2.8-all/ah86jmo43de9lfa8xg9ux3c4h/gradle-2.8/lib/gradle-launcher-2.8.jar
7f3fbaa62000-7f3fbaa6e000 rw-p 00000000 00:00 0 
7f3fbaa6e000-7f3fbab22000 rw-p 00000000 00:00 0 
7f3fbab22000-7f3fbab25000 ---p 00000000 00:00 0 
7f3fbab25000-7f3fbac28000 rw-p 00000000 00:00 0                          [stack:13299]
7f3fbac28000-7f3fbac29000 r--s 00007000 08:01 11141359                   /root/.gradle/wrapper/dists/gradle-2.8-all/ah86jmo43de9lfa8xg9ux3c4h/gradle-2.8/lib/slf4j-api-1.7.10.jar
7f3fbac29000-7f3fbac2a000 r--s 00004000 08:01 11141385                   /root/.gradle/wrapper/dists/gradle-2.8-all/ah86jmo43de9lfa8xg9ux3c4h/gradle-2.8/lib/ant-launcher-1.9.3.jar
7f3fbac2a000-7f3fbac2c000 r--s 00006000 08:01 16127441                   /usr/share/java/java-atk-wrapper.jar
7f3fbac2c000-7f3fbac2e000 r--s 00012000 08:01 16386689                   /usr/lib/jvm/java-7-openjdk-amd64/jre/lib/ext/zipfs.jar
7f3fbac2e000-7f3fbac32000 r--s 00034000 08:01 16386685                   /usr/lib/jvm/java-7-openjdk-amd64/jre/lib/ext/sunjce_provider.jar
7f3fbac32000-7f3fbac35000 r--s 0000f000 08:01 16386688                   /usr/lib/jvm/java-7-openjdk-amd64/jre/lib/ext/icedtea-sound.jar
7f3fbac35000-7f3fbac39000 r--s 00085000 08:01 16386683                   /usr/lib/jvm/java-7-openjdk-amd64/jre/lib/ext/localedata.jar
7f3fbac39000-7f3fbac3d000 r--s 0003c000 08:01 16386686                   /usr/lib/jvm/java-7-openjdk-amd64/jre/lib/ext/sunpkcs11.jar
7f3fbac3d000-7f3fbac3e000 r--s 00002000 08:01 16386684                   /usr/lib/jvm/java-7-openjdk-amd64/jre/lib/ext/dnsns.jar
7f3fbac3e000-7f3fbac46000 rw-s 00000000 08:01 21110498                   /tmp/hsperfdata_root/13295
7f3fbac46000-7f3fbac47000 rw-p 00000000 00:00 0 
7f3fbac47000-7f3fbac48000 ---p 00000000 00:00 0 
7f3fbac48000-7f3fbac4a000 rw-p 00000000 00:00 0 
7f3fbac4a000-7f3fbac4b000 r--p 00022000 08:01 4196959                    /lib/x86_64-linux-gnu/ld-2.19.so
7f3fbac4b000-7f3fbac4c000 rw-p 00023000 08:01 4196959                    /lib/x86_64-linux-gnu/ld-2.19.so
7f3fbac4c000-7f3fbac4d000 rw-p 00000000 00:00 0 
7fff7b87f000-7fff7b8a0000 rw-p 00000000 00:00 0                          [stack]
7fff7b9e0000-7fff7b9e2000 r-xp 00000000 00:00 0                          [vdso]
ffffffffff600000-ffffffffff601000 r-xp 00000000 00:00 0                  [vsyscall]

VM Arguments:
jvm_args: -XX:MaxPermSize=256m -XX:+HeapDumpOnOutOfMemoryError -Xmx1024m -Dfile.encoding=UTF-8 -Duser.country=IN -Duser.language=en -Duser.variant 
java_command: org.gradle.launcher.daemon.bootstrap.GradleDaemon 2.8
Launcher Type: SUN_STANDARD

Environment Variables:
PATH=/usr/local/sbin:/usr/local/bin:/usr/sbin:/usr/bin:/sbin:/bin
USERNAME=root
LD_LIBRARY_PATH=bin:
SHELL=/bin/bash
DISPLAY=:0

Signal Handlers:
SIGSEGV: [libjvm.so+0x94bab0], sa_mask[0]=0x7ffbfeff, sa_flags=0x10000004
SIGBUS: [libjvm.so+0x94bab0], sa_mask[0]=0x7ffbfeff, sa_flags=0x10000004
SIGFPE: [libjvm.so+0x7c38b0], sa_mask[0]=0x7ffbfeff, sa_flags=0x10000004
SIGPIPE: [libjvm.so+0x7c38b0], sa_mask[0]=0x7ffbfeff, sa_flags=0x10000004
SIGXFSZ: [libjvm.so+0x7c38b0], sa_mask[0]=0x7ffbfeff, sa_flags=0x10000004
SIGILL: [libjvm.so+0x7c38b0], sa_mask[0]=0x7ffbfeff, sa_flags=0x10000004
SIGUSR1: SIG_DFL, sa_mask[0]=0x00000000, sa_flags=0x00000000
SIGUSR2: [libjvm.so+0x7c3750], sa_mask[0]=0x00000004, sa_flags=0x10000004
SIGHUP: [libjvm.so+0x7c3930], sa_mask[0]=0x7ffbfeff, sa_flags=0x10000004
SIGINT: [libjvm.so+0x7c3930], sa_mask[0]=0x7ffbfeff, sa_flags=0x10000004
SIGTERM: [libjvm.so+0x7c3930], sa_mask[0]=0x7ffbfeff, sa_flags=0x10000004
SIGQUIT: [libjvm.so+0x7c3930], sa_mask[0]=0x7ffbfeff, sa_flags=0x10000004
SIGTRAP: SIG_DFL, sa_mask[0]=0x00000000, sa_flags=0x00000000


---------------  S Y S T E M  ---------------

OS:Ubuntu 14.04 (trusty)
uname:Linux 3.13.9 #2 SMP Tue May 20 09:57:03 CDT 2014 x86_64
libc:glibc 2.19 NPTL 2.19 
rlimit: STACK 8192k, CORE 0k, NPROC 93768, NOFILE 4096, AS infinity
load average:0.35 0.48 0.56

/proc/meminfo:
MemTotal:       12023732 kB
MemFree:         2988360 kB
Buffers:         1003084 kB
Cached:          3091320 kB
SwapCached:            0 kB
Active:          6081788 kB
Inactive:        1842604 kB
Active(anon):    3832184 kB
Inactive(anon):   740348 kB
Active(file):    2249604 kB
Inactive(file):  1102256 kB
Unevictable:          64 kB
Mlocked:              64 kB
SwapTotal:       8100860 kB
SwapFree:        8100860 kB
Dirty:               156 kB
Writeback:             0 kB
AnonPages:       3830100 kB
Mapped:           469352 kB
Shmem:            742548 kB
Slab:             928980 kB
SReclaimable:     871404 kB
SUnreclaim:        57576 kB
KernelStack:        6064 kB
PageTables:        49076 kB
NFS_Unstable:          0 kB
Bounce:                0 kB
WritebackTmp:          0 kB
CommitLimit:    14112724 kB
Committed_AS:    9758876 kB
VmallocTotal:   34359738367 kB
VmallocUsed:      374700 kB
VmallocChunk:   34359351384 kB
HardwareCorrupted:     0 kB
AnonHugePages:   2201600 kB
HugePages_Total:       0
HugePages_Free:        0
HugePages_Rsvd:        0
HugePages_Surp:        0
Hugepagesize:       2048 kB
DirectMap4k:       72804 kB
DirectMap2M:     4884480 kB
DirectMap1G:     7340032 kB


CPU:total 4 (2 cores per cpu, 2 threads per core) family 6 model 60 stepping 3, cmov, cx8, fxsr, mmx, sse, sse2, sse3, ssse3, sse4.1, sse4.2, popcnt, avx, avx2, aes, erms, ht, tsc, tscinvbit

/proc/cpuinfo:
processor	: 0
vendor_id	: GenuineIntel
cpu family	: 6
model		: 60
model name	: Intel(R) Core(TM) i5-4200M CPU @ 2.50GHz
stepping	: 3
microcode	: 0x17
cpu MHz		: 1200.000
cache size	: 3072 KB
physical id	: 0
siblings	: 4
core id		: 0
cpu cores	: 2
apicid		: 0
initial apicid	: 0
fpu		: yes
fpu_exception	: yes
cpuid level	: 13
wp		: yes
flags		: fpu vme de pse tsc msr pae mce cx8 apic sep mtrr pge mca cmov pat pse36 clflush dts acpi mmx fxsr sse sse2 ss ht tm pbe syscall nx pdpe1gb rdtscp lm constant_tsc arch_perfmon pebs bts rep_good nopl xtopology nonstop_tsc aperfmperf eagerfpu pni pclmulqdq dtes64 monitor ds_cpl vmx est tm2 ssse3 fma cx16 xtpr pdcm pcid sse4_1 sse4_2 movbe popcnt tsc_deadline_timer aes xsave avx f16c rdrand lahf_lm abm ida arat epb xsaveopt pln pts dtherm tpr_shadow vnmi flexpriority ept vpid fsgsbase tsc_adjust bmi1 avx2 smep bmi2 erms invpcid
bogomips	: 4988.19
clflush size	: 64
cache_alignment	: 64
address sizes	: 39 bits physical, 48 bits virtual
power management:

processor	: 1
vendor_id	: GenuineIntel
cpu family	: 6
model		: 60
model name	: Intel(R) Core(TM) i5-4200M CPU @ 2.50GHz
stepping	: 3
microcode	: 0x17
cpu MHz		: 1000.000
cache size	: 3072 KB
physical id	: 0
siblings	: 4
core id		: 0
cpu cores	: 2
apicid		: 1
initial apicid	: 1
fpu		: yes
fpu_exception	: yes
cpuid level	: 13
wp		: yes
flags		: fpu vme de pse tsc msr pae mce cx8 apic sep mtrr pge mca cmov pat pse36 clflush dts acpi mmx fxsr sse sse2 ss ht tm pbe syscall nx pdpe1gb rdtscp lm constant_tsc arch_perfmon pebs bts rep_good nopl xtopology nonstop_tsc aperfmperf eagerfpu pni pclmulqdq dtes64 monitor ds_cpl vmx est tm2 ssse3 fma cx16 xtpr pdcm pcid sse4_1 sse4_2 movbe popcnt tsc_deadline_timer aes xsave avx f16c rdrand lahf_lm abm ida arat epb xsaveopt pln pts dtherm tpr_shadow vnmi flexpriority ept vpid fsgsbase tsc_adjust bmi1 avx2 smep bmi2 erms invpcid
bogomips	: 4988.19
clflush size	: 64
cache_alignment	: 64
address sizes	: 39 bits physical, 48 bits virtual
power management:

processor	: 2
vendor_id	: GenuineIntel
cpu family	: 6
model		: 60
model name	: Intel(R) Core(TM) i5-4200M CPU @ 2.50GHz
stepping	: 3
microcode	: 0x17
cpu MHz		: 2501.000
cache size	: 3072 KB
physical id	: 0
siblings	: 4
core id		: 1
cpu cores	: 2
apicid		: 2
initial apicid	: 2
fpu		: yes
fpu_exception	: yes
cpuid level	: 13
wp		: yes
flags		: fpu vme de pse tsc msr pae mce cx8 apic sep mtrr pge mca cmov pat pse36 clflush dts acpi mmx fxsr sse sse2 ss ht tm pbe syscall nx pdpe1gb rdtscp lm constant_tsc arch_perfmon pebs bts rep_good nopl xtopology nonstop_tsc aperfmperf eagerfpu pni pclmulqdq dtes64 monitor ds_cpl vmx est tm2 ssse3 fma cx16 xtpr pdcm pcid sse4_1 sse4_2 movbe popcnt tsc_deadline_timer aes xsave avx f16c rdrand lahf_lm abm ida arat epb xsaveopt pln pts dtherm tpr_shadow vnmi flexpriority ept vpid fsgsbase tsc_adjust bmi1 avx2 smep bmi2 erms invpcid
bogomips	: 4988.19
clflush size	: 64
cache_alignment	: 64
address sizes	: 39 bits physical, 48 bits virtual
power management:

processor	: 3
vendor_id	: GenuineIntel
cpu family	: 6
model		: 60
model name	: Intel(R) Core(TM) i5-4200M CPU @ 2.50GHz
stepping	: 3
microcode	: 0x17
cpu MHz		: 2501.000
cache size	: 3072 KB
physical id	: 0
siblings	: 4
core id		: 1
cpu cores	: 2
apicid		: 3
initial apicid	: 3
fpu		: yes
fpu_exception	: yes
cpuid level	: 13
wp		: yes
flags		: fpu vme de pse tsc msr pae mce cx8 apic sep mtrr pge mca cmov pat pse36 clflush dts acpi mmx fxsr sse sse2 ss ht tm pbe syscall nx pdpe1gb rdtscp lm constant_tsc arch_perfmon pebs bts rep_good nopl xtopology nonstop_tsc aperfmperf eagerfpu pni pclmulqdq dtes64 monitor ds_cpl vmx est tm2 ssse3 fma cx16 xtpr pdcm pcid sse4_1 sse4_2 movbe popcnt tsc_deadline_timer aes xsave avx f16c rdrand lahf_lm abm ida arat epb xsaveopt pln pts dtherm tpr_shadow vnmi flexpriority ept vpid fsgsbase tsc_adjust bmi1 avx2 smep bmi2 erms invpcid
bogomips	: 4988.19
clflush size	: 64
cache_alignment	: 64
address sizes	: 39 bits physical, 48 bits virtual
power management:



Memory: 4k page, physical 12023732k(2988360k free), swap 8100860k(8100860k free)

vm_info: OpenJDK 64-Bit Server VM (24.79-b02) for linux-amd64 JRE (1.7.0_79-b14), built on Jul 24 2015 08:15:54 by "buildd" with gcc 4.8.2

time: Thu Mar 17 12:30:55 2016
elapsed time: 3 seconds

